<?xml version="1.0" encoding="UTF-8" standalone="yes"?><!DOCTYPE report PUBLIC "-//JACOCO//DTD Report 1.1//EN" "report.dtd"><report name="tangogo"><sessioninfo id="Serenas-MacBook.local-621c5208" start="1611478234376" dump="1611478237095"/><package name="com/example"><class name="com/example/CompanyBankAccount" sourcefilename="CompanyBankAccount.java"><method name="&lt;init&gt;" desc="()V" line="10"><counter type="INSTRUCTION" missed="0" covered="10"/><counter type="LINE" missed="0" covered="4"/><counter type="COMPLEXITY" missed="0" covered="1"/><counter type="METHOD" missed="0" covered="1"/></method><method name="initiateMockRecords" desc="()V" line="21"><counter type="INSTRUCTION" missed="46" covered="0"/><counter type="LINE" missed="6" covered="0"/><counter type="COMPLEXITY" missed="1" covered="0"/><counter type="METHOD" missed="1" covered="0"/></method><method name="initiateCoyCashinBankRecords" desc="()V" line="29"><counter type="INSTRUCTION" missed="0" covered="6"/><counter type="LINE" missed="0" covered="3"/><counter type="COMPLEXITY" missed="0" covered="1"/><counter type="METHOD" missed="0" covered="1"/></method><method name="initiateTestRecords" desc="()V" line="34"><counter type="INSTRUCTION" missed="0" covered="6341"/><counter type="LINE" missed="0" covered="635"/><counter type="COMPLEXITY" missed="0" covered="1"/><counter type="METHOD" missed="0" covered="1"/></method><method name="getCoyCashinBankRecords" desc="()Ljava/util/ArrayList;" line="671"><counter type="INSTRUCTION" missed="0" covered="3"/><counter type="LINE" missed="0" covered="1"/><counter type="COMPLEXITY" missed="0" covered="1"/><counter type="METHOD" missed="0" covered="1"/></method><method name="getRecordSize" desc="()I" line="675"><counter type="INSTRUCTION" missed="0" covered="4"/><counter type="LINE" missed="0" covered="1"/><counter type="COMPLEXITY" missed="0" covered="1"/><counter type="METHOD" missed="0" covered="1"/></method><method name="getNETSSummary" desc="()Ljava/util/Map;" line="680"><counter type="INSTRUCTION" missed="0" covered="20"/><counter type="LINE" missed="0" covered="7"/><counter type="COMPLEXITY" missed="0" covered="1"/><counter type="METHOD" missed="0" covered="1"/></method><method name="lambda$getNETSSummary$0" desc="(Lcom/example/Transaction;)Z" line="681"><counter type="INSTRUCTION" missed="0" covered="5"/><counter type="LINE" missed="0" covered="1"/><counter type="COMPLEXITY" missed="0" covered="1"/><counter type="METHOD" missed="0" covered="1"/></method><counter type="INSTRUCTION" missed="46" covered="6389"/><counter type="LINE" missed="6" covered="651"/><counter type="COMPLEXITY" missed="1" covered="7"/><counter type="METHOD" missed="1" covered="7"/><counter type="CLASS" missed="0" covered="1"/></class><class name="com/example/ReconciliationTool" sourcefilename="ReconciliationTool.java"><method name="&lt;init&gt;" desc="(Ljava/util/ArrayList;Ljava/util/ArrayList;)V" line="14"><counter type="INSTRUCTION" missed="0" covered="34"/><counter type="LINE" missed="0" covered="10"/><counter type="COMPLEXITY" missed="0" covered="1"/><counter type="METHOD" missed="0" covered="1"/></method><method name="getArray1Balance" desc="()D" line="35"><counter type="INSTRUCTION" missed="0" covered="21"/><counter type="BRANCH" missed="0" covered="2"/><counter type="LINE" missed="0" covered="5"/><counter type="COMPLEXITY" missed="0" covered="2"/><counter type="METHOD" missed="0" covered="1"/></method><method name="getArray2Balance" desc="()D" line="45"><counter type="INSTRUCTION" missed="0" covered="21"/><counter type="BRANCH" missed="0" covered="2"/><counter type="LINE" missed="0" covered="5"/><counter type="COMPLEXITY" missed="0" covered="2"/><counter type="METHOD" missed="0" covered="1"/></method><method name="initiateCheckList" desc="()V" line="55"><counter type="INSTRUCTION" missed="0" covered="13"/><counter type="LINE" missed="0" covered="3"/><counter type="COMPLEXITY" missed="0" covered="1"/><counter type="METHOD" missed="0" covered="1"/></method><method name="getArr1PendingReconTxn" desc="(DLjava/lang/String;)Lcom/example/Transaction;" line="61"><counter type="INSTRUCTION" missed="26" covered="0"/><counter type="BRANCH" missed="6" covered="0"/><counter type="LINE" missed="5" covered="0"/><counter type="COMPLEXITY" missed="4" covered="0"/><counter type="METHOD" missed="1" covered="0"/></method><method name="runRecon" desc="()V" line="75"><counter type="INSTRUCTION" missed="0" covered="53"/><counter type="LINE" missed="0" covered="17"/><counter type="COMPLEXITY" missed="0" covered="1"/><counter type="METHOD" missed="0" covered="1"/></method><method name="reconTransaction_forLumpsumCharges" desc="(Ljava/util/Map;Ljava/lang/String;)V" line="112"><counter type="INSTRUCTION" missed="0" covered="73"/><counter type="BRANCH" missed="0" covered="2"/><counter type="LINE" missed="0" covered="17"/><counter type="COMPLEXITY" missed="0" covered="2"/><counter type="METHOD" missed="0" covered="1"/></method><method name="reconTransaction_forCheques" desc="(Ljava/lang/String;DLjava/lang/String;)V" line="149"><counter type="INSTRUCTION" missed="0" covered="24"/><counter type="BRANCH" missed="0" covered="2"/><counter type="LINE" missed="0" covered="8"/><counter type="COMPLEXITY" missed="0" covered="2"/><counter type="METHOD" missed="0" covered="1"/></method><method name="reconTransaction_forLTA" desc="(Ljava/lang/String;DLjava/lang/String;)V" line="165"><counter type="INSTRUCTION" missed="0" covered="27"/><counter type="BRANCH" missed="0" covered="2"/><counter type="LINE" missed="0" covered="8"/><counter type="COMPLEXITY" missed="0" covered="2"/><counter type="METHOD" missed="0" covered="1"/></method><method name="reconTransaction_forAllByDateAndAmount" desc="(DLjava/lang/String;Ljava/lang/String;)Lcom/example/Transaction;" line="182"><counter type="INSTRUCTION" missed="0" covered="22"/><counter type="BRANCH" missed="0" covered="2"/><counter type="LINE" missed="0" covered="7"/><counter type="COMPLEXITY" missed="0" covered="2"/><counter type="METHOD" missed="0" covered="1"/></method><method name="reconTransaction_SuggestedMayMatches" desc="(Lcom/example/Transaction;)V" line="201"><counter type="INSTRUCTION" missed="0" covered="32"/><counter type="BRANCH" missed="0" covered="2"/><counter type="LINE" missed="0" covered="10"/><counter type="COMPLEXITY" missed="0" covered="2"/><counter type="METHOD" missed="0" covered="1"/></method><method name="runReconForNETSTransactions" desc="(Ljava/util/Map;)V" line="227"><counter type="INSTRUCTION" missed="0" covered="59"/><counter type="BRANCH" missed="0" covered="4"/><counter type="LINE" missed="0" covered="16"/><counter type="COMPLEXITY" missed="0" covered="3"/><counter type="METHOD" missed="0" covered="1"/></method><method name="reconTransactionInArr1" desc="(Lcom/example/Transaction;Ljava/lang/String;)V" line="257"><counter type="INSTRUCTION" missed="0" covered="10"/><counter type="LINE" missed="0" covered="3"/><counter type="COMPLEXITY" missed="0" covered="1"/><counter type="METHOD" missed="0" covered="1"/></method><method name="reconTransactionInArr2_forNETS" desc="(Lcom/example/Transaction;)V" line="262"><counter type="INSTRUCTION" missed="0" covered="32"/><counter type="BRANCH" missed="0" covered="2"/><counter type="LINE" missed="0" covered="8"/><counter type="COMPLEXITY" missed="0" covered="2"/><counter type="METHOD" missed="0" covered="1"/></method><method name="updateReconciledRecords" desc="(Lcom/example/Transaction;Ljava/lang/String;Ljava/util/ArrayList;)V" line="278"><counter type="INSTRUCTION" missed="0" covered="33"/><counter type="BRANCH" missed="1" covered="1"/><counter type="LINE" missed="0" covered="10"/><counter type="COMPLEXITY" missed="1" covered="1"/><counter type="METHOD" missed="0" covered="1"/></method><method name="printRecordsSummary" desc="(Ljava/util/ArrayList;Ljava/util/ArrayList;Ljava/lang/String;)V" line="296"><counter type="INSTRUCTION" missed="0" covered="5"/><counter type="LINE" missed="0" covered="2"/><counter type="COMPLEXITY" missed="0" covered="1"/><counter type="METHOD" missed="0" covered="1"/></method><method name="printRecords" desc="(Ljava/util/ArrayList;Ljava/lang/String;)V" line="299"><counter type="INSTRUCTION" missed="0" covered="4"/><counter type="LINE" missed="0" covered="2"/><counter type="COMPLEXITY" missed="0" covered="1"/><counter type="METHOD" missed="0" covered="1"/></method><method name="printRecords" desc="(Ljava/util/List;Ljava/lang/String;)V" line="302"><counter type="INSTRUCTION" missed="0" covered="4"/><counter type="LINE" missed="0" covered="2"/><counter type="COMPLEXITY" missed="0" covered="1"/><counter type="METHOD" missed="0" covered="1"/></method><method name="printRecords" desc="(Lcom/example/Transaction;Ljava/lang/String;)V" line="305"><counter type="INSTRUCTION" missed="0" covered="4"/><counter type="LINE" missed="0" covered="2"/><counter type="COMPLEXITY" missed="0" covered="1"/><counter type="METHOD" missed="0" covered="1"/></method><method name="lambda$updateReconciledRecords$16" desc="(Ljava/lang/String;Lcom/example/Transaction;)Z" line="279"><counter type="INSTRUCTION" missed="0" covered="5"/><counter type="LINE" missed="0" covered="1"/><counter type="COMPLEXITY" missed="0" covered="1"/><counter type="METHOD" missed="0" covered="1"/></method><method name="lambda$reconTransactionInArr2_forNETS$15" desc="(Lcom/example/Transaction;Lcom/example/Transaction;)Z" line="263"><counter type="INSTRUCTION" missed="0" covered="18"/><counter type="BRANCH" missed="0" covered="4"/><counter type="LINE" missed="0" covered="2"/><counter type="COMPLEXITY" missed="0" covered="3"/><counter type="METHOD" missed="0" covered="1"/></method><method name="lambda$runReconForNETSTransactions$14" desc="(DLjava/lang/String;Lcom/example/Transaction;)Z" line="240"><counter type="INSTRUCTION" missed="0" covered="22"/><counter type="BRANCH" missed="1" covered="5"/><counter type="LINE" missed="0" covered="3"/><counter type="COMPLEXITY" missed="1" covered="3"/><counter type="METHOD" missed="0" covered="1"/></method><method name="lambda$reconTransaction_SuggestedMayMatches$13" desc="(Lcom/example/Transaction;Lcom/example/Transaction;)Z" line="202"><counter type="INSTRUCTION" missed="0" covered="18"/><counter type="BRANCH" missed="1" covered="5"/><counter type="LINE" missed="0" covered="2"/><counter type="COMPLEXITY" missed="1" covered="3"/><counter type="METHOD" missed="0" covered="1"/></method><method name="lambda$reconTransaction_forAllByDateAndAmount$12" desc="(DLjava/lang/String;Lcom/example/Transaction;)Z" line="183"><counter type="INSTRUCTION" missed="0" covered="26"/><counter type="BRANCH" missed="1" covered="9"/><counter type="LINE" missed="0" covered="4"/><counter type="COMPLEXITY" missed="1" covered="5"/><counter type="METHOD" missed="0" covered="1"/></method><method name="lambda$reconTransaction_forLTA$11" desc="(Ljava/lang/String;DLcom/example/Transaction;)Z" line="166"><counter type="INSTRUCTION" missed="0" covered="21"/><counter type="BRANCH" missed="1" covered="7"/><counter type="LINE" missed="0" covered="2"/><counter type="COMPLEXITY" missed="1" covered="4"/><counter type="METHOD" missed="0" covered="1"/></method><method name="lambda$reconTransaction_forCheques$10" desc="(Ljava/lang/String;DLcom/example/Transaction;)Z" line="150"><counter type="INSTRUCTION" missed="0" covered="14"/><counter type="BRANCH" missed="0" covered="4"/><counter type="LINE" missed="0" covered="1"/><counter type="COMPLEXITY" missed="0" covered="3"/><counter type="METHOD" missed="0" covered="1"/></method><method name="lambda$reconTransaction_forLumpsumCharges$9" desc="(Ljava/lang/String;Lcom/example/Transaction;)V" line="137"><counter type="INSTRUCTION" missed="3" covered="16"/><counter type="LINE" missed="2" covered="4"/><counter type="COMPLEXITY" missed="0" covered="1"/><counter type="METHOD" missed="0" covered="1"/></method><method name="lambda$reconTransaction_forLumpsumCharges$8" desc="(Ljava/lang/String;Ljava/lang/String;Lcom/example/Transaction;)Z" line="131"><counter type="INSTRUCTION" missed="0" covered="14"/><counter type="BRANCH" missed="0" covered="4"/><counter type="LINE" missed="0" covered="2"/><counter type="COMPLEXITY" missed="0" covered="3"/><counter type="METHOD" missed="0" covered="1"/></method><method name="lambda$reconTransaction_forLumpsumCharges$7" desc="(Ljava/lang/String;Lcom/example/Transaction;)Z" line="113"><counter type="INSTRUCTION" missed="0" covered="12"/><counter type="BRANCH" missed="1" covered="3"/><counter type="LINE" missed="0" covered="1"/><counter type="COMPLEXITY" missed="1" covered="2"/><counter type="METHOD" missed="0" covered="1"/></method><method name="lambda$runRecon$6" desc="(Lcom/example/Transaction;)Z" line="101"><counter type="INSTRUCTION" missed="0" covered="12"/><counter type="BRANCH" missed="1" covered="3"/><counter type="LINE" missed="0" covered="2"/><counter type="COMPLEXITY" missed="1" covered="2"/><counter type="METHOD" missed="0" covered="1"/></method><method name="lambda$runRecon$5" desc="(Lcom/example/Transaction;)V" line="97"><counter type="INSTRUCTION" missed="0" covered="10"/><counter type="LINE" missed="0" covered="1"/><counter type="COMPLEXITY" missed="0" covered="1"/><counter type="METHOD" missed="0" covered="1"/></method><method name="lambda$runRecon$4" desc="(Lcom/example/Transaction;)Z" line="93"><counter type="INSTRUCTION" missed="0" covered="12"/><counter type="BRANCH" missed="1" covered="3"/><counter type="LINE" missed="0" covered="2"/><counter type="COMPLEXITY" missed="1" covered="2"/><counter type="METHOD" missed="0" covered="1"/></method><method name="lambda$runRecon$3" desc="(Lcom/example/Transaction;)V" line="89"><counter type="INSTRUCTION" missed="0" covered="9"/><counter type="LINE" missed="0" covered="1"/><counter type="COMPLEXITY" missed="0" covered="1"/><counter type="METHOD" missed="0" covered="1"/></method><method name="lambda$runRecon$2" desc="(Lcom/example/Transaction;)Z" line="84"><counter type="INSTRUCTION" missed="0" covered="19"/><counter type="BRANCH" missed="2" covered="4"/><counter type="LINE" missed="0" covered="3"/><counter type="COMPLEXITY" missed="2" covered="2"/><counter type="METHOD" missed="0" covered="1"/></method><method name="lambda$runRecon$1" desc="(Lcom/example/Transaction;)V" line="80"><counter type="INSTRUCTION" missed="0" covered="9"/><counter type="LINE" missed="0" covered="1"/><counter type="COMPLEXITY" missed="0" covered="1"/><counter type="METHOD" missed="0" covered="1"/></method><method name="lambda$runRecon$0" desc="(Lcom/example/Transaction;)Z" line="76"><counter type="INSTRUCTION" missed="0" covered="11"/><counter type="BRANCH" missed="1" covered="3"/><counter type="LINE" missed="0" covered="1"/><counter type="COMPLEXITY" missed="1" covered="2"/><counter type="METHOD" missed="0" covered="1"/></method><counter type="INSTRUCTION" missed="29" covered="719"/><counter type="BRANCH" missed="17" covered="75"/><counter type="LINE" missed="7" covered="152"/><counter type="COMPLEXITY" missed="15" covered="67"/><counter type="METHOD" missed="1" covered="35"/><counter type="CLASS" missed="0" covered="1"/></class><class name="com/example/BankStatement" sourcefilename="BankStatement.java"><method name="&lt;init&gt;" desc="()V" line="11"><counter type="INSTRUCTION" missed="0" covered="22"/><counter type="LINE" missed="0" covered="7"/><counter type="COMPLEXITY" missed="0" covered="1"/><counter type="METHOD" missed="0" covered="1"/></method><method name="&lt;init&gt;" desc="(Ljava/lang/String;)V" line="11"><counter type="INSTRUCTION" missed="0" covered="50"/><counter type="LINE" missed="0" covered="11"/><counter type="COMPLEXITY" missed="0" covered="1"/><counter type="METHOD" missed="0" covered="1"/></method><method name="setStatementPeriod" desc="(II)Ljava/lang/String;" line="37"><counter type="INSTRUCTION" missed="0" covered="33"/><counter type="LINE" missed="0" covered="4"/><counter type="COMPLEXITY" missed="0" covered="1"/><counter type="METHOD" missed="0" covered="1"/></method><method name="getStatementPeriod" desc="()Ljava/lang/String;" line="45"><counter type="INSTRUCTION" missed="0" covered="3"/><counter type="LINE" missed="0" covered="1"/><counter type="COMPLEXITY" missed="0" covered="1"/><counter type="METHOD" missed="0" covered="1"/></method><method name="initiateMockRecords" desc="()I" line="52"><counter type="INSTRUCTION" missed="64" covered="0"/><counter type="LINE" missed="9" covered="0"/><counter type="COMPLEXITY" missed="1" covered="0"/><counter type="METHOD" missed="1" covered="0"/></method><method name="initiateThisMonthStatement" desc="(Ljava/lang/String;)I" line="68"><counter type="INSTRUCTION" missed="0" covered="16"/><counter type="LINE" missed="0" covered="4"/><counter type="COMPLEXITY" missed="0" covered="1"/><counter type="METHOD" missed="0" covered="1"/></method><method name="getBankRecordsSize" desc="()I" line="84"><counter type="INSTRUCTION" missed="0" covered="4"/><counter type="LINE" missed="0" covered="1"/><counter type="COMPLEXITY" missed="0" covered="1"/><counter type="METHOD" missed="0" covered="1"/></method><method name="getBankRecords" desc="()Ljava/util/ArrayList;" line="87"><counter type="INSTRUCTION" missed="0" covered="3"/><counter type="LINE" missed="0" covered="1"/><counter type="COMPLEXITY" missed="0" covered="1"/><counter type="METHOD" missed="0" covered="1"/></method><method name="getChargesSumByDate" desc="(Ljava/lang/String;)Ljava/util/Map;" line="92"><counter type="INSTRUCTION" missed="0" covered="21"/><counter type="LINE" missed="0" covered="7"/><counter type="COMPLEXITY" missed="0" covered="1"/><counter type="METHOD" missed="0" covered="1"/></method><method name="initiateTestRecords" desc="()V" line="105"><counter type="INSTRUCTION" missed="0" covered="7414"/><counter type="LINE" missed="0" covered="572"/><counter type="COMPLEXITY" missed="0" covered="1"/><counter type="METHOD" missed="0" covered="1"/></method><method name="getBankRecordsBalance" desc="()D" line="681"><counter type="INSTRUCTION" missed="3" covered="26"/><counter type="BRANCH" missed="0" covered="2"/><counter type="LINE" missed="2" covered="6"/><counter type="COMPLEXITY" missed="0" covered="2"/><counter type="METHOD" missed="0" covered="1"/></method><method name="lambda$getChargesSumByDate$0" desc="(Ljava/lang/String;Lcom/example/Transaction;)Z" line="93"><counter type="INSTRUCTION" missed="0" covered="5"/><counter type="LINE" missed="0" covered="1"/><counter type="COMPLEXITY" missed="0" covered="1"/><counter type="METHOD" missed="0" covered="1"/></method><counter type="INSTRUCTION" missed="67" covered="7597"/><counter type="BRANCH" missed="0" covered="2"/><counter type="LINE" missed="11" covered="609"/><counter type="COMPLEXITY" missed="1" covered="12"/><counter type="METHOD" missed="1" covered="11"/><counter type="CLASS" missed="0" covered="1"/></class><class name="com/example/Transaction" sourcefilename="Transaction.java"><method name="&lt;init&gt;" desc="()V" line="12"><counter type="INSTRUCTION" missed="0" covered="57"/><counter type="LINE" missed="0" covered="20"/><counter type="COMPLEXITY" missed="0" covered="1"/><counter type="METHOD" missed="0" covered="1"/></method><method name="&lt;init&gt;" desc="(DLjava/lang/String;)V" line="12"><counter type="INSTRUCTION" missed="63" covered="0"/><counter type="LINE" missed="22" covered="0"/><counter type="COMPLEXITY" missed="1" covered="0"/><counter type="METHOD" missed="1" covered="0"/></method><method name="&lt;init&gt;" desc="(DLjava/lang/String;Ljava/lang/String;)V" line="12"><counter type="INSTRUCTION" missed="0" covered="82"/><counter type="BRANCH" missed="2" covered="4"/><counter type="LINE" missed="0" covered="25"/><counter type="COMPLEXITY" missed="2" covered="2"/><counter type="METHOD" missed="0" covered="1"/></method><method name="&lt;init&gt;" desc="(DLjava/lang/String;Ljava/lang/String;Ljava/lang/String;Ljava/lang/String;Ljava/lang/String;)V" line="12"><counter type="INSTRUCTION" missed="0" covered="177"/><counter type="BRANCH" missed="9" covered="23"/><counter type="LINE" missed="0" covered="45"/><counter type="COMPLEXITY" missed="9" covered="8"/><counter type="METHOD" missed="0" covered="1"/></method><method name="setThisAsNETSTransaction" desc="()V" line="103"><counter type="INSTRUCTION" missed="0" covered="17"/><counter type="BRANCH" missed="1" covered="3"/><counter type="LINE" missed="0" covered="4"/><counter type="COMPLEXITY" missed="1" covered="2"/><counter type="METHOD" missed="0" covered="1"/></method><method name="getTransactionRefIDString" desc="()Ljava/lang/String;" line="112"><counter type="INSTRUCTION" missed="0" covered="3"/><counter type="LINE" missed="0" covered="1"/><counter type="COMPLEXITY" missed="0" covered="1"/><counter type="METHOD" missed="0" covered="1"/></method><method name="getTransactionAmount" desc="()D" line="115"><counter type="INSTRUCTION" missed="0" covered="3"/><counter type="LINE" missed="0" covered="1"/><counter type="COMPLEXITY" missed="0" covered="1"/><counter type="METHOD" missed="0" covered="1"/></method><method name="getTransactionDate" desc="()Ljava/lang/String;" line="117"><counter type="INSTRUCTION" missed="0" covered="3"/><counter type="LINE" missed="0" covered="1"/><counter type="COMPLEXITY" missed="0" covered="1"/><counter type="METHOD" missed="0" covered="1"/></method><method name="getTransactionChannel" desc="()Ljava/lang/String;" line="119"><counter type="INSTRUCTION" missed="0" covered="3"/><counter type="LINE" missed="0" covered="1"/><counter type="COMPLEXITY" missed="0" covered="1"/><counter type="METHOD" missed="0" covered="1"/></method><method name="getChequeNo" desc="()Ljava/lang/String;" line="121"><counter type="INSTRUCTION" missed="0" covered="3"/><counter type="LINE" missed="0" covered="1"/><counter type="COMPLEXITY" missed="0" covered="1"/><counter type="METHOD" missed="0" covered="1"/></method><method name="updateAsReconciled" desc="(ZLjava/lang/String;)V" line="125"><counter type="INSTRUCTION" missed="0" covered="14"/><counter type="BRANCH" missed="1" covered="3"/><counter type="LINE" missed="0" covered="4"/><counter type="COMPLEXITY" missed="1" covered="2"/><counter type="METHOD" missed="0" covered="1"/></method><method name="isValidDate" desc="(Ljava/lang/String;)Z" line="133"><counter type="INSTRUCTION" missed="0" covered="22"/><counter type="BRANCH" missed="0" covered="2"/><counter type="LINE" missed="0" covered="9"/><counter type="COMPLEXITY" missed="0" covered="2"/><counter type="METHOD" missed="0" covered="1"/></method><counter type="INSTRUCTION" missed="63" covered="384"/><counter type="BRANCH" missed="13" covered="35"/><counter type="LINE" missed="4" covered="76"/><counter type="COMPLEXITY" missed="14" covered="22"/><counter type="METHOD" missed="1" covered="11"/><counter type="CLASS" missed="0" covered="1"/></class><class name="com/example/Print" sourcefilename="Print.java"><method name="&lt;init&gt;" desc="()V" line="6"><counter type="INSTRUCTION" missed="3" covered="0"/><counter type="LINE" missed="1" covered="0"/><counter type="COMPLEXITY" missed="1" covered="0"/><counter type="METHOD" missed="1" covered="0"/></method><method name="theseRecords" desc="(Ljava/util/ArrayList;Ljava/lang/String;)V" line="14"><counter type="INSTRUCTION" missed="0" covered="42"/><counter type="BRANCH" missed="0" covered="2"/><counter type="LINE" missed="0" covered="8"/><counter type="COMPLEXITY" missed="0" covered="2"/><counter type="METHOD" missed="0" covered="1"/></method><method name="theseRecords" desc="(Ljava/util/List;Ljava/lang/String;)V" line="30"><counter type="INSTRUCTION" missed="0" covered="42"/><counter type="BRANCH" missed="0" covered="2"/><counter type="LINE" missed="0" covered="8"/><counter type="COMPLEXITY" missed="0" covered="2"/><counter type="METHOD" missed="0" covered="1"/></method><method name="thisRecord" desc="(Lcom/example/Transaction;Ljava/lang/String;)V" line="46"><counter type="INSTRUCTION" missed="0" covered="31"/><counter type="LINE" missed="0" covered="5"/><counter type="COMPLEXITY" missed="0" covered="1"/><counter type="METHOD" missed="0" covered="1"/></method><method name="summarizeRecords" desc="(Ljava/util/ArrayList;Ljava/util/ArrayList;Ljava/lang/String;)V" line="59"><counter type="INSTRUCTION" missed="0" covered="39"/><counter type="BRANCH" missed="2" covered="2"/><counter type="LINE" missed="0" covered="10"/><counter type="COMPLEXITY" missed="2" covered="1"/><counter type="METHOD" missed="0" covered="1"/></method><method name="&lt;clinit&gt;" desc="()V" line="8"><counter type="INSTRUCTION" missed="0" covered="7"/><counter type="LINE" missed="0" covered="3"/><counter type="COMPLEXITY" missed="0" covered="1"/><counter type="METHOD" missed="0" covered="1"/></method><counter type="INSTRUCTION" missed="3" covered="161"/><counter type="BRANCH" missed="2" covered="6"/><counter type="LINE" missed="1" covered="34"/><counter type="COMPLEXITY" missed="3" covered="7"/><counter type="METHOD" missed="1" covered="5"/><counter type="CLASS" missed="0" covered="1"/></class><sourcefile name="CompanyBankAccount.java"><line nr="10" mi="0" ci="5" mb="0" cb="0"/><line nr="15" mi="0" ci="2" mb="0" cb="0"/><line nr="16" mi="0" ci="2" mb="0" cb="0"/><line nr="17" mi="0" ci="1" mb="0" cb="0"/><line nr="21" mi="9" ci="0" mb="0" cb="0"/><line nr="22" mi="9" ci="0" mb="0" cb="0"/><line nr="23" mi="9" ci="0" mb="0" cb="0"/><line nr="24" mi="9" ci="0" mb="0" cb="0"/><line nr="25" mi="9" ci="0" mb="0" cb="0"/><line nr="26" mi="1" ci="0" mb="0" cb="0"/><line nr="29" mi="0" ci="3" mb="0" cb="0"/><line nr="30" mi="0" ci="2" mb="0" cb="0"/><line nr="31" mi="0" ci="1" mb="0" cb="0"/><line nr="34" mi="0" ci="10" mb="0" cb="0"/><line nr="35" mi="0" ci="10" mb="0" cb="0"/><line nr="36" mi="0" ci="10" mb="0" cb="0"/><line nr="37" mi="0" ci="10" mb="0" cb="0"/><line nr="38" mi="0" ci="10" mb="0" cb="0"/><line nr="39" mi="0" ci="10" mb="0" cb="0"/><line nr="40" mi="0" ci="10" mb="0" cb="0"/><line nr="41" mi="0" ci="10" mb="0" cb="0"/><line nr="42" mi="0" ci="10" mb="0" cb="0"/><line nr="43" mi="0" ci="10" mb="0" cb="0"/><line nr="44" mi="0" ci="10" mb="0" cb="0"/><line nr="45" mi="0" ci="10" mb="0" cb="0"/><line nr="46" mi="0" ci="10" mb="0" cb="0"/><line nr="47" mi="0" ci="10" mb="0" cb="0"/><line nr="48" mi="0" ci="10" mb="0" cb="0"/><line nr="49" mi="0" ci="10" mb="0" cb="0"/><line nr="50" mi="0" ci="10" mb="0" cb="0"/><line nr="51" mi="0" ci="10" mb="0" cb="0"/><line nr="52" mi="0" ci="10" mb="0" cb="0"/><line nr="53" mi="0" ci="10" mb="0" cb="0"/><line nr="54" mi="0" ci="10" mb="0" cb="0"/><line nr="55" mi="0" ci="10" mb="0" cb="0"/><line nr="56" mi="0" ci="10" mb="0" cb="0"/><line nr="57" mi="0" ci="10" mb="0" cb="0"/><line nr="58" mi="0" ci="10" mb="0" cb="0"/><line nr="59" mi="0" ci="10" mb="0" cb="0"/><line nr="60" mi="0" ci="10" mb="0" cb="0"/><line nr="61" mi="0" ci="10" mb="0" cb="0"/><line nr="62" mi="0" ci="10" mb="0" cb="0"/><line nr="63" mi="0" ci="10" mb="0" cb="0"/><line nr="64" mi="0" ci="10" mb="0" cb="0"/><line nr="65" mi="0" ci="10" mb="0" cb="0"/><line nr="66" mi="0" ci="10" mb="0" cb="0"/><line nr="67" mi="0" ci="10" mb="0" cb="0"/><line nr="68" mi="0" ci="10" mb="0" cb="0"/><line nr="69" mi="0" ci="10" mb="0" cb="0"/><line nr="70" mi="0" ci="10" mb="0" cb="0"/><line nr="71" mi="0" ci="10" mb="0" cb="0"/><line nr="72" mi="0" ci="10" mb="0" cb="0"/><line nr="73" mi="0" ci="10" mb="0" cb="0"/><line nr="74" mi="0" ci="10" mb="0" cb="0"/><line nr="75" mi="0" ci="10" mb="0" cb="0"/><line nr="76" mi="0" ci="10" mb="0" cb="0"/><line nr="77" mi="0" ci="10" mb="0" cb="0"/><line nr="78" mi="0" ci="10" mb="0" cb="0"/><line nr="79" mi="0" ci="10" mb="0" cb="0"/><line nr="80" mi="0" ci="10" mb="0" cb="0"/><line nr="81" mi="0" ci="10" mb="0" cb="0"/><line nr="82" mi="0" ci="10" mb="0" cb="0"/><line nr="83" mi="0" ci="10" mb="0" cb="0"/><line nr="84" mi="0" ci="10" mb="0" cb="0"/><line nr="85" mi="0" ci="10" mb="0" cb="0"/><line nr="86" mi="0" ci="10" mb="0" cb="0"/><line nr="87" mi="0" ci="10" mb="0" cb="0"/><line nr="88" mi="0" ci="10" mb="0" cb="0"/><line nr="89" mi="0" ci="10" mb="0" cb="0"/><line nr="90" mi="0" ci="10" mb="0" cb="0"/><line nr="91" mi="0" ci="10" mb="0" cb="0"/><line nr="92" mi="0" ci="10" mb="0" cb="0"/><line nr="93" mi="0" ci="10" mb="0" cb="0"/><line nr="94" mi="0" ci="10" mb="0" cb="0"/><line nr="95" mi="0" ci="10" mb="0" cb="0"/><line nr="96" mi="0" ci="10" mb="0" cb="0"/><line nr="97" mi="0" ci="10" mb="0" cb="0"/><line nr="98" mi="0" ci="10" mb="0" cb="0"/><line nr="99" mi="0" ci="10" mb="0" cb="0"/><line nr="100" mi="0" ci="10" mb="0" cb="0"/><line nr="101" mi="0" ci="10" mb="0" cb="0"/><line nr="102" mi="0" ci="10" mb="0" cb="0"/><line nr="103" mi="0" ci="10" mb="0" cb="0"/><line nr="104" mi="0" ci="10" mb="0" cb="0"/><line nr="105" mi="0" ci="10" mb="0" cb="0"/><line nr="106" mi="0" ci="10" mb="0" cb="0"/><line nr="107" mi="0" ci="10" mb="0" cb="0"/><line nr="108" mi="0" ci="10" mb="0" cb="0"/><line nr="109" mi="0" ci="10" mb="0" cb="0"/><line nr="110" mi="0" ci="10" mb="0" cb="0"/><line nr="111" mi="0" ci="10" mb="0" cb="0"/><line nr="112" mi="0" ci="10" mb="0" cb="0"/><line nr="113" mi="0" ci="10" mb="0" cb="0"/><line nr="114" mi="0" ci="10" mb="0" cb="0"/><line nr="115" mi="0" ci="10" mb="0" cb="0"/><line nr="116" mi="0" ci="10" mb="0" cb="0"/><line nr="117" mi="0" ci="10" mb="0" cb="0"/><line nr="118" mi="0" ci="10" mb="0" cb="0"/><line nr="119" mi="0" ci="10" mb="0" cb="0"/><line nr="120" mi="0" ci="10" mb="0" cb="0"/><line nr="121" mi="0" ci="10" mb="0" cb="0"/><line nr="122" mi="0" ci="10" mb="0" cb="0"/><line nr="123" mi="0" ci="10" mb="0" cb="0"/><line nr="124" mi="0" ci="10" mb="0" cb="0"/><line nr="125" mi="0" ci="10" mb="0" cb="0"/><line nr="126" mi="0" ci="10" mb="0" cb="0"/><line nr="127" mi="0" ci="10" mb="0" cb="0"/><line nr="128" mi="0" ci="10" mb="0" cb="0"/><line nr="129" mi="0" ci="10" mb="0" cb="0"/><line nr="130" mi="0" ci="10" mb="0" cb="0"/><line nr="131" mi="0" ci="10" mb="0" cb="0"/><line nr="132" mi="0" ci="10" mb="0" cb="0"/><line nr="133" mi="0" ci="10" mb="0" cb="0"/><line nr="134" mi="0" ci="10" mb="0" cb="0"/><line nr="135" mi="0" ci="10" mb="0" cb="0"/><line nr="136" mi="0" ci="10" mb="0" cb="0"/><line nr="137" mi="0" ci="10" mb="0" cb="0"/><line nr="138" mi="0" ci="10" mb="0" cb="0"/><line nr="139" mi="0" ci="10" mb="0" cb="0"/><line nr="140" mi="0" ci="10" mb="0" cb="0"/><line nr="141" mi="0" ci="10" mb="0" cb="0"/><line nr="142" mi="0" ci="10" mb="0" cb="0"/><line nr="143" mi="0" ci="10" mb="0" cb="0"/><line nr="144" mi="0" ci="10" mb="0" cb="0"/><line nr="145" mi="0" ci="10" mb="0" cb="0"/><line nr="146" mi="0" ci="10" mb="0" cb="0"/><line nr="147" mi="0" ci="10" mb="0" cb="0"/><line nr="148" mi="0" ci="10" mb="0" cb="0"/><line nr="149" mi="0" ci="10" mb="0" cb="0"/><line nr="150" mi="0" ci="10" mb="0" cb="0"/><line nr="151" mi="0" ci="10" mb="0" cb="0"/><line nr="152" mi="0" ci="10" mb="0" cb="0"/><line nr="153" mi="0" ci="10" mb="0" cb="0"/><line nr="154" mi="0" ci="10" mb="0" cb="0"/><line nr="155" mi="0" ci="10" mb="0" cb="0"/><line nr="156" mi="0" ci="10" mb="0" cb="0"/><line nr="157" mi="0" ci="10" mb="0" cb="0"/><line nr="158" mi="0" ci="10" mb="0" cb="0"/><line nr="159" mi="0" ci="10" mb="0" cb="0"/><line nr="160" mi="0" ci="10" mb="0" cb="0"/><line nr="161" mi="0" ci="10" mb="0" cb="0"/><line nr="162" mi="0" ci="10" mb="0" cb="0"/><line nr="163" mi="0" ci="10" mb="0" cb="0"/><line nr="164" mi="0" ci="10" mb="0" cb="0"/><line nr="165" mi="0" ci="10" mb="0" cb="0"/><line nr="166" mi="0" ci="10" mb="0" cb="0"/><line nr="167" mi="0" ci="10" mb="0" cb="0"/><line nr="168" mi="0" ci="10" mb="0" cb="0"/><line nr="169" mi="0" ci="10" mb="0" cb="0"/><line nr="170" mi="0" ci="10" mb="0" cb="0"/><line nr="171" mi="0" ci="10" mb="0" cb="0"/><line nr="172" mi="0" ci="10" mb="0" cb="0"/><line nr="173" mi="0" ci="10" mb="0" cb="0"/><line nr="174" mi="0" ci="10" mb="0" cb="0"/><line nr="175" mi="0" ci="10" mb="0" cb="0"/><line nr="176" mi="0" ci="10" mb="0" cb="0"/><line nr="177" mi="0" ci="10" mb="0" cb="0"/><line nr="178" mi="0" ci="10" mb="0" cb="0"/><line nr="179" mi="0" ci="10" mb="0" cb="0"/><line nr="180" mi="0" ci="10" mb="0" cb="0"/><line nr="181" mi="0" ci="10" mb="0" cb="0"/><line nr="182" mi="0" ci="10" mb="0" cb="0"/><line nr="183" mi="0" ci="10" mb="0" cb="0"/><line nr="184" mi="0" ci="10" mb="0" cb="0"/><line nr="185" mi="0" ci="10" mb="0" cb="0"/><line nr="186" mi="0" ci="10" mb="0" cb="0"/><line nr="187" mi="0" ci="10" mb="0" cb="0"/><line nr="188" mi="0" ci="10" mb="0" cb="0"/><line nr="189" mi="0" ci="10" mb="0" cb="0"/><line nr="190" mi="0" ci="10" mb="0" cb="0"/><line nr="191" mi="0" ci="10" mb="0" cb="0"/><line nr="192" mi="0" ci="10" mb="0" cb="0"/><line nr="193" mi="0" ci="10" mb="0" cb="0"/><line nr="194" mi="0" ci="10" mb="0" cb="0"/><line nr="195" mi="0" ci="10" mb="0" cb="0"/><line nr="196" mi="0" ci="10" mb="0" cb="0"/><line nr="197" mi="0" ci="10" mb="0" cb="0"/><line nr="198" mi="0" ci="10" mb="0" cb="0"/><line nr="199" mi="0" ci="10" mb="0" cb="0"/><line nr="200" mi="0" ci="10" mb="0" cb="0"/><line nr="201" mi="0" ci="10" mb="0" cb="0"/><line nr="202" mi="0" ci="10" mb="0" cb="0"/><line nr="203" mi="0" ci="10" mb="0" cb="0"/><line nr="204" mi="0" ci="10" mb="0" cb="0"/><line nr="205" mi="0" ci="10" mb="0" cb="0"/><line nr="206" mi="0" ci="10" mb="0" cb="0"/><line nr="207" mi="0" ci="10" mb="0" cb="0"/><line nr="208" mi="0" ci="10" mb="0" cb="0"/><line nr="209" mi="0" ci="10" mb="0" cb="0"/><line nr="210" mi="0" ci="10" mb="0" cb="0"/><line nr="211" mi="0" ci="10" mb="0" cb="0"/><line nr="212" mi="0" ci="10" mb="0" cb="0"/><line nr="213" mi="0" ci="10" mb="0" cb="0"/><line nr="214" mi="0" ci="10" mb="0" cb="0"/><line nr="215" mi="0" ci="10" mb="0" cb="0"/><line nr="216" mi="0" ci="10" mb="0" cb="0"/><line nr="217" mi="0" ci="10" mb="0" cb="0"/><line nr="218" mi="0" ci="10" mb="0" cb="0"/><line nr="219" mi="0" ci="10" mb="0" cb="0"/><line nr="220" mi="0" ci="10" mb="0" cb="0"/><line nr="221" mi="0" ci="10" mb="0" cb="0"/><line nr="222" mi="0" ci="10" mb="0" cb="0"/><line nr="223" mi="0" ci="10" mb="0" cb="0"/><line nr="224" mi="0" ci="10" mb="0" cb="0"/><line nr="225" mi="0" ci="10" mb="0" cb="0"/><line nr="226" mi="0" ci="10" mb="0" cb="0"/><line nr="227" mi="0" ci="10" mb="0" cb="0"/><line nr="228" mi="0" ci="10" mb="0" cb="0"/><line nr="229" mi="0" ci="10" mb="0" cb="0"/><line nr="230" mi="0" ci="10" mb="0" cb="0"/><line nr="231" mi="0" ci="10" mb="0" cb="0"/><line nr="232" mi="0" ci="10" mb="0" cb="0"/><line nr="233" mi="0" ci="10" mb="0" cb="0"/><line nr="234" mi="0" ci="10" mb="0" cb="0"/><line nr="235" mi="0" ci="10" mb="0" cb="0"/><line nr="236" mi="0" ci="10" mb="0" cb="0"/><line nr="237" mi="0" ci="10" mb="0" cb="0"/><line nr="238" mi="0" ci="10" mb="0" cb="0"/><line nr="239" mi="0" ci="10" mb="0" cb="0"/><line nr="240" mi="0" ci="10" mb="0" cb="0"/><line nr="241" mi="0" ci="10" mb="0" cb="0"/><line nr="242" mi="0" ci="10" mb="0" cb="0"/><line nr="243" mi="0" ci="10" mb="0" cb="0"/><line nr="244" mi="0" ci="10" mb="0" cb="0"/><line nr="245" mi="0" ci="10" mb="0" cb="0"/><line nr="246" mi="0" ci="10" mb="0" cb="0"/><line nr="247" mi="0" ci="10" mb="0" cb="0"/><line nr="248" mi="0" ci="10" mb="0" cb="0"/><line nr="249" mi="0" ci="10" mb="0" cb="0"/><line nr="250" mi="0" ci="10" mb="0" cb="0"/><line nr="251" mi="0" ci="10" mb="0" cb="0"/><line nr="252" mi="0" ci="10" mb="0" cb="0"/><line nr="253" mi="0" ci="10" mb="0" cb="0"/><line nr="254" mi="0" ci="10" mb="0" cb="0"/><line nr="255" mi="0" ci="10" mb="0" cb="0"/><line nr="256" mi="0" ci="10" mb="0" cb="0"/><line nr="257" mi="0" ci="10" mb="0" cb="0"/><line nr="258" mi="0" ci="10" mb="0" cb="0"/><line nr="259" mi="0" ci="10" mb="0" cb="0"/><line nr="260" mi="0" ci="10" mb="0" cb="0"/><line nr="261" mi="0" ci="10" mb="0" cb="0"/><line nr="262" mi="0" ci="10" mb="0" cb="0"/><line nr="263" mi="0" ci="10" mb="0" cb="0"/><line nr="264" mi="0" ci="10" mb="0" cb="0"/><line nr="265" mi="0" ci="10" mb="0" cb="0"/><line nr="266" mi="0" ci="10" mb="0" cb="0"/><line nr="267" mi="0" ci="10" mb="0" cb="0"/><line nr="268" mi="0" ci="10" mb="0" cb="0"/><line nr="269" mi="0" ci="10" mb="0" cb="0"/><line nr="270" mi="0" ci="10" mb="0" cb="0"/><line nr="271" mi="0" ci="10" mb="0" cb="0"/><line nr="272" mi="0" ci="10" mb="0" cb="0"/><line nr="273" mi="0" ci="10" mb="0" cb="0"/><line nr="274" mi="0" ci="10" mb="0" cb="0"/><line nr="275" mi="0" ci="10" mb="0" cb="0"/><line nr="276" mi="0" ci="10" mb="0" cb="0"/><line nr="277" mi="0" ci="10" mb="0" cb="0"/><line nr="278" mi="0" ci="10" mb="0" cb="0"/><line nr="279" mi="0" ci="10" mb="0" cb="0"/><line nr="280" mi="0" ci="10" mb="0" cb="0"/><line nr="281" mi="0" ci="10" mb="0" cb="0"/><line nr="282" mi="0" ci="10" mb="0" cb="0"/><line nr="283" mi="0" ci="10" mb="0" cb="0"/><line nr="284" mi="0" ci="10" mb="0" cb="0"/><line nr="285" mi="0" ci="10" mb="0" cb="0"/><line nr="286" mi="0" ci="10" mb="0" cb="0"/><line nr="287" mi="0" ci="10" mb="0" cb="0"/><line nr="288" mi="0" ci="10" mb="0" cb="0"/><line nr="289" mi="0" ci="10" mb="0" cb="0"/><line nr="290" mi="0" ci="10" mb="0" cb="0"/><line nr="291" mi="0" ci="10" mb="0" cb="0"/><line nr="292" mi="0" ci="10" mb="0" cb="0"/><line nr="293" mi="0" ci="10" mb="0" cb="0"/><line nr="294" mi="0" ci="10" mb="0" cb="0"/><line nr="295" mi="0" ci="10" mb="0" cb="0"/><line nr="296" mi="0" ci="10" mb="0" cb="0"/><line nr="297" mi="0" ci="10" mb="0" cb="0"/><line nr="298" mi="0" ci="10" mb="0" cb="0"/><line nr="299" mi="0" ci="10" mb="0" cb="0"/><line nr="300" mi="0" ci="10" mb="0" cb="0"/><line nr="301" mi="0" ci="10" mb="0" cb="0"/><line nr="302" mi="0" ci="10" mb="0" cb="0"/><line nr="303" mi="0" ci="10" mb="0" cb="0"/><line nr="304" mi="0" ci="10" mb="0" cb="0"/><line nr="305" mi="0" ci="10" mb="0" cb="0"/><line nr="306" mi="0" ci="10" mb="0" cb="0"/><line nr="307" mi="0" ci="10" mb="0" cb="0"/><line nr="308" mi="0" ci="10" mb="0" cb="0"/><line nr="309" mi="0" ci="10" mb="0" cb="0"/><line nr="310" mi="0" ci="10" mb="0" cb="0"/><line nr="311" mi="0" ci="10" mb="0" cb="0"/><line nr="312" mi="0" ci="10" mb="0" cb="0"/><line nr="313" mi="0" ci="10" mb="0" cb="0"/><line nr="314" mi="0" ci="10" mb="0" cb="0"/><line nr="315" mi="0" ci="10" mb="0" cb="0"/><line nr="316" mi="0" ci="10" mb="0" cb="0"/><line nr="317" mi="0" ci="10" mb="0" cb="0"/><line nr="318" mi="0" ci="10" mb="0" cb="0"/><line nr="319" mi="0" ci="10" mb="0" cb="0"/><line nr="320" mi="0" ci="10" mb="0" cb="0"/><line nr="321" mi="0" ci="10" mb="0" cb="0"/><line nr="322" mi="0" ci="10" mb="0" cb="0"/><line nr="323" mi="0" ci="10" mb="0" cb="0"/><line nr="324" mi="0" ci="10" mb="0" cb="0"/><line nr="325" mi="0" ci="10" mb="0" cb="0"/><line nr="326" mi="0" ci="10" mb="0" cb="0"/><line nr="327" mi="0" ci="10" mb="0" cb="0"/><line nr="328" mi="0" ci="10" mb="0" cb="0"/><line nr="329" mi="0" ci="10" mb="0" cb="0"/><line nr="330" mi="0" ci="10" mb="0" cb="0"/><line nr="331" mi="0" ci="10" mb="0" cb="0"/><line nr="332" mi="0" ci="10" mb="0" cb="0"/><line nr="333" mi="0" ci="10" mb="0" cb="0"/><line nr="334" mi="0" ci="10" mb="0" cb="0"/><line nr="335" mi="0" ci="10" mb="0" cb="0"/><line nr="336" mi="0" ci="10" mb="0" cb="0"/><line nr="337" mi="0" ci="10" mb="0" cb="0"/><line nr="338" mi="0" ci="10" mb="0" cb="0"/><line nr="339" mi="0" ci="10" mb="0" cb="0"/><line nr="340" mi="0" ci="10" mb="0" cb="0"/><line nr="341" mi="0" ci="10" mb="0" cb="0"/><line nr="342" mi="0" ci="10" mb="0" cb="0"/><line nr="343" mi="0" ci="10" mb="0" cb="0"/><line nr="344" mi="0" ci="10" mb="0" cb="0"/><line nr="345" mi="0" ci="10" mb="0" cb="0"/><line nr="346" mi="0" ci="10" mb="0" cb="0"/><line nr="347" mi="0" ci="10" mb="0" cb="0"/><line nr="348" mi="0" ci="10" mb="0" cb="0"/><line nr="349" mi="0" ci="10" mb="0" cb="0"/><line nr="350" mi="0" ci="10" mb="0" cb="0"/><line nr="351" mi="0" ci="10" mb="0" cb="0"/><line nr="352" mi="0" ci="10" mb="0" cb="0"/><line nr="353" mi="0" ci="10" mb="0" cb="0"/><line nr="354" mi="0" ci="10" mb="0" cb="0"/><line nr="355" mi="0" ci="10" mb="0" cb="0"/><line nr="356" mi="0" ci="10" mb="0" cb="0"/><line nr="357" mi="0" ci="10" mb="0" cb="0"/><line nr="358" mi="0" ci="10" mb="0" cb="0"/><line nr="359" mi="0" ci="10" mb="0" cb="0"/><line nr="360" mi="0" ci="10" mb="0" cb="0"/><line nr="361" mi="0" ci="10" mb="0" cb="0"/><line nr="362" mi="0" ci="10" mb="0" cb="0"/><line nr="363" mi="0" ci="10" mb="0" cb="0"/><line nr="364" mi="0" ci="10" mb="0" cb="0"/><line nr="365" mi="0" ci="10" mb="0" cb="0"/><line nr="366" mi="0" ci="10" mb="0" cb="0"/><line nr="367" mi="0" ci="10" mb="0" cb="0"/><line nr="368" mi="0" ci="10" mb="0" cb="0"/><line nr="369" mi="0" ci="10" mb="0" cb="0"/><line nr="370" mi="0" ci="10" mb="0" cb="0"/><line nr="371" mi="0" ci="10" mb="0" cb="0"/><line nr="372" mi="0" ci="10" mb="0" cb="0"/><line nr="373" mi="0" ci="10" mb="0" cb="0"/><line nr="374" mi="0" ci="10" mb="0" cb="0"/><line nr="375" mi="0" ci="10" mb="0" cb="0"/><line nr="376" mi="0" ci="10" mb="0" cb="0"/><line nr="377" mi="0" ci="10" mb="0" cb="0"/><line nr="378" mi="0" ci="10" mb="0" cb="0"/><line nr="379" mi="0" ci="10" mb="0" cb="0"/><line nr="380" mi="0" ci="10" mb="0" cb="0"/><line nr="381" mi="0" ci="10" mb="0" cb="0"/><line nr="382" mi="0" ci="10" mb="0" cb="0"/><line nr="383" mi="0" ci="10" mb="0" cb="0"/><line nr="384" mi="0" ci="10" mb="0" cb="0"/><line nr="385" mi="0" ci="10" mb="0" cb="0"/><line nr="386" mi="0" ci="10" mb="0" cb="0"/><line nr="387" mi="0" ci="10" mb="0" cb="0"/><line nr="388" mi="0" ci="10" mb="0" cb="0"/><line nr="389" mi="0" ci="10" mb="0" cb="0"/><line nr="390" mi="0" ci="10" mb="0" cb="0"/><line nr="391" mi="0" ci="10" mb="0" cb="0"/><line nr="392" mi="0" ci="10" mb="0" cb="0"/><line nr="393" mi="0" ci="10" mb="0" cb="0"/><line nr="394" mi="0" ci="10" mb="0" cb="0"/><line nr="395" mi="0" ci="10" mb="0" cb="0"/><line nr="396" mi="0" ci="10" mb="0" cb="0"/><line nr="397" mi="0" ci="10" mb="0" cb="0"/><line nr="398" mi="0" ci="10" mb="0" cb="0"/><line nr="399" mi="0" ci="10" mb="0" cb="0"/><line nr="400" mi="0" ci="10" mb="0" cb="0"/><line nr="401" mi="0" ci="10" mb="0" cb="0"/><line nr="402" mi="0" ci="10" mb="0" cb="0"/><line nr="403" mi="0" ci="10" mb="0" cb="0"/><line nr="404" mi="0" ci="10" mb="0" cb="0"/><line nr="405" mi="0" ci="10" mb="0" cb="0"/><line nr="406" mi="0" ci="10" mb="0" cb="0"/><line nr="407" mi="0" ci="10" mb="0" cb="0"/><line nr="408" mi="0" ci="10" mb="0" cb="0"/><line nr="409" mi="0" ci="10" mb="0" cb="0"/><line nr="410" mi="0" ci="10" mb="0" cb="0"/><line nr="411" mi="0" ci="10" mb="0" cb="0"/><line nr="412" mi="0" ci="10" mb="0" cb="0"/><line nr="413" mi="0" ci="10" mb="0" cb="0"/><line nr="414" mi="0" ci="10" mb="0" cb="0"/><line nr="415" mi="0" ci="10" mb="0" cb="0"/><line nr="416" mi="0" ci="10" mb="0" cb="0"/><line nr="417" mi="0" ci="10" mb="0" cb="0"/><line nr="418" mi="0" ci="10" mb="0" cb="0"/><line nr="419" mi="0" ci="10" mb="0" cb="0"/><line nr="420" mi="0" ci="10" mb="0" cb="0"/><line nr="421" mi="0" ci="10" mb="0" cb="0"/><line nr="422" mi="0" ci="10" mb="0" cb="0"/><line nr="423" mi="0" ci="10" mb="0" cb="0"/><line nr="424" mi="0" ci="10" mb="0" cb="0"/><line nr="425" mi="0" ci="10" mb="0" cb="0"/><line nr="426" mi="0" ci="10" mb="0" cb="0"/><line nr="427" mi="0" ci="10" mb="0" cb="0"/><line nr="428" mi="0" ci="10" mb="0" cb="0"/><line nr="429" mi="0" ci="10" mb="0" cb="0"/><line nr="430" mi="0" ci="10" mb="0" cb="0"/><line nr="431" mi="0" ci="10" mb="0" cb="0"/><line nr="432" mi="0" ci="10" mb="0" cb="0"/><line nr="433" mi="0" ci="10" mb="0" cb="0"/><line nr="434" mi="0" ci="10" mb="0" cb="0"/><line nr="435" mi="0" ci="10" mb="0" cb="0"/><line nr="436" mi="0" ci="10" mb="0" cb="0"/><line nr="437" mi="0" ci="10" mb="0" cb="0"/><line nr="438" mi="0" ci="10" mb="0" cb="0"/><line nr="439" mi="0" ci="10" mb="0" cb="0"/><line nr="440" mi="0" ci="10" mb="0" cb="0"/><line nr="441" mi="0" ci="10" mb="0" cb="0"/><line nr="442" mi="0" ci="10" mb="0" cb="0"/><line nr="443" mi="0" ci="10" mb="0" cb="0"/><line nr="444" mi="0" ci="10" mb="0" cb="0"/><line nr="445" mi="0" ci="10" mb="0" cb="0"/><line nr="446" mi="0" ci="10" mb="0" cb="0"/><line nr="447" mi="0" ci="10" mb="0" cb="0"/><line nr="448" mi="0" ci="10" mb="0" cb="0"/><line nr="449" mi="0" ci="10" mb="0" cb="0"/><line nr="450" mi="0" ci="10" mb="0" cb="0"/><line nr="451" mi="0" ci="10" mb="0" cb="0"/><line nr="452" mi="0" ci="10" mb="0" cb="0"/><line nr="453" mi="0" ci="10" mb="0" cb="0"/><line nr="454" mi="0" ci="10" mb="0" cb="0"/><line nr="455" mi="0" ci="10" mb="0" cb="0"/><line nr="456" mi="0" ci="10" mb="0" cb="0"/><line nr="457" mi="0" ci="10" mb="0" cb="0"/><line nr="458" mi="0" ci="10" mb="0" cb="0"/><line nr="459" mi="0" ci="10" mb="0" cb="0"/><line nr="460" mi="0" ci="10" mb="0" cb="0"/><line nr="461" mi="0" ci="10" mb="0" cb="0"/><line nr="462" mi="0" ci="10" mb="0" cb="0"/><line nr="463" mi="0" ci="10" mb="0" cb="0"/><line nr="464" mi="0" ci="10" mb="0" cb="0"/><line nr="465" mi="0" ci="10" mb="0" cb="0"/><line nr="466" mi="0" ci="10" mb="0" cb="0"/><line nr="467" mi="0" ci="10" mb="0" cb="0"/><line nr="468" mi="0" ci="10" mb="0" cb="0"/><line nr="469" mi="0" ci="10" mb="0" cb="0"/><line nr="470" mi="0" ci="10" mb="0" cb="0"/><line nr="471" mi="0" ci="10" mb="0" cb="0"/><line nr="472" mi="0" ci="10" mb="0" cb="0"/><line nr="473" mi="0" ci="10" mb="0" cb="0"/><line nr="474" mi="0" ci="10" mb="0" cb="0"/><line nr="475" mi="0" ci="10" mb="0" cb="0"/><line nr="476" mi="0" ci="10" mb="0" cb="0"/><line nr="477" mi="0" ci="10" mb="0" cb="0"/><line nr="478" mi="0" ci="10" mb="0" cb="0"/><line nr="479" mi="0" ci="10" mb="0" cb="0"/><line nr="480" mi="0" ci="10" mb="0" cb="0"/><line nr="481" mi="0" ci="10" mb="0" cb="0"/><line nr="482" mi="0" ci="10" mb="0" cb="0"/><line nr="483" mi="0" ci="10" mb="0" cb="0"/><line nr="484" mi="0" ci="10" mb="0" cb="0"/><line nr="485" mi="0" ci="10" mb="0" cb="0"/><line nr="486" mi="0" ci="10" mb="0" cb="0"/><line nr="487" mi="0" ci="10" mb="0" cb="0"/><line nr="488" mi="0" ci="10" mb="0" cb="0"/><line nr="489" mi="0" ci="10" mb="0" cb="0"/><line nr="490" mi="0" ci="10" mb="0" cb="0"/><line nr="491" mi="0" ci="10" mb="0" cb="0"/><line nr="492" mi="0" ci="10" mb="0" cb="0"/><line nr="493" mi="0" ci="10" mb="0" cb="0"/><line nr="494" mi="0" ci="10" mb="0" cb="0"/><line nr="495" mi="0" ci="10" mb="0" cb="0"/><line nr="496" mi="0" ci="10" mb="0" cb="0"/><line nr="497" mi="0" ci="10" mb="0" cb="0"/><line nr="498" mi="0" ci="10" mb="0" cb="0"/><line nr="499" mi="0" ci="10" mb="0" cb="0"/><line nr="500" mi="0" ci="10" mb="0" cb="0"/><line nr="501" mi="0" ci="10" mb="0" cb="0"/><line nr="502" mi="0" ci="10" mb="0" cb="0"/><line nr="503" mi="0" ci="10" mb="0" cb="0"/><line nr="504" mi="0" ci="10" mb="0" cb="0"/><line nr="505" mi="0" ci="10" mb="0" cb="0"/><line nr="506" mi="0" ci="10" mb="0" cb="0"/><line nr="507" mi="0" ci="10" mb="0" cb="0"/><line nr="508" mi="0" ci="10" mb="0" cb="0"/><line nr="509" mi="0" ci="10" mb="0" cb="0"/><line nr="510" mi="0" ci="10" mb="0" cb="0"/><line nr="511" mi="0" ci="10" mb="0" cb="0"/><line nr="512" mi="0" ci="10" mb="0" cb="0"/><line nr="513" mi="0" ci="10" mb="0" cb="0"/><line nr="514" mi="0" ci="10" mb="0" cb="0"/><line nr="515" mi="0" ci="10" mb="0" cb="0"/><line nr="516" mi="0" ci="10" mb="0" cb="0"/><line nr="517" mi="0" ci="10" mb="0" cb="0"/><line nr="518" mi="0" ci="10" mb="0" cb="0"/><line nr="519" mi="0" ci="10" mb="0" cb="0"/><line nr="520" mi="0" ci="10" mb="0" cb="0"/><line nr="521" mi="0" ci="10" mb="0" cb="0"/><line nr="522" mi="0" ci="10" mb="0" cb="0"/><line nr="523" mi="0" ci="10" mb="0" cb="0"/><line nr="524" mi="0" ci="10" mb="0" cb="0"/><line nr="525" mi="0" ci="10" mb="0" cb="0"/><line nr="526" mi="0" ci="10" mb="0" cb="0"/><line nr="527" mi="0" ci="10" mb="0" cb="0"/><line nr="528" mi="0" ci="10" mb="0" cb="0"/><line nr="529" mi="0" ci="10" mb="0" cb="0"/><line nr="530" mi="0" ci="10" mb="0" cb="0"/><line nr="531" mi="0" ci="10" mb="0" cb="0"/><line nr="532" mi="0" ci="10" mb="0" cb="0"/><line nr="533" mi="0" ci="10" mb="0" cb="0"/><line nr="534" mi="0" ci="10" mb="0" cb="0"/><line nr="535" mi="0" ci="10" mb="0" cb="0"/><line nr="536" mi="0" ci="10" mb="0" cb="0"/><line nr="537" mi="0" ci="10" mb="0" cb="0"/><line nr="538" mi="0" ci="10" mb="0" cb="0"/><line nr="539" mi="0" ci="10" mb="0" cb="0"/><line nr="540" mi="0" ci="10" mb="0" cb="0"/><line nr="541" mi="0" ci="10" mb="0" cb="0"/><line nr="542" mi="0" ci="10" mb="0" cb="0"/><line nr="543" mi="0" ci="10" mb="0" cb="0"/><line nr="544" mi="0" ci="10" mb="0" cb="0"/><line nr="545" mi="0" ci="10" mb="0" cb="0"/><line nr="546" mi="0" ci="10" mb="0" cb="0"/><line nr="547" mi="0" ci="10" mb="0" cb="0"/><line nr="548" mi="0" ci="10" mb="0" cb="0"/><line nr="549" mi="0" ci="10" mb="0" cb="0"/><line nr="550" mi="0" ci="10" mb="0" cb="0"/><line nr="551" mi="0" ci="10" mb="0" cb="0"/><line nr="552" mi="0" ci="10" mb="0" cb="0"/><line nr="553" mi="0" ci="10" mb="0" cb="0"/><line nr="554" mi="0" ci="10" mb="0" cb="0"/><line nr="555" mi="0" ci="10" mb="0" cb="0"/><line nr="556" mi="0" ci="10" mb="0" cb="0"/><line nr="557" mi="0" ci="10" mb="0" cb="0"/><line nr="558" mi="0" ci="10" mb="0" cb="0"/><line nr="559" mi="0" ci="10" mb="0" cb="0"/><line nr="560" mi="0" ci="10" mb="0" cb="0"/><line nr="561" mi="0" ci="10" mb="0" cb="0"/><line nr="562" mi="0" ci="10" mb="0" cb="0"/><line nr="563" mi="0" ci="10" mb="0" cb="0"/><line nr="564" mi="0" ci="10" mb="0" cb="0"/><line nr="565" mi="0" ci="10" mb="0" cb="0"/><line nr="566" mi="0" ci="10" mb="0" cb="0"/><line nr="567" mi="0" ci="10" mb="0" cb="0"/><line nr="568" mi="0" ci="10" mb="0" cb="0"/><line nr="569" mi="0" ci="10" mb="0" cb="0"/><line nr="570" mi="0" ci="10" mb="0" cb="0"/><line nr="571" mi="0" ci="10" mb="0" cb="0"/><line nr="572" mi="0" ci="10" mb="0" cb="0"/><line nr="573" mi="0" ci="10" mb="0" cb="0"/><line nr="574" mi="0" ci="10" mb="0" cb="0"/><line nr="575" mi="0" ci="10" mb="0" cb="0"/><line nr="576" mi="0" ci="10" mb="0" cb="0"/><line nr="577" mi="0" ci="10" mb="0" cb="0"/><line nr="578" mi="0" ci="10" mb="0" cb="0"/><line nr="579" mi="0" ci="10" mb="0" cb="0"/><line nr="580" mi="0" ci="10" mb="0" cb="0"/><line nr="581" mi="0" ci="10" mb="0" cb="0"/><line nr="582" mi="0" ci="10" mb="0" cb="0"/><line nr="583" mi="0" ci="10" mb="0" cb="0"/><line nr="584" mi="0" ci="10" mb="0" cb="0"/><line nr="585" mi="0" ci="10" mb="0" cb="0"/><line nr="586" mi="0" ci="10" mb="0" cb="0"/><line nr="587" mi="0" ci="10" mb="0" cb="0"/><line nr="588" mi="0" ci="10" mb="0" cb="0"/><line nr="589" mi="0" ci="10" mb="0" cb="0"/><line nr="590" mi="0" ci="10" mb="0" cb="0"/><line nr="591" mi="0" ci="10" mb="0" cb="0"/><line nr="592" mi="0" ci="10" mb="0" cb="0"/><line nr="593" mi="0" ci="10" mb="0" cb="0"/><line nr="594" mi="0" ci="10" mb="0" cb="0"/><line nr="595" mi="0" ci="10" mb="0" cb="0"/><line nr="596" mi="0" ci="10" mb="0" cb="0"/><line nr="597" mi="0" ci="10" mb="0" cb="0"/><line nr="598" mi="0" ci="10" mb="0" cb="0"/><line nr="599" mi="0" ci="10" mb="0" cb="0"/><line nr="600" mi="0" ci="10" mb="0" cb="0"/><line nr="601" mi="0" ci="10" mb="0" cb="0"/><line nr="602" mi="0" ci="10" mb="0" cb="0"/><line nr="603" mi="0" ci="10" mb="0" cb="0"/><line nr="604" mi="0" ci="10" mb="0" cb="0"/><line nr="605" mi="0" ci="10" mb="0" cb="0"/><line nr="606" mi="0" ci="10" mb="0" cb="0"/><line nr="607" mi="0" ci="10" mb="0" cb="0"/><line nr="608" mi="0" ci="10" mb="0" cb="0"/><line nr="609" mi="0" ci="10" mb="0" cb="0"/><line nr="610" mi="0" ci="10" mb="0" cb="0"/><line nr="611" mi="0" ci="10" mb="0" cb="0"/><line nr="612" mi="0" ci="10" mb="0" cb="0"/><line nr="613" mi="0" ci="10" mb="0" cb="0"/><line nr="614" mi="0" ci="10" mb="0" cb="0"/><line nr="615" mi="0" ci="10" mb="0" cb="0"/><line nr="616" mi="0" ci="10" mb="0" cb="0"/><line nr="617" mi="0" ci="10" mb="0" cb="0"/><line nr="618" mi="0" ci="10" mb="0" cb="0"/><line nr="619" mi="0" ci="10" mb="0" cb="0"/><line nr="620" mi="0" ci="10" mb="0" cb="0"/><line nr="621" mi="0" ci="10" mb="0" cb="0"/><line nr="622" mi="0" ci="10" mb="0" cb="0"/><line nr="623" mi="0" ci="10" mb="0" cb="0"/><line nr="624" mi="0" ci="10" mb="0" cb="0"/><line nr="625" mi="0" ci="10" mb="0" cb="0"/><line nr="626" mi="0" ci="10" mb="0" cb="0"/><line nr="627" mi="0" ci="10" mb="0" cb="0"/><line nr="628" mi="0" ci="10" mb="0" cb="0"/><line nr="629" mi="0" ci="10" mb="0" cb="0"/><line nr="630" mi="0" ci="10" mb="0" cb="0"/><line nr="631" mi="0" ci="10" mb="0" cb="0"/><line nr="632" mi="0" ci="10" mb="0" cb="0"/><line nr="633" mi="0" ci="10" mb="0" cb="0"/><line nr="634" mi="0" ci="10" mb="0" cb="0"/><line nr="635" mi="0" ci="10" mb="0" cb="0"/><line nr="636" mi="0" ci="10" mb="0" cb="0"/><line nr="637" mi="0" ci="10" mb="0" cb="0"/><line nr="638" mi="0" ci="10" mb="0" cb="0"/><line nr="639" mi="0" ci="10" mb="0" cb="0"/><line nr="640" mi="0" ci="10" mb="0" cb="0"/><line nr="641" mi="0" ci="10" mb="0" cb="0"/><line nr="642" mi="0" ci="10" mb="0" cb="0"/><line nr="643" mi="0" ci="10" mb="0" cb="0"/><line nr="644" mi="0" ci="10" mb="0" cb="0"/><line nr="645" mi="0" ci="10" mb="0" cb="0"/><line nr="646" mi="0" ci="10" mb="0" cb="0"/><line nr="647" mi="0" ci="10" mb="0" cb="0"/><line nr="648" mi="0" ci="10" mb="0" cb="0"/><line nr="649" mi="0" ci="10" mb="0" cb="0"/><line nr="650" mi="0" ci="10" mb="0" cb="0"/><line nr="651" mi="0" ci="10" mb="0" cb="0"/><line nr="652" mi="0" ci="10" mb="0" cb="0"/><line nr="653" mi="0" ci="10" mb="0" cb="0"/><line nr="654" mi="0" ci="10" mb="0" cb="0"/><line nr="655" mi="0" ci="10" mb="0" cb="0"/><line nr="656" mi="0" ci="10" mb="0" cb="0"/><line nr="657" mi="0" ci="10" mb="0" cb="0"/><line nr="658" mi="0" ci="10" mb="0" cb="0"/><line nr="659" mi="0" ci="10" mb="0" cb="0"/><line nr="660" mi="0" ci="10" mb="0" cb="0"/><line nr="661" mi="0" ci="10" mb="0" cb="0"/><line nr="662" mi="0" ci="10" mb="0" cb="0"/><line nr="663" mi="0" ci="10" mb="0" cb="0"/><line nr="664" mi="0" ci="10" mb="0" cb="0"/><line nr="665" mi="0" ci="10" mb="0" cb="0"/><line nr="666" mi="0" ci="10" mb="0" cb="0"/><line nr="667" mi="0" ci="10" mb="0" cb="0"/><line nr="668" mi="0" ci="1" mb="0" cb="0"/><line nr="671" mi="0" ci="3" mb="0" cb="0"/><line nr="675" mi="0" ci="4" mb="0" cb="0"/><line nr="680" mi="0" ci="4" mb="0" cb="0"/><line nr="681" mi="0" ci="6" mb="0" cb="0"/><line nr="682" mi="0" ci="4" mb="0" cb="0"/><line nr="684" mi="0" ci="7" mb="0" cb="0"/><line nr="685" mi="0" ci="1" mb="0" cb="0"/><line nr="686" mi="0" ci="1" mb="0" cb="0"/><line nr="690" mi="0" ci="2" mb="0" cb="0"/><counter type="INSTRUCTION" missed="46" covered="6389"/><counter type="LINE" missed="6" covered="651"/><counter type="COMPLEXITY" missed="1" covered="7"/><counter type="METHOD" missed="1" covered="7"/><counter type="CLASS" missed="0" covered="1"/></sourcefile><sourcefile name="ReconciliationTool.java"><line nr="14" mi="0" ci="5" mb="0" cb="0"/><line nr="15" mi="0" ci="5" mb="0" cb="0"/><line nr="16" mi="0" ci="5" mb="0" cb="0"/><line nr="22" mi="0" ci="2" mb="0" cb="0"/><line nr="24" mi="0" ci="3" mb="0" cb="0"/><line nr="25" mi="0" ci="3" mb="0" cb="0"/><line nr="27" mi="0" ci="4" mb="0" cb="0"/><line nr="28" mi="0" ci="4" mb="0" cb="0"/><line nr="30" mi="0" ci="2" mb="0" cb="0"/><line nr="31" mi="0" ci="1" mb="0" cb="0"/><line nr="35" mi="0" ci="2" mb="0" cb="0"/><line nr="37" mi="0" ci="11" mb="0" cb="2"/><line nr="38" mi="0" ci="5" mb="0" cb="0"/><line nr="39" mi="0" ci="1" mb="0" cb="0"/><line nr="40" mi="0" ci="2" mb="0" cb="0"/><line nr="45" mi="0" ci="2" mb="0" cb="0"/><line nr="47" mi="0" ci="11" mb="0" cb="2"/><line nr="48" mi="0" ci="5" mb="0" cb="0"/><line nr="49" mi="0" ci="1" mb="0" cb="0"/><line nr="50" mi="0" ci="2" mb="0" cb="0"/><line nr="55" mi="0" ci="6" mb="0" cb="0"/><line nr="56" mi="0" ci="6" mb="0" cb="0"/><line nr="57" mi="0" ci="1" mb="0" cb="0"/><line nr="61" mi="11" ci="0" mb="2" cb="0"/><line nr="62" mi="10" ci="0" mb="4" cb="0"/><line nr="63" mi="2" ci="0" mb="0" cb="0"/><line nr="65" mi="1" ci="0" mb="0" cb="0"/><line nr="66" mi="2" ci="0" mb="0" cb="0"/><line nr="75" mi="0" ci="4" mb="0" cb="0"/><line nr="76" mi="0" ci="12" mb="1" cb="3"/><line nr="78" mi="0" ci="4" mb="0" cb="0"/><line nr="80" mi="0" ci="13" mb="0" cb="0"/><line nr="83" mi="0" ci="4" mb="0" cb="0"/><line nr="84" mi="0" ci="8" mb="1" cb="1"/><line nr="85" mi="0" ci="7" mb="0" cb="2"/><line nr="86" mi="0" ci="5" mb="1" cb="1"/><line nr="87" mi="0" ci="4" mb="0" cb="0"/><line nr="89" mi="0" ci="13" mb="0" cb="0"/><line nr="92" mi="0" ci="4" mb="0" cb="0"/><line nr="93" mi="0" ci="8" mb="1" cb="1"/><line nr="94" mi="0" ci="5" mb="0" cb="2"/><line nr="95" mi="0" ci="4" mb="0" cb="0"/><line nr="97" mi="0" ci="14" mb="0" cb="0"/><line nr="100" mi="0" ci="4" mb="0" cb="0"/><line nr="101" mi="0" ci="8" mb="1" cb="1"/><line nr="102" mi="0" ci="5" mb="0" cb="2"/><line nr="103" mi="0" ci="4" mb="0" cb="0"/><line nr="105" mi="0" ci="4" mb="0" cb="0"/><line nr="108" mi="0" ci="1" mb="0" cb="0"/><line nr="112" mi="0" ci="5" mb="0" cb="0"/><line nr="113" mi="0" ci="13" mb="1" cb="3"/><line nr="115" mi="0" ci="4" mb="0" cb="0"/><line nr="117" mi="0" ci="6" mb="0" cb="0"/><line nr="119" mi="0" ci="3" mb="0" cb="0"/><line nr="120" mi="0" ci="5" mb="0" cb="0"/><line nr="122" mi="0" ci="11" mb="0" cb="2"/><line nr="124" mi="0" ci="4" mb="0" cb="0"/><line nr="125" mi="0" ci="4" mb="0" cb="0"/><line nr="127" mi="0" ci="9" mb="0" cb="0"/><line nr="128" mi="0" ci="3" mb="0" cb="0"/><line nr="130" mi="0" ci="6" mb="0" cb="0"/><line nr="131" mi="0" ci="10" mb="0" cb="2"/><line nr="132" mi="0" ci="5" mb="0" cb="2"/><line nr="133" mi="0" ci="4" mb="0" cb="0"/><line nr="135" mi="0" ci="5" mb="0" cb="0"/><line nr="137" mi="0" ci="7" mb="0" cb="0"/><line nr="138" mi="0" ci="7" mb="0" cb="0"/><line nr="139" mi="1" ci="0" mb="0" cb="0"/><line nr="140" mi="2" ci="0" mb="0" cb="0"/><line nr="141" mi="0" ci="1" mb="0" cb="0"/><line nr="142" mi="0" ci="1" mb="0" cb="0"/><line nr="143" mi="0" ci="1" mb="0" cb="0"/><line nr="144" mi="0" ci="1" mb="0" cb="0"/><line nr="149" mi="0" ci="6" mb="0" cb="0"/><line nr="150" mi="0" ci="15" mb="0" cb="4"/><line nr="152" mi="0" ci="2" mb="0" cb="0"/><line nr="153" mi="0" ci="3" mb="0" cb="0"/><line nr="156" mi="0" ci="2" mb="0" cb="2"/><line nr="157" mi="0" ci="3" mb="0" cb="0"/><line nr="159" mi="0" ci="6" mb="0" cb="0"/><line nr="162" mi="0" ci="1" mb="0" cb="0"/><line nr="165" mi="0" ci="6" mb="0" cb="0"/><line nr="166" mi="0" ci="9" mb="0" cb="2"/><line nr="167" mi="0" ci="13" mb="1" cb="5"/><line nr="170" mi="0" ci="2" mb="0" cb="0"/><line nr="171" mi="0" ci="3" mb="0" cb="0"/><line nr="174" mi="0" ci="2" mb="0" cb="2"/><line nr="175" mi="0" ci="6" mb="0" cb="0"/><line nr="176" mi="0" ci="6" mb="0" cb="0"/><line nr="178" mi="0" ci="1" mb="0" cb="0"/><line nr="182" mi="0" ci="6" mb="0" cb="0"/><line nr="183" mi="0" ci="9" mb="0" cb="2"/><line nr="184" mi="0" ci="5" mb="1" cb="1"/><line nr="185" mi="0" ci="5" mb="0" cb="2"/><line nr="186" mi="0" ci="8" mb="0" cb="4"/><line nr="188" mi="0" ci="2" mb="0" cb="0"/><line nr="189" mi="0" ci="3" mb="0" cb="0"/><line nr="191" mi="0" ci="2" mb="0" cb="2"/><line nr="194" mi="0" ci="6" mb="0" cb="0"/><line nr="197" mi="0" ci="2" mb="0" cb="0"/><line nr="201" mi="0" ci="5" mb="0" cb="0"/><line nr="202" mi="0" ci="11" mb="0" cb="2"/><line nr="203" mi="0" ci="8" mb="1" cb="3"/><line nr="205" mi="0" ci="2" mb="0" cb="0"/><line nr="206" mi="0" ci="3" mb="0" cb="0"/><line nr="209" mi="0" ci="2" mb="0" cb="2"/><line nr="212" mi="0" ci="3" mb="0" cb="0"/><line nr="213" mi="0" ci="5" mb="0" cb="0"/><line nr="216" mi="0" ci="3" mb="0" cb="0"/><line nr="217" mi="0" ci="7" mb="0" cb="0"/><line nr="220" mi="0" ci="1" mb="0" cb="0"/><line nr="227" mi="0" ci="2" mb="0" cb="0"/><line nr="229" mi="0" ci="11" mb="0" cb="2"/><line nr="231" mi="0" ci="4" mb="0" cb="0"/><line nr="232" mi="0" ci="4" mb="0" cb="0"/><line nr="234" mi="0" ci="9" mb="0" cb="0"/><line nr="235" mi="0" ci="3" mb="0" cb="0"/><line nr="239" mi="0" ci="6" mb="0" cb="0"/><line nr="240" mi="0" ci="11" mb="0" cb="2"/><line nr="241" mi="0" ci="7" mb="0" cb="2"/><line nr="242" mi="0" ci="5" mb="1" cb="1"/><line nr="243" mi="0" ci="2" mb="0" cb="0"/><line nr="244" mi="0" ci="3" mb="0" cb="0"/><line nr="246" mi="0" ci="2" mb="0" cb="2"/><line nr="248" mi="0" ci="5" mb="0" cb="0"/><line nr="249" mi="0" ci="3" mb="0" cb="0"/><line nr="250" mi="0" ci="2" mb="0" cb="0"/><line nr="252" mi="0" ci="1" mb="0" cb="0"/><line nr="255" mi="0" ci="1" mb="0" cb="0"/><line nr="257" mi="0" ci="5" mb="0" cb="0"/><line nr="258" mi="0" ci="4" mb="0" cb="0"/><line nr="259" mi="0" ci="1" mb="0" cb="0"/><line nr="262" mi="0" ci="5" mb="0" cb="0"/><line nr="263" mi="0" ci="11" mb="0" cb="2"/><line nr="264" mi="0" ci="8" mb="0" cb="2"/><line nr="265" mi="0" ci="4" mb="0" cb="0"/><line nr="267" mi="0" ci="10" mb="0" cb="2"/><line nr="268" mi="0" ci="5" mb="0" cb="0"/><line nr="269" mi="0" ci="5" mb="0" cb="0"/><line nr="270" mi="0" ci="1" mb="0" cb="0"/><line nr="274" mi="0" ci="1" mb="0" cb="0"/><line nr="278" mi="0" ci="4" mb="0" cb="0"/><line nr="279" mi="0" ci="6" mb="0" cb="0"/><line nr="280" mi="0" ci="2" mb="0" cb="0"/><line nr="281" mi="0" ci="3" mb="0" cb="0"/><line nr="283" mi="0" ci="2" mb="1" cb="1"/><line nr="284" mi="0" ci="5" mb="0" cb="0"/><line nr="285" mi="0" ci="5" mb="0" cb="0"/><line nr="286" mi="0" ci="5" mb="0" cb="0"/><line nr="287" mi="0" ci="5" mb="0" cb="0"/><line nr="292" mi="0" ci="1" mb="0" cb="0"/><line nr="296" mi="0" ci="4" mb="0" cb="0"/><line nr="297" mi="0" ci="1" mb="0" cb="0"/><line nr="299" mi="0" ci="3" mb="0" cb="0"/><line nr="300" mi="0" ci="1" mb="0" cb="0"/><line nr="302" mi="0" ci="3" mb="0" cb="0"/><line nr="303" mi="0" ci="1" mb="0" cb="0"/><line nr="305" mi="0" ci="3" mb="0" cb="0"/><line nr="306" mi="0" ci="1" mb="0" cb="0"/><counter type="INSTRUCTION" missed="29" covered="719"/><counter type="BRANCH" missed="17" covered="75"/><counter type="LINE" missed="7" covered="152"/><counter type="COMPLEXITY" missed="15" covered="67"/><counter type="METHOD" missed="1" covered="35"/><counter type="CLASS" missed="0" covered="1"/></sourcefile><sourcefile name="Transaction.java"><line nr="12" mi="3" ci="9" mb="0" cb="0"/><line nr="13" mi="3" ci="9" mb="0" cb="0"/><line nr="14" mi="3" ci="9" mb="0" cb="0"/><line nr="15" mi="3" ci="9" mb="0" cb="0"/><line nr="16" mi="3" ci="9" mb="0" cb="0"/><line nr="17" mi="3" ci="9" mb="0" cb="0"/><line nr="18" mi="3" ci="9" mb="0" cb="0"/><line nr="24" mi="3" ci="9" mb="0" cb="0"/><line nr="26" mi="3" ci="9" mb="0" cb="0"/><line nr="27" mi="3" ci="9" mb="0" cb="0"/><line nr="29" mi="3" ci="9" mb="0" cb="0"/><line nr="30" mi="3" ci="9" mb="0" cb="0"/><line nr="31" mi="3" ci="9" mb="0" cb="0"/><line nr="32" mi="3" ci="9" mb="0" cb="0"/><line nr="33" mi="3" ci="9" mb="0" cb="0"/><line nr="34" mi="3" ci="9" mb="0" cb="0"/><line nr="35" mi="3" ci="9" mb="0" cb="0"/><line nr="36" mi="3" ci="9" mb="0" cb="0"/><line nr="39" mi="0" ci="2" mb="0" cb="0"/><line nr="40" mi="0" ci="1" mb="0" cb="0"/><line nr="42" mi="2" ci="0" mb="0" cb="0"/><line nr="43" mi="3" ci="0" mb="0" cb="0"/><line nr="44" mi="3" ci="0" mb="0" cb="0"/><line nr="45" mi="1" ci="0" mb="0" cb="0"/><line nr="47" mi="0" ci="2" mb="0" cb="0"/><line nr="48" mi="0" ci="3" mb="0" cb="0"/><line nr="49" mi="0" ci="3" mb="0" cb="0"/><line nr="50" mi="0" ci="3" mb="0" cb="0"/><line nr="52" mi="0" ci="14" mb="2" cb="4"/><line nr="53" mi="0" ci="2" mb="0" cb="0"/><line nr="56" mi="0" ci="1" mb="0" cb="0"/><line nr="57" mi="0" ci="2" mb="0" cb="0"/><line nr="58" mi="0" ci="3" mb="0" cb="0"/><line nr="59" mi="0" ci="3" mb="0" cb="0"/><line nr="60" mi="0" ci="3" mb="0" cb="0"/><line nr="61" mi="0" ci="3" mb="0" cb="0"/><line nr="62" mi="0" ci="3" mb="0" cb="0"/><line nr="63" mi="0" ci="3" mb="0" cb="0"/><line nr="65" mi="0" ci="9" mb="1" cb="3"/><line nr="66" mi="0" ci="4" mb="0" cb="0"/><line nr="67" mi="0" ci="3" mb="0" cb="0"/><line nr="70" mi="0" ci="9" mb="1" cb="3"/><line nr="71" mi="0" ci="4" mb="0" cb="0"/><line nr="72" mi="0" ci="3" mb="0" cb="0"/><line nr="75" mi="0" ci="7" mb="1" cb="1"/><line nr="76" mi="0" ci="2" mb="0" cb="2"/><line nr="77" mi="0" ci="3" mb="0" cb="0"/><line nr="80" mi="0" ci="7" mb="1" cb="1"/><line nr="81" mi="0" ci="2" mb="0" cb="2"/><line nr="82" mi="0" ci="3" mb="0" cb="0"/><line nr="85" mi="0" ci="9" mb="1" cb="3"/><line nr="87" mi="0" ci="12" mb="1" cb="3"/><line nr="88" mi="0" ci="2" mb="1" cb="1"/><line nr="90" mi="0" ci="3" mb="0" cb="0"/><line nr="91" mi="0" ci="4" mb="0" cb="0"/><line nr="96" mi="0" ci="14" mb="2" cb="4"/><line nr="97" mi="0" ci="2" mb="0" cb="0"/><line nr="100" mi="0" ci="1" mb="0" cb="0"/><line nr="103" mi="0" ci="3" mb="0" cb="0"/><line nr="105" mi="0" ci="9" mb="1" cb="3"/><line nr="106" mi="0" ci="4" mb="0" cb="0"/><line nr="109" mi="0" ci="1" mb="0" cb="0"/><line nr="112" mi="0" ci="3" mb="0" cb="0"/><line nr="115" mi="0" ci="3" mb="0" cb="0"/><line nr="117" mi="0" ci="3" mb="0" cb="0"/><line nr="119" mi="0" ci="3" mb="0" cb="0"/><line nr="121" mi="0" ci="3" mb="0" cb="0"/><line nr="125" mi="0" ci="7" mb="1" cb="3"/><line nr="126" mi="0" ci="3" mb="0" cb="0"/><line nr="127" mi="0" ci="3" mb="0" cb="0"/><line nr="129" mi="0" ci="1" mb="0" cb="0"/><line nr="133" mi="0" ci="2" mb="0" cb="0"/><line nr="135" mi="0" ci="3" mb="0" cb="2"/><line nr="140" mi="0" ci="4" mb="0" cb="0"/><line nr="144" mi="0" ci="5" mb="0" cb="0"/><line nr="145" mi="0" ci="2" mb="0" cb="0"/><line nr="147" mi="0" ci="1" mb="0" cb="0"/><line nr="149" mi="0" ci="2" mb="0" cb="0"/><line nr="150" mi="0" ci="1" mb="0" cb="0"/><line nr="155" mi="0" ci="2" mb="0" cb="0"/><counter type="INSTRUCTION" missed="63" covered="384"/><counter type="BRANCH" missed="13" covered="35"/><counter type="LINE" missed="4" covered="76"/><counter type="COMPLEXITY" missed="14" covered="22"/><counter type="METHOD" missed="1" covered="11"/><counter type="CLASS" missed="0" covered="1"/></sourcefile><sourcefile name="Print.java"><line nr="6" mi="3" ci="0" mb="0" cb="0"/><line nr="8" mi="0" ci="2" mb="0" cb="0"/><line nr="9" mi="0" ci="2" mb="0" cb="0"/><line nr="10" mi="0" ci="3" mb="0" cb="0"/><line nr="14" mi="0" ci="5" mb="0" cb="0"/><line nr="15" mi="0" ci="2" mb="0" cb="0"/><line nr="16" mi="0" ci="3" mb="0" cb="0"/><line nr="19" mi="0" ci="10" mb="0" cb="2"/><line nr="20" mi="0" ci="17" mb="0" cb="0"/><line nr="23" mi="0" ci="1" mb="0" cb="0"/><line nr="24" mi="0" ci="3" mb="0" cb="0"/><line nr="26" mi="0" ci="1" mb="0" cb="0"/><line nr="30" mi="0" ci="5" mb="0" cb="0"/><line nr="31" mi="0" ci="2" mb="0" cb="0"/><line nr="32" mi="0" ci="3" mb="0" cb="0"/><line nr="35" mi="0" ci="10" mb="0" cb="2"/><line nr="36" mi="0" ci="17" mb="0" cb="0"/><line nr="39" mi="0" ci="1" mb="0" cb="0"/><line nr="40" mi="0" ci="3" mb="0" cb="0"/><line nr="42" mi="0" ci="1" mb="0" cb="0"/><line nr="46" mi="0" ci="5" mb="0" cb="0"/><line nr="47" mi="0" ci="3" mb="0" cb="0"/><line nr="50" mi="0" ci="19" mb="0" cb="0"/><line nr="53" mi="0" ci="3" mb="0" cb="0"/><line nr="55" mi="0" ci="1" mb="0" cb="0"/><line nr="59" mi="0" ci="2" mb="0" cb="0"/><line nr="61" mi="0" ci="4" mb="2" cb="2"/><line nr="62" mi="0" ci="4" mb="0" cb="0"/><line nr="63" mi="0" ci="11" mb="0" cb="0"/><line nr="64" mi="0" ci="2" mb="0" cb="0"/><line nr="65" mi="0" ci="5" mb="0" cb="0"/><line nr="66" mi="0" ci="5" mb="0" cb="0"/><line nr="68" mi="0" ci="3" mb="0" cb="0"/><line nr="69" mi="0" ci="2" mb="0" cb="0"/><line nr="72" mi="0" ci="1" mb="0" cb="0"/><counter type="INSTRUCTION" missed="3" covered="161"/><counter type="BRANCH" missed="2" covered="6"/><counter type="LINE" missed="1" covered="34"/><counter type="COMPLEXITY" missed="3" covered="7"/><counter type="METHOD" missed="1" covered="5"/><counter type="CLASS" missed="0" covered="1"/></sourcefile><sourcefile name="BankStatement.java"><line nr="11" mi="0" ci="10" mb="0" cb="0"/><line nr="12" mi="0" ci="10" mb="0" cb="0"/><line nr="14" mi="0" ci="6" mb="0" cb="0"/><line nr="15" mi="0" ci="6" mb="0" cb="0"/><line nr="16" mi="0" ci="6" mb="0" cb="0"/><line nr="22" mi="0" ci="2" mb="0" cb="0"/><line nr="24" mi="0" ci="1" mb="0" cb="0"/><line nr="26" mi="0" ci="2" mb="0" cb="0"/><line nr="28" mi="0" ci="8" mb="0" cb="0"/><line nr="29" mi="0" ci="9" mb="0" cb="0"/><line nr="30" mi="0" ci="6" mb="0" cb="0"/><line nr="31" mi="0" ci="5" mb="0" cb="0"/><line nr="32" mi="0" ci="1" mb="0" cb="0"/><line nr="37" mi="0" ci="5" mb="0" cb="0"/><line nr="38" mi="0" ci="11" mb="0" cb="0"/><line nr="39" mi="0" ci="14" mb="0" cb="0"/><line nr="41" mi="0" ci="3" mb="0" cb="0"/><line nr="45" mi="0" ci="3" mb="0" cb="0"/><line nr="52" mi="3" ci="0" mb="0" cb="0"/><line nr="53" mi="9" ci="0" mb="0" cb="0"/><line nr="54" mi="9" ci="0" mb="0" cb="0"/><line nr="55" mi="9" ci="0" mb="0" cb="0"/><line nr="56" mi="9" ci="0" mb="0" cb="0"/><line nr="57" mi="9" ci="0" mb="0" cb="0"/><line nr="58" mi="9" ci="0" mb="0" cb="0"/><line nr="60" mi="3" ci="0" mb="0" cb="0"/><line nr="61" mi="4" ci="0" mb="0" cb="0"/><line nr="68" mi="0" ci="3" mb="0" cb="0"/><line nr="74" mi="0" ci="2" mb="0" cb="0"/><line nr="79" mi="0" ci="7" mb="0" cb="0"/><line nr="80" mi="0" ci="4" mb="0" cb="0"/><line nr="84" mi="0" ci="4" mb="0" cb="0"/><line nr="87" mi="0" ci="3" mb="0" cb="0"/><line nr="92" mi="0" ci="5" mb="0" cb="0"/><line nr="93" mi="0" ci="6" mb="0" cb="0"/><line nr="94" mi="0" ci="4" mb="0" cb="0"/><line nr="96" mi="0" ci="7" mb="0" cb="0"/><line nr="97" mi="0" ci="1" mb="0" cb="0"/><line nr="98" mi="0" ci="1" mb="0" cb="0"/><line nr="100" mi="0" ci="2" mb="0" cb="0"/><line nr="105" mi="0" ci="3" mb="0" cb="0"/><line nr="106" mi="0" ci="13" mb="0" cb="0"/><line nr="107" mi="0" ci="13" mb="0" cb="0"/><line nr="108" mi="0" ci="13" mb="0" cb="0"/><line nr="109" mi="0" ci="13" mb="0" cb="0"/><line nr="110" mi="0" ci="13" mb="0" cb="0"/><line nr="111" mi="0" ci="13" mb="0" cb="0"/><line nr="112" mi="0" ci="13" mb="0" cb="0"/><line nr="113" mi="0" ci="13" mb="0" cb="0"/><line nr="114" mi="0" ci="13" mb="0" cb="0"/><line nr="115" mi="0" ci="13" mb="0" cb="0"/><line nr="116" mi="0" ci="13" mb="0" cb="0"/><line nr="117" mi="0" ci="13" mb="0" cb="0"/><line nr="118" mi="0" ci="13" mb="0" cb="0"/><line nr="119" mi="0" ci="13" mb="0" cb="0"/><line nr="120" mi="0" ci="13" mb="0" cb="0"/><line nr="121" mi="0" ci="13" mb="0" cb="0"/><line nr="122" mi="0" ci="13" mb="0" cb="0"/><line nr="123" mi="0" ci="13" mb="0" cb="0"/><line nr="124" mi="0" ci="13" mb="0" cb="0"/><line nr="125" mi="0" ci="13" mb="0" cb="0"/><line nr="126" mi="0" ci="13" mb="0" cb="0"/><line nr="127" mi="0" ci="13" mb="0" cb="0"/><line nr="128" mi="0" ci="13" mb="0" cb="0"/><line nr="129" mi="0" ci="13" mb="0" cb="0"/><line nr="130" mi="0" ci="13" mb="0" cb="0"/><line nr="131" mi="0" ci="13" mb="0" cb="0"/><line nr="132" mi="0" ci="13" mb="0" cb="0"/><line nr="133" mi="0" ci="13" mb="0" cb="0"/><line nr="134" mi="0" ci="13" mb="0" cb="0"/><line nr="135" mi="0" ci="13" mb="0" cb="0"/><line nr="136" mi="0" ci="13" mb="0" cb="0"/><line nr="137" mi="0" ci="13" mb="0" cb="0"/><line nr="138" mi="0" ci="13" mb="0" cb="0"/><line nr="139" mi="0" ci="13" mb="0" cb="0"/><line nr="140" mi="0" ci="13" mb="0" cb="0"/><line nr="141" mi="0" ci="13" mb="0" cb="0"/><line nr="142" mi="0" ci="13" mb="0" cb="0"/><line nr="143" mi="0" ci="13" mb="0" cb="0"/><line nr="144" mi="0" ci="13" mb="0" cb="0"/><line nr="145" mi="0" ci="13" mb="0" cb="0"/><line nr="146" mi="0" ci="13" mb="0" cb="0"/><line nr="147" mi="0" ci="13" mb="0" cb="0"/><line nr="148" mi="0" ci="13" mb="0" cb="0"/><line nr="149" mi="0" ci="13" mb="0" cb="0"/><line nr="150" mi="0" ci="13" mb="0" cb="0"/><line nr="151" mi="0" ci="13" mb="0" cb="0"/><line nr="152" mi="0" ci="13" mb="0" cb="0"/><line nr="153" mi="0" ci="13" mb="0" cb="0"/><line nr="154" mi="0" ci="13" mb="0" cb="0"/><line nr="155" mi="0" ci="13" mb="0" cb="0"/><line nr="156" mi="0" ci="13" mb="0" cb="0"/><line nr="157" mi="0" ci="13" mb="0" cb="0"/><line nr="158" mi="0" ci="13" mb="0" cb="0"/><line nr="159" mi="0" ci="13" mb="0" cb="0"/><line nr="160" mi="0" ci="13" mb="0" cb="0"/><line nr="161" mi="0" ci="13" mb="0" cb="0"/><line nr="162" mi="0" ci="13" mb="0" cb="0"/><line nr="163" mi="0" ci="13" mb="0" cb="0"/><line nr="164" mi="0" ci="13" mb="0" cb="0"/><line nr="165" mi="0" ci="13" mb="0" cb="0"/><line nr="166" mi="0" ci="13" mb="0" cb="0"/><line nr="167" mi="0" ci="13" mb="0" cb="0"/><line nr="168" mi="0" ci="13" mb="0" cb="0"/><line nr="169" mi="0" ci="13" mb="0" cb="0"/><line nr="170" mi="0" ci="13" mb="0" cb="0"/><line nr="171" mi="0" ci="13" mb="0" cb="0"/><line nr="172" mi="0" ci="13" mb="0" cb="0"/><line nr="173" mi="0" ci="13" mb="0" cb="0"/><line nr="174" mi="0" ci="13" mb="0" cb="0"/><line nr="175" mi="0" ci="13" mb="0" cb="0"/><line nr="176" mi="0" ci="13" mb="0" cb="0"/><line nr="177" mi="0" ci="13" mb="0" cb="0"/><line nr="178" mi="0" ci="13" mb="0" cb="0"/><line nr="179" mi="0" ci="13" mb="0" cb="0"/><line nr="180" mi="0" ci="13" mb="0" cb="0"/><line nr="181" mi="0" ci="13" mb="0" cb="0"/><line nr="182" mi="0" ci="13" mb="0" cb="0"/><line nr="183" mi="0" ci="13" mb="0" cb="0"/><line nr="184" mi="0" ci="13" mb="0" cb="0"/><line nr="185" mi="0" ci="13" mb="0" cb="0"/><line nr="186" mi="0" ci="13" mb="0" cb="0"/><line nr="187" mi="0" ci="13" mb="0" cb="0"/><line nr="188" mi="0" ci="13" mb="0" cb="0"/><line nr="189" mi="0" ci="13" mb="0" cb="0"/><line nr="190" mi="0" ci="13" mb="0" cb="0"/><line nr="191" mi="0" ci="13" mb="0" cb="0"/><line nr="192" mi="0" ci="13" mb="0" cb="0"/><line nr="193" mi="0" ci="13" mb="0" cb="0"/><line nr="194" mi="0" ci="13" mb="0" cb="0"/><line nr="195" mi="0" ci="13" mb="0" cb="0"/><line nr="196" mi="0" ci="13" mb="0" cb="0"/><line nr="197" mi="0" ci="13" mb="0" cb="0"/><line nr="198" mi="0" ci="13" mb="0" cb="0"/><line nr="199" mi="0" ci="13" mb="0" cb="0"/><line nr="200" mi="0" ci="13" mb="0" cb="0"/><line nr="201" mi="0" ci="13" mb="0" cb="0"/><line nr="202" mi="0" ci="13" mb="0" cb="0"/><line nr="203" mi="0" ci="13" mb="0" cb="0"/><line nr="204" mi="0" ci="13" mb="0" cb="0"/><line nr="205" mi="0" ci="13" mb="0" cb="0"/><line nr="206" mi="0" ci="13" mb="0" cb="0"/><line nr="207" mi="0" ci="13" mb="0" cb="0"/><line nr="208" mi="0" ci="13" mb="0" cb="0"/><line nr="209" mi="0" ci="13" mb="0" cb="0"/><line nr="210" mi="0" ci="13" mb="0" cb="0"/><line nr="211" mi="0" ci="13" mb="0" cb="0"/><line nr="212" mi="0" ci="13" mb="0" cb="0"/><line nr="213" mi="0" ci="13" mb="0" cb="0"/><line nr="214" mi="0" ci="13" mb="0" cb="0"/><line nr="215" mi="0" ci="13" mb="0" cb="0"/><line nr="216" mi="0" ci="13" mb="0" cb="0"/><line nr="217" mi="0" ci="13" mb="0" cb="0"/><line nr="218" mi="0" ci="13" mb="0" cb="0"/><line nr="219" mi="0" ci="13" mb="0" cb="0"/><line nr="220" mi="0" ci="13" mb="0" cb="0"/><line nr="221" mi="0" ci="13" mb="0" cb="0"/><line nr="222" mi="0" ci="13" mb="0" cb="0"/><line nr="223" mi="0" ci="13" mb="0" cb="0"/><line nr="224" mi="0" ci="13" mb="0" cb="0"/><line nr="225" mi="0" ci="13" mb="0" cb="0"/><line nr="226" mi="0" ci="13" mb="0" cb="0"/><line nr="227" mi="0" ci="13" mb="0" cb="0"/><line nr="228" mi="0" ci="13" mb="0" cb="0"/><line nr="229" mi="0" ci="13" mb="0" cb="0"/><line nr="230" mi="0" ci="13" mb="0" cb="0"/><line nr="231" mi="0" ci="13" mb="0" cb="0"/><line nr="232" mi="0" ci="13" mb="0" cb="0"/><line nr="233" mi="0" ci="13" mb="0" cb="0"/><line nr="234" mi="0" ci="13" mb="0" cb="0"/><line nr="235" mi="0" ci="13" mb="0" cb="0"/><line nr="236" mi="0" ci="13" mb="0" cb="0"/><line nr="237" mi="0" ci="13" mb="0" cb="0"/><line nr="238" mi="0" ci="13" mb="0" cb="0"/><line nr="239" mi="0" ci="13" mb="0" cb="0"/><line nr="240" mi="0" ci="13" mb="0" cb="0"/><line nr="241" mi="0" ci="13" mb="0" cb="0"/><line nr="242" mi="0" ci="13" mb="0" cb="0"/><line nr="243" mi="0" ci="13" mb="0" cb="0"/><line nr="244" mi="0" ci="13" mb="0" cb="0"/><line nr="245" mi="0" ci="13" mb="0" cb="0"/><line nr="246" mi="0" ci="13" mb="0" cb="0"/><line nr="247" mi="0" ci="13" mb="0" cb="0"/><line nr="248" mi="0" ci="13" mb="0" cb="0"/><line nr="249" mi="0" ci="13" mb="0" cb="0"/><line nr="250" mi="0" ci="13" mb="0" cb="0"/><line nr="251" mi="0" ci="13" mb="0" cb="0"/><line nr="252" mi="0" ci="13" mb="0" cb="0"/><line nr="253" mi="0" ci="13" mb="0" cb="0"/><line nr="254" mi="0" ci="13" mb="0" cb="0"/><line nr="255" mi="0" ci="13" mb="0" cb="0"/><line nr="256" mi="0" ci="13" mb="0" cb="0"/><line nr="257" mi="0" ci="13" mb="0" cb="0"/><line nr="258" mi="0" ci="13" mb="0" cb="0"/><line nr="259" mi="0" ci="13" mb="0" cb="0"/><line nr="260" mi="0" ci="13" mb="0" cb="0"/><line nr="261" mi="0" ci="13" mb="0" cb="0"/><line nr="262" mi="0" ci="13" mb="0" cb="0"/><line nr="263" mi="0" ci="13" mb="0" cb="0"/><line nr="264" mi="0" ci="13" mb="0" cb="0"/><line nr="265" mi="0" ci="13" mb="0" cb="0"/><line nr="266" mi="0" ci="13" mb="0" cb="0"/><line nr="267" mi="0" ci="13" mb="0" cb="0"/><line nr="268" mi="0" ci="13" mb="0" cb="0"/><line nr="269" mi="0" ci="13" mb="0" cb="0"/><line nr="270" mi="0" ci="13" mb="0" cb="0"/><line nr="271" mi="0" ci="13" mb="0" cb="0"/><line nr="272" mi="0" ci="13" mb="0" cb="0"/><line nr="273" mi="0" ci="13" mb="0" cb="0"/><line nr="274" mi="0" ci="13" mb="0" cb="0"/><line nr="275" mi="0" ci="13" mb="0" cb="0"/><line nr="276" mi="0" ci="13" mb="0" cb="0"/><line nr="277" mi="0" ci="13" mb="0" cb="0"/><line nr="278" mi="0" ci="13" mb="0" cb="0"/><line nr="279" mi="0" ci="13" mb="0" cb="0"/><line nr="280" mi="0" ci="13" mb="0" cb="0"/><line nr="281" mi="0" ci="13" mb="0" cb="0"/><line nr="282" mi="0" ci="13" mb="0" cb="0"/><line nr="283" mi="0" ci="13" mb="0" cb="0"/><line nr="284" mi="0" ci="13" mb="0" cb="0"/><line nr="285" mi="0" ci="13" mb="0" cb="0"/><line nr="286" mi="0" ci="13" mb="0" cb="0"/><line nr="287" mi="0" ci="13" mb="0" cb="0"/><line nr="288" mi="0" ci="13" mb="0" cb="0"/><line nr="289" mi="0" ci="13" mb="0" cb="0"/><line nr="290" mi="0" ci="13" mb="0" cb="0"/><line nr="291" mi="0" ci="13" mb="0" cb="0"/><line nr="292" mi="0" ci="13" mb="0" cb="0"/><line nr="293" mi="0" ci="13" mb="0" cb="0"/><line nr="294" mi="0" ci="13" mb="0" cb="0"/><line nr="295" mi="0" ci="13" mb="0" cb="0"/><line nr="296" mi="0" ci="13" mb="0" cb="0"/><line nr="297" mi="0" ci="13" mb="0" cb="0"/><line nr="298" mi="0" ci="13" mb="0" cb="0"/><line nr="299" mi="0" ci="13" mb="0" cb="0"/><line nr="300" mi="0" ci="13" mb="0" cb="0"/><line nr="301" mi="0" ci="13" mb="0" cb="0"/><line nr="302" mi="0" ci="13" mb="0" cb="0"/><line nr="303" mi="0" ci="13" mb="0" cb="0"/><line nr="304" mi="0" ci="13" mb="0" cb="0"/><line nr="305" mi="0" ci="13" mb="0" cb="0"/><line nr="306" mi="0" ci="13" mb="0" cb="0"/><line nr="307" mi="0" ci="13" mb="0" cb="0"/><line nr="308" mi="0" ci="13" mb="0" cb="0"/><line nr="309" mi="0" ci="13" mb="0" cb="0"/><line nr="310" mi="0" ci="13" mb="0" cb="0"/><line nr="311" mi="0" ci="13" mb="0" cb="0"/><line nr="312" mi="0" ci="13" mb="0" cb="0"/><line nr="313" mi="0" ci="13" mb="0" cb="0"/><line nr="314" mi="0" ci="13" mb="0" cb="0"/><line nr="315" mi="0" ci="13" mb="0" cb="0"/><line nr="316" mi="0" ci="13" mb="0" cb="0"/><line nr="317" mi="0" ci="13" mb="0" cb="0"/><line nr="318" mi="0" ci="13" mb="0" cb="0"/><line nr="319" mi="0" ci="13" mb="0" cb="0"/><line nr="320" mi="0" ci="13" mb="0" cb="0"/><line nr="321" mi="0" ci="13" mb="0" cb="0"/><line nr="322" mi="0" ci="13" mb="0" cb="0"/><line nr="323" mi="0" ci="13" mb="0" cb="0"/><line nr="324" mi="0" ci="13" mb="0" cb="0"/><line nr="325" mi="0" ci="13" mb="0" cb="0"/><line nr="326" mi="0" ci="13" mb="0" cb="0"/><line nr="327" mi="0" ci="13" mb="0" cb="0"/><line nr="328" mi="0" ci="13" mb="0" cb="0"/><line nr="329" mi="0" ci="13" mb="0" cb="0"/><line nr="330" mi="0" ci="13" mb="0" cb="0"/><line nr="331" mi="0" ci="13" mb="0" cb="0"/><line nr="332" mi="0" ci="13" mb="0" cb="0"/><line nr="333" mi="0" ci="13" mb="0" cb="0"/><line nr="334" mi="0" ci="13" mb="0" cb="0"/><line nr="335" mi="0" ci="13" mb="0" cb="0"/><line nr="336" mi="0" ci="13" mb="0" cb="0"/><line nr="337" mi="0" ci="13" mb="0" cb="0"/><line nr="338" mi="0" ci="13" mb="0" cb="0"/><line nr="339" mi="0" ci="13" mb="0" cb="0"/><line nr="340" mi="0" ci="13" mb="0" cb="0"/><line nr="341" mi="0" ci="13" mb="0" cb="0"/><line nr="342" mi="0" ci="13" mb="0" cb="0"/><line nr="343" mi="0" ci="13" mb="0" cb="0"/><line nr="344" mi="0" ci="13" mb="0" cb="0"/><line nr="345" mi="0" ci="13" mb="0" cb="0"/><line nr="346" mi="0" ci="13" mb="0" cb="0"/><line nr="347" mi="0" ci="13" mb="0" cb="0"/><line nr="348" mi="0" ci="13" mb="0" cb="0"/><line nr="349" mi="0" ci="13" mb="0" cb="0"/><line nr="350" mi="0" ci="13" mb="0" cb="0"/><line nr="351" mi="0" ci="13" mb="0" cb="0"/><line nr="352" mi="0" ci="13" mb="0" cb="0"/><line nr="353" mi="0" ci="13" mb="0" cb="0"/><line nr="354" mi="0" ci="13" mb="0" cb="0"/><line nr="355" mi="0" ci="13" mb="0" cb="0"/><line nr="356" mi="0" ci="13" mb="0" cb="0"/><line nr="357" mi="0" ci="13" mb="0" cb="0"/><line nr="358" mi="0" ci="13" mb="0" cb="0"/><line nr="359" mi="0" ci="13" mb="0" cb="0"/><line nr="360" mi="0" ci="13" mb="0" cb="0"/><line nr="361" mi="0" ci="13" mb="0" cb="0"/><line nr="362" mi="0" ci="13" mb="0" cb="0"/><line nr="363" mi="0" ci="13" mb="0" cb="0"/><line nr="364" mi="0" ci="13" mb="0" cb="0"/><line nr="365" mi="0" ci="13" mb="0" cb="0"/><line nr="366" mi="0" ci="13" mb="0" cb="0"/><line nr="367" mi="0" ci="13" mb="0" cb="0"/><line nr="368" mi="0" ci="13" mb="0" cb="0"/><line nr="369" mi="0" ci="13" mb="0" cb="0"/><line nr="370" mi="0" ci="13" mb="0" cb="0"/><line nr="371" mi="0" ci="13" mb="0" cb="0"/><line nr="372" mi="0" ci="13" mb="0" cb="0"/><line nr="373" mi="0" ci="13" mb="0" cb="0"/><line nr="374" mi="0" ci="13" mb="0" cb="0"/><line nr="375" mi="0" ci="13" mb="0" cb="0"/><line nr="376" mi="0" ci="13" mb="0" cb="0"/><line nr="377" mi="0" ci="13" mb="0" cb="0"/><line nr="378" mi="0" ci="13" mb="0" cb="0"/><line nr="379" mi="0" ci="13" mb="0" cb="0"/><line nr="380" mi="0" ci="13" mb="0" cb="0"/><line nr="381" mi="0" ci="13" mb="0" cb="0"/><line nr="382" mi="0" ci="13" mb="0" cb="0"/><line nr="383" mi="0" ci="13" mb="0" cb="0"/><line nr="384" mi="0" ci="13" mb="0" cb="0"/><line nr="385" mi="0" ci="13" mb="0" cb="0"/><line nr="386" mi="0" ci="13" mb="0" cb="0"/><line nr="387" mi="0" ci="13" mb="0" cb="0"/><line nr="388" mi="0" ci="13" mb="0" cb="0"/><line nr="389" mi="0" ci="13" mb="0" cb="0"/><line nr="390" mi="0" ci="13" mb="0" cb="0"/><line nr="391" mi="0" ci="13" mb="0" cb="0"/><line nr="392" mi="0" ci="13" mb="0" cb="0"/><line nr="393" mi="0" ci="13" mb="0" cb="0"/><line nr="394" mi="0" ci="13" mb="0" cb="0"/><line nr="395" mi="0" ci="13" mb="0" cb="0"/><line nr="396" mi="0" ci="13" mb="0" cb="0"/><line nr="397" mi="0" ci="13" mb="0" cb="0"/><line nr="398" mi="0" ci="13" mb="0" cb="0"/><line nr="399" mi="0" ci="13" mb="0" cb="0"/><line nr="400" mi="0" ci="13" mb="0" cb="0"/><line nr="401" mi="0" ci="13" mb="0" cb="0"/><line nr="402" mi="0" ci="13" mb="0" cb="0"/><line nr="403" mi="0" ci="13" mb="0" cb="0"/><line nr="404" mi="0" ci="13" mb="0" cb="0"/><line nr="405" mi="0" ci="13" mb="0" cb="0"/><line nr="406" mi="0" ci="13" mb="0" cb="0"/><line nr="407" mi="0" ci="13" mb="0" cb="0"/><line nr="408" mi="0" ci="13" mb="0" cb="0"/><line nr="409" mi="0" ci="13" mb="0" cb="0"/><line nr="410" mi="0" ci="13" mb="0" cb="0"/><line nr="411" mi="0" ci="13" mb="0" cb="0"/><line nr="412" mi="0" ci="13" mb="0" cb="0"/><line nr="413" mi="0" ci="13" mb="0" cb="0"/><line nr="414" mi="0" ci="13" mb="0" cb="0"/><line nr="415" mi="0" ci="13" mb="0" cb="0"/><line nr="416" mi="0" ci="13" mb="0" cb="0"/><line nr="417" mi="0" ci="13" mb="0" cb="0"/><line nr="418" mi="0" ci="13" mb="0" cb="0"/><line nr="419" mi="0" ci="13" mb="0" cb="0"/><line nr="420" mi="0" ci="13" mb="0" cb="0"/><line nr="421" mi="0" ci="13" mb="0" cb="0"/><line nr="422" mi="0" ci="13" mb="0" cb="0"/><line nr="423" mi="0" ci="13" mb="0" cb="0"/><line nr="424" mi="0" ci="13" mb="0" cb="0"/><line nr="425" mi="0" ci="13" mb="0" cb="0"/><line nr="426" mi="0" ci="13" mb="0" cb="0"/><line nr="427" mi="0" ci="13" mb="0" cb="0"/><line nr="428" mi="0" ci="13" mb="0" cb="0"/><line nr="429" mi="0" ci="13" mb="0" cb="0"/><line nr="430" mi="0" ci="13" mb="0" cb="0"/><line nr="431" mi="0" ci="13" mb="0" cb="0"/><line nr="432" mi="0" ci="13" mb="0" cb="0"/><line nr="433" mi="0" ci="13" mb="0" cb="0"/><line nr="434" mi="0" ci="13" mb="0" cb="0"/><line nr="435" mi="0" ci="13" mb="0" cb="0"/><line nr="436" mi="0" ci="13" mb="0" cb="0"/><line nr="437" mi="0" ci="13" mb="0" cb="0"/><line nr="438" mi="0" ci="13" mb="0" cb="0"/><line nr="439" mi="0" ci="13" mb="0" cb="0"/><line nr="440" mi="0" ci="13" mb="0" cb="0"/><line nr="441" mi="0" ci="13" mb="0" cb="0"/><line nr="442" mi="0" ci="13" mb="0" cb="0"/><line nr="443" mi="0" ci="13" mb="0" cb="0"/><line nr="444" mi="0" ci="13" mb="0" cb="0"/><line nr="445" mi="0" ci="13" mb="0" cb="0"/><line nr="446" mi="0" ci="13" mb="0" cb="0"/><line nr="447" mi="0" ci="13" mb="0" cb="0"/><line nr="448" mi="0" ci="13" mb="0" cb="0"/><line nr="449" mi="0" ci="13" mb="0" cb="0"/><line nr="450" mi="0" ci="13" mb="0" cb="0"/><line nr="451" mi="0" ci="13" mb="0" cb="0"/><line nr="452" mi="0" ci="13" mb="0" cb="0"/><line nr="453" mi="0" ci="13" mb="0" cb="0"/><line nr="454" mi="0" ci="13" mb="0" cb="0"/><line nr="455" mi="0" ci="13" mb="0" cb="0"/><line nr="456" mi="0" ci="13" mb="0" cb="0"/><line nr="457" mi="0" ci="13" mb="0" cb="0"/><line nr="458" mi="0" ci="13" mb="0" cb="0"/><line nr="459" mi="0" ci="13" mb="0" cb="0"/><line nr="460" mi="0" ci="13" mb="0" cb="0"/><line nr="461" mi="0" ci="13" mb="0" cb="0"/><line nr="462" mi="0" ci="13" mb="0" cb="0"/><line nr="463" mi="0" ci="13" mb="0" cb="0"/><line nr="464" mi="0" ci="13" mb="0" cb="0"/><line nr="465" mi="0" ci="13" mb="0" cb="0"/><line nr="466" mi="0" ci="13" mb="0" cb="0"/><line nr="467" mi="0" ci="13" mb="0" cb="0"/><line nr="468" mi="0" ci="13" mb="0" cb="0"/><line nr="469" mi="0" ci="13" mb="0" cb="0"/><line nr="470" mi="0" ci="13" mb="0" cb="0"/><line nr="471" mi="0" ci="13" mb="0" cb="0"/><line nr="472" mi="0" ci="13" mb="0" cb="0"/><line nr="473" mi="0" ci="13" mb="0" cb="0"/><line nr="474" mi="0" ci="13" mb="0" cb="0"/><line nr="475" mi="0" ci="13" mb="0" cb="0"/><line nr="476" mi="0" ci="13" mb="0" cb="0"/><line nr="477" mi="0" ci="13" mb="0" cb="0"/><line nr="478" mi="0" ci="13" mb="0" cb="0"/><line nr="479" mi="0" ci="13" mb="0" cb="0"/><line nr="480" mi="0" ci="13" mb="0" cb="0"/><line nr="481" mi="0" ci="13" mb="0" cb="0"/><line nr="482" mi="0" ci="13" mb="0" cb="0"/><line nr="483" mi="0" ci="13" mb="0" cb="0"/><line nr="484" mi="0" ci="13" mb="0" cb="0"/><line nr="485" mi="0" ci="13" mb="0" cb="0"/><line nr="486" mi="0" ci="13" mb="0" cb="0"/><line nr="487" mi="0" ci="13" mb="0" cb="0"/><line nr="488" mi="0" ci="13" mb="0" cb="0"/><line nr="489" mi="0" ci="13" mb="0" cb="0"/><line nr="490" mi="0" ci="13" mb="0" cb="0"/><line nr="491" mi="0" ci="13" mb="0" cb="0"/><line nr="492" mi="0" ci="13" mb="0" cb="0"/><line nr="493" mi="0" ci="13" mb="0" cb="0"/><line nr="494" mi="0" ci="13" mb="0" cb="0"/><line nr="495" mi="0" ci="13" mb="0" cb="0"/><line nr="496" mi="0" ci="13" mb="0" cb="0"/><line nr="497" mi="0" ci="13" mb="0" cb="0"/><line nr="498" mi="0" ci="13" mb="0" cb="0"/><line nr="499" mi="0" ci="13" mb="0" cb="0"/><line nr="500" mi="0" ci="13" mb="0" cb="0"/><line nr="501" mi="0" ci="13" mb="0" cb="0"/><line nr="502" mi="0" ci="13" mb="0" cb="0"/><line nr="503" mi="0" ci="13" mb="0" cb="0"/><line nr="504" mi="0" ci="13" mb="0" cb="0"/><line nr="505" mi="0" ci="13" mb="0" cb="0"/><line nr="506" mi="0" ci="13" mb="0" cb="0"/><line nr="507" mi="0" ci="13" mb="0" cb="0"/><line nr="508" mi="0" ci="13" mb="0" cb="0"/><line nr="509" mi="0" ci="13" mb="0" cb="0"/><line nr="510" mi="0" ci="13" mb="0" cb="0"/><line nr="511" mi="0" ci="13" mb="0" cb="0"/><line nr="512" mi="0" ci="13" mb="0" cb="0"/><line nr="513" mi="0" ci="13" mb="0" cb="0"/><line nr="514" mi="0" ci="13" mb="0" cb="0"/><line nr="515" mi="0" ci="13" mb="0" cb="0"/><line nr="516" mi="0" ci="13" mb="0" cb="0"/><line nr="517" mi="0" ci="13" mb="0" cb="0"/><line nr="518" mi="0" ci="13" mb="0" cb="0"/><line nr="519" mi="0" ci="13" mb="0" cb="0"/><line nr="520" mi="0" ci="13" mb="0" cb="0"/><line nr="521" mi="0" ci="13" mb="0" cb="0"/><line nr="522" mi="0" ci="13" mb="0" cb="0"/><line nr="523" mi="0" ci="13" mb="0" cb="0"/><line nr="524" mi="0" ci="13" mb="0" cb="0"/><line nr="525" mi="0" ci="13" mb="0" cb="0"/><line nr="526" mi="0" ci="13" mb="0" cb="0"/><line nr="527" mi="0" ci="13" mb="0" cb="0"/><line nr="528" mi="0" ci="13" mb="0" cb="0"/><line nr="529" mi="0" ci="13" mb="0" cb="0"/><line nr="530" mi="0" ci="13" mb="0" cb="0"/><line nr="531" mi="0" ci="13" mb="0" cb="0"/><line nr="532" mi="0" ci="13" mb="0" cb="0"/><line nr="533" mi="0" ci="13" mb="0" cb="0"/><line nr="534" mi="0" ci="13" mb="0" cb="0"/><line nr="535" mi="0" ci="13" mb="0" cb="0"/><line nr="536" mi="0" ci="13" mb="0" cb="0"/><line nr="537" mi="0" ci="13" mb="0" cb="0"/><line nr="538" mi="0" ci="13" mb="0" cb="0"/><line nr="539" mi="0" ci="13" mb="0" cb="0"/><line nr="540" mi="0" ci="13" mb="0" cb="0"/><line nr="541" mi="0" ci="13" mb="0" cb="0"/><line nr="542" mi="0" ci="13" mb="0" cb="0"/><line nr="543" mi="0" ci="13" mb="0" cb="0"/><line nr="544" mi="0" ci="13" mb="0" cb="0"/><line nr="545" mi="0" ci="13" mb="0" cb="0"/><line nr="546" mi="0" ci="13" mb="0" cb="0"/><line nr="547" mi="0" ci="13" mb="0" cb="0"/><line nr="548" mi="0" ci="13" mb="0" cb="0"/><line nr="549" mi="0" ci="13" mb="0" cb="0"/><line nr="550" mi="0" ci="13" mb="0" cb="0"/><line nr="551" mi="0" ci="13" mb="0" cb="0"/><line nr="552" mi="0" ci="13" mb="0" cb="0"/><line nr="553" mi="0" ci="13" mb="0" cb="0"/><line nr="554" mi="0" ci="13" mb="0" cb="0"/><line nr="555" mi="0" ci="13" mb="0" cb="0"/><line nr="556" mi="0" ci="13" mb="0" cb="0"/><line nr="557" mi="0" ci="13" mb="0" cb="0"/><line nr="558" mi="0" ci="13" mb="0" cb="0"/><line nr="559" mi="0" ci="13" mb="0" cb="0"/><line nr="560" mi="0" ci="13" mb="0" cb="0"/><line nr="561" mi="0" ci="13" mb="0" cb="0"/><line nr="562" mi="0" ci="13" mb="0" cb="0"/><line nr="563" mi="0" ci="13" mb="0" cb="0"/><line nr="564" mi="0" ci="13" mb="0" cb="0"/><line nr="565" mi="0" ci="13" mb="0" cb="0"/><line nr="566" mi="0" ci="13" mb="0" cb="0"/><line nr="567" mi="0" ci="13" mb="0" cb="0"/><line nr="568" mi="0" ci="13" mb="0" cb="0"/><line nr="569" mi="0" ci="13" mb="0" cb="0"/><line nr="570" mi="0" ci="13" mb="0" cb="0"/><line nr="571" mi="0" ci="13" mb="0" cb="0"/><line nr="572" mi="0" ci="13" mb="0" cb="0"/><line nr="573" mi="0" ci="13" mb="0" cb="0"/><line nr="574" mi="0" ci="13" mb="0" cb="0"/><line nr="575" mi="0" ci="13" mb="0" cb="0"/><line nr="576" mi="0" ci="13" mb="0" cb="0"/><line nr="577" mi="0" ci="13" mb="0" cb="0"/><line nr="578" mi="0" ci="13" mb="0" cb="0"/><line nr="579" mi="0" ci="13" mb="0" cb="0"/><line nr="580" mi="0" ci="13" mb="0" cb="0"/><line nr="581" mi="0" ci="13" mb="0" cb="0"/><line nr="582" mi="0" ci="13" mb="0" cb="0"/><line nr="583" mi="0" ci="13" mb="0" cb="0"/><line nr="584" mi="0" ci="13" mb="0" cb="0"/><line nr="585" mi="0" ci="13" mb="0" cb="0"/><line nr="586" mi="0" ci="13" mb="0" cb="0"/><line nr="587" mi="0" ci="13" mb="0" cb="0"/><line nr="588" mi="0" ci="13" mb="0" cb="0"/><line nr="589" mi="0" ci="13" mb="0" cb="0"/><line nr="590" mi="0" ci="13" mb="0" cb="0"/><line nr="591" mi="0" ci="13" mb="0" cb="0"/><line nr="592" mi="0" ci="13" mb="0" cb="0"/><line nr="593" mi="0" ci="13" mb="0" cb="0"/><line nr="594" mi="0" ci="13" mb="0" cb="0"/><line nr="595" mi="0" ci="13" mb="0" cb="0"/><line nr="596" mi="0" ci="13" mb="0" cb="0"/><line nr="597" mi="0" ci="13" mb="0" cb="0"/><line nr="598" mi="0" ci="13" mb="0" cb="0"/><line nr="599" mi="0" ci="13" mb="0" cb="0"/><line nr="600" mi="0" ci="13" mb="0" cb="0"/><line nr="601" mi="0" ci="13" mb="0" cb="0"/><line nr="602" mi="0" ci="13" mb="0" cb="0"/><line nr="603" mi="0" ci="13" mb="0" cb="0"/><line nr="604" mi="0" ci="13" mb="0" cb="0"/><line nr="605" mi="0" ci="13" mb="0" cb="0"/><line nr="606" mi="0" ci="13" mb="0" cb="0"/><line nr="607" mi="0" ci="13" mb="0" cb="0"/><line nr="608" mi="0" ci="13" mb="0" cb="0"/><line nr="609" mi="0" ci="13" mb="0" cb="0"/><line nr="610" mi="0" ci="13" mb="0" cb="0"/><line nr="611" mi="0" ci="13" mb="0" cb="0"/><line nr="612" mi="0" ci="13" mb="0" cb="0"/><line nr="613" mi="0" ci="13" mb="0" cb="0"/><line nr="614" mi="0" ci="13" mb="0" cb="0"/><line nr="615" mi="0" ci="13" mb="0" cb="0"/><line nr="616" mi="0" ci="13" mb="0" cb="0"/><line nr="617" mi="0" ci="13" mb="0" cb="0"/><line nr="618" mi="0" ci="13" mb="0" cb="0"/><line nr="619" mi="0" ci="13" mb="0" cb="0"/><line nr="620" mi="0" ci="13" mb="0" cb="0"/><line nr="621" mi="0" ci="13" mb="0" cb="0"/><line nr="622" mi="0" ci="13" mb="0" cb="0"/><line nr="623" mi="0" ci="13" mb="0" cb="0"/><line nr="624" mi="0" ci="13" mb="0" cb="0"/><line nr="625" mi="0" ci="13" mb="0" cb="0"/><line nr="626" mi="0" ci="13" mb="0" cb="0"/><line nr="627" mi="0" ci="13" mb="0" cb="0"/><line nr="628" mi="0" ci="13" mb="0" cb="0"/><line nr="629" mi="0" ci="13" mb="0" cb="0"/><line nr="630" mi="0" ci="13" mb="0" cb="0"/><line nr="631" mi="0" ci="13" mb="0" cb="0"/><line nr="632" mi="0" ci="13" mb="0" cb="0"/><line nr="633" mi="0" ci="13" mb="0" cb="0"/><line nr="634" mi="0" ci="13" mb="0" cb="0"/><line nr="635" mi="0" ci="13" mb="0" cb="0"/><line nr="636" mi="0" ci="13" mb="0" cb="0"/><line nr="637" mi="0" ci="13" mb="0" cb="0"/><line nr="638" mi="0" ci="13" mb="0" cb="0"/><line nr="639" mi="0" ci="13" mb="0" cb="0"/><line nr="640" mi="0" ci="13" mb="0" cb="0"/><line nr="641" mi="0" ci="13" mb="0" cb="0"/><line nr="642" mi="0" ci="13" mb="0" cb="0"/><line nr="643" mi="0" ci="13" mb="0" cb="0"/><line nr="644" mi="0" ci="13" mb="0" cb="0"/><line nr="645" mi="0" ci="13" mb="0" cb="0"/><line nr="646" mi="0" ci="13" mb="0" cb="0"/><line nr="647" mi="0" ci="13" mb="0" cb="0"/><line nr="648" mi="0" ci="13" mb="0" cb="0"/><line nr="649" mi="0" ci="13" mb="0" cb="0"/><line nr="650" mi="0" ci="13" mb="0" cb="0"/><line nr="651" mi="0" ci="13" mb="0" cb="0"/><line nr="652" mi="0" ci="13" mb="0" cb="0"/><line nr="653" mi="0" ci="13" mb="0" cb="0"/><line nr="654" mi="0" ci="13" mb="0" cb="0"/><line nr="655" mi="0" ci="13" mb="0" cb="0"/><line nr="656" mi="0" ci="13" mb="0" cb="0"/><line nr="657" mi="0" ci="13" mb="0" cb="0"/><line nr="658" mi="0" ci="13" mb="0" cb="0"/><line nr="659" mi="0" ci="13" mb="0" cb="0"/><line nr="660" mi="0" ci="13" mb="0" cb="0"/><line nr="661" mi="0" ci="13" mb="0" cb="0"/><line nr="662" mi="0" ci="13" mb="0" cb="0"/><line nr="663" mi="0" ci="13" mb="0" cb="0"/><line nr="664" mi="0" ci="13" mb="0" cb="0"/><line nr="665" mi="0" ci="13" mb="0" cb="0"/><line nr="666" mi="0" ci="13" mb="0" cb="0"/><line nr="667" mi="0" ci="13" mb="0" cb="0"/><line nr="668" mi="0" ci="13" mb="0" cb="0"/><line nr="669" mi="0" ci="13" mb="0" cb="0"/><line nr="670" mi="0" ci="13" mb="0" cb="0"/><line nr="671" mi="0" ci="13" mb="0" cb="0"/><line nr="672" mi="0" ci="13" mb="0" cb="0"/><line nr="673" mi="0" ci="13" mb="0" cb="0"/><line nr="674" mi="0" ci="13" mb="0" cb="0"/><line nr="675" mi="0" ci="13" mb="0" cb="0"/><line nr="677" mi="0" ci="1" mb="0" cb="0"/><line nr="681" mi="0" ci="3" mb="0" cb="0"/><line nr="683" mi="0" ci="11" mb="0" cb="2"/><line nr="684" mi="0" ci="7" mb="0" cb="0"/><line nr="685" mi="0" ci="1" mb="0" cb="0"/><line nr="687" mi="1" ci="0" mb="0" cb="0"/><line nr="688" mi="2" ci="0" mb="0" cb="0"/><line nr="689" mi="0" ci="1" mb="0" cb="0"/><line nr="691" mi="0" ci="3" mb="0" cb="0"/><counter type="INSTRUCTION" missed="67" covered="7597"/><counter type="BRANCH" missed="0" covered="2"/><counter type="LINE" missed="11" covered="609"/><counter type="COMPLEXITY" missed="1" covered="12"/><counter type="METHOD" missed="1" covered="11"/><counter type="CLASS" missed="0" covered="1"/></sourcefile><counter type="INSTRUCTION" missed="208" covered="15250"/><counter type="BRANCH" missed="32" covered="118"/><counter type="LINE" missed="29" covered="1522"/><counter type="COMPLEXITY" missed="34" covered="115"/><counter type="METHOD" missed="5" covered="69"/><counter type="CLASS" missed="0" covered="5"/></package><counter type="INSTRUCTION" missed="208" covered="15250"/><counter type="BRANCH" missed="32" covered="118"/><counter type="LINE" missed="29" covered="1522"/><counter type="COMPLEXITY" missed="34" covered="115"/><counter type="METHOD" missed="5" covered="69"/><counter type="CLASS" missed="0" covered="5"/></report>