GROUP,PACKAGE,CLASS,INSTRUCTION_MISSED,INSTRUCTION_COVERED,BRANCH_MISSED,BRANCH_COVERED,LINE_MISSED,LINE_COVERED,COMPLEXITY_MISSED,COMPLEXITY_COVERED,METHOD_MISSED,METHOD_COVERED
tangogo,com.example,CompanyBankAccount,46,6389,0,0,6,651,1,7,1,7
tangogo,com.example,ReconciliationTool,29,820,21,89,7,168,19,76,1,39
tangogo,com.example,BankStatement,67,7854,0,2,11,628,1,12,1,11
tangogo,com.example,Transaction,69,425,15,39,4,84,16,23,1,11
tangogo,com.example,Print,3,161,2,6,1,34,3,7,1,5
tangogo,com.example,OCBCStatement,3,0,0,0,1,0,1,0,1,0
