<?xml version="1.0" encoding="UTF-8"?>
<testsuite xmlns:xsi="http://www.w3.org/2001/XMLSchema-instance" xsi:noNamespaceSchemaLocation="https://maven.apache.org/surefire/maven-surefire-plugin/xsd/surefire-test-report-3.0.xsd" version="3.0" name="com.example.tests.TestReconciliationTool" time="1.443" tests="9" errors="0" skipped="0" failures="0">
  <properties>
[...]
</properties>
  <testcase name="expect_to_reconcile_cheque_transaction_by_cheque_no" classname="com.example.tests.TestReconciliationTool" time="0.239">
    <system-out><![CDATA[PAYNOW -- PAYNOW -- FBL9376U-002 : 012~012 IN
from MUHAMMAD ZUHAI | OTHR - Other FUND TRANSFER | via PayNow-UEN | FUND TRANSFER
&amp#27;[36m ||||||||| PRINTING RECORDS ||||||||| :::RECORD
 | Record Ref ID | Transaction Amount | Transaction Date | Reconciled? | Reconciled with Txn Ref ID | Transaction Description | CHEQUE NO | CHANNEL |
 | com.example.Transaction@5990e6c5 | 260.0 | 13/09/2020 | true | com.example.Transaction@6e6d5d29 | PAYNOW -- PAYNOW -- FBL9376U-002 : 012~012 IN |  |  | MAY-MATCH | 
&amp#27;[0m
IBANKING -- IBANKING -- FBQ4745U-001 : 011~011 IN
MOHD RAZALI BIN MOH | PAYMENT/TRANSFER OTHR MOHD RAZALI BIN MOH FBQ4745U 83210310 | OTHR | PAYMENT/TRANSFER
&amp#27;[36m ||||||||| PRINTING RECORDS ||||||||| :::RECORD
 | Record Ref ID | Transaction Amount | Transaction Date | Reconciled? | Reconciled with Txn Ref ID | Transaction Description | CHEQUE NO | CHANNEL |
 | com.example.Transaction@24f360b2 | 218.0 | 01/09/2020 | true | com.example.Transaction@32811494 | IBANKING -- IBANKING -- FBQ4745U-001 : 011~011 IN |  |  | MAY-MATCH | 
&amp#27;[0m
IBANKING -- IBANKING -- FBL3296G-001 : 048~048 IN
from FBL3296G FARID | OTHR - Other FUND TRANSFER |  | FUND TRANSFER
&amp#27;[36m ||||||||| PRINTING RECORDS ||||||||| :::RECORD
 | Record Ref ID | Transaction Amount | Transaction Date | Reconciled? | Reconciled with Txn Ref ID | Transaction Description | CHEQUE NO | CHANNEL |
 | com.example.Transaction@60cf80e7 | 251.0 | 01/09/2020 | true | com.example.Transaction@4795ded0 | IBANKING -- IBANKING -- FBL3296G-001 : 048~048 IN |  |  | MAY-MATCH | 
&amp#27;[0m
IBANKING -- IBANKING -- FBG0332G-001 : 040~040 IN
HO CHI WING | PAYMENT/TRANSFER OTHR HO CHI WING FBG0332G | OTHR | PAYMENT/TRANSFER
&amp#27;[36m ||||||||| PRINTING RECORDS ||||||||| :::RECORD
 | Record Ref ID | Transaction Amount | Transaction Date | Reconciled? | Reconciled with Txn Ref ID | Transaction Description | CHEQUE NO | CHANNEL |
 | com.example.Transaction@302fec27 | 438.0 | 01/09/2020 | true | com.example.Transaction@53dacd14 | IBANKING -- IBANKING -- FBG0332G-001 : 040~040 IN |  |  | MAY-MATCH | 
&amp#27;[0m
IBANKING -- IBANKING -- FBA2060J-001 : 007~000 IN
MOHAMED AJMEL BIN M | PAYMENT/TRANSFER OTHR MOHAMED AJMEL BIN M Ajmel fba2060j | OTHR | PAYMENT/TRANSFER
&amp#27;[36m ||||||||| PRINTING RECORDS ||||||||| :::RECORD
 | Record Ref ID | Transaction Amount | Transaction Date | Reconciled? | Reconciled with Txn Ref ID | Transaction Description | CHEQUE NO | CHANNEL |
 | com.example.Transaction@770d0ea6 | 200.0 | 01/09/2020 | true | com.example.Transaction@14d14731 | IBANKING -- IBANKING -- FBA2060J-001 : 007~000 IN |  |  | MAY-MATCH | 
&amp#27;[0m
IBANKING -- IBANKING -- FBK7313U-002 : 005~005 IN
HELMI HUSAINI BIN S | PAYMENT/TRANSFER OTHR S$ HELMI HUSAINI BIN S via PayNow: FBK7313U | OTHR S$ | PAYMENT/TRANSFER
&amp#27;[36m ||||||||| PRINTING RECORDS ||||||||| :::RECORD
 | Record Ref ID | Transaction Amount | Transaction Date | Reconciled? | Reconciled with Txn Ref ID | Transaction Description | CHEQUE NO | CHANNEL |
 | com.example.Transaction@48c40605 | 160.0 | 01/09/2020 | true | com.example.Transaction@2eced48b | IBANKING -- IBANKING -- FBK7313U-002 : 005~005 IN |  |  | MAY-MATCH | 
&amp#27;[0m
IBANKING -- IBANKING -- FBL9839B-001 : 039~039 IN
SHER WENYONG BENJAM | PAYMENT/TRANSFER OTHR SHER WENYONG BENJAM FBL9839B | OTHR | PAYMENT/TRANSFER
&amp#27;[36m ||||||||| PRINTING RECORDS ||||||||| :::RECORD
 | Record Ref ID | Transaction Amount | Transaction Date | Reconciled? | Reconciled with Txn Ref ID | Transaction Description | CHEQUE NO | CHANNEL |
 | com.example.Transaction@54107f42 | 244.0 | 03/09/2020 | true | com.example.Transaction@f001896 | IBANKING -- IBANKING -- FBL9839B-001 : 039~039 IN |  |  | MAY-MATCH | 
&amp#27;[0m
IBANKING -- IBANKING -- FBR1665G-001 : 006~006 IN
VILLAFUERTE ARIEL D | PAYMENT/TRANSFER COLL VILLAFUERTE ARIEL D FBR1665G SEPT2020 | COLL | PAYMENT/TRANSFER
&amp#27;[36m ||||||||| PRINTING RECORDS ||||||||| :::RECORD
 | Record Ref ID | Transaction Amount | Transaction Date | Reconciled? | Reconciled with Txn Ref ID | Transaction Description | CHEQUE NO | CHANNEL |
 | com.example.Transaction@1b11ef33 | 352.0 | 06/09/2020 | true | com.example.Transaction@3543df7d | IBANKING -- IBANKING -- FBR1665G-001 : 006~006 IN |  |  | MAY-MATCH | 
&amp#27;[0m
PAYNOW -- PAYNOW -- FBJ8075E-002 : 040~040 IN
ARHAB SADEED | PAYMENT/TRANSFER OTHR S$ ARHAB SADEED via PayNow: FBJ8075E | OTHR S$ | PAYMENT/TRANSFER
&amp#27;[36m ||||||||| PRINTING RECORDS ||||||||| :::RECORD
 | Record Ref ID | Transaction Amount | Transaction Date | Reconciled? | Reconciled with Txn Ref ID | Transaction Description | CHEQUE NO | CHANNEL |
 | com.example.Transaction@476aac9 | 240.0 | 06/09/2020 | true | com.example.Transaction@7c541c15 | PAYNOW -- PAYNOW -- FBJ8075E-002 : 040~040 IN |  |  | MAY-MATCH | 
&amp#27;[0m
PAYNOW -- PAYNOW -- FBR2590G-001 : 005~005 IN
MUHAMMAD AMIRUL HAK | PAYMENT/TRANSFER OTHR S$ MUHAMMAD AMIRUL HAK via PayNow: 198903552W | OTHR S$ | PAYMENT/TRANSFER
&amp#27;[36m ||||||||| PRINTING RECORDS ||||||||| :::RECORD
 | Record Ref ID | Transaction Amount | Transaction Date | Reconciled? | Reconciled with Txn Ref ID | Transaction Description | CHEQUE NO | CHANNEL |
 | com.example.Transaction@6cea706c | 322.0 | 06/09/2020 | true | com.example.Transaction@3542162a | PAYNOW -- PAYNOW -- FBR2590G-001 : 005~005 IN |  |  | MAY-MATCH | 
&amp#27;[0m
IBANKING -- IBANKING -- FBQ8185J-001 : 006~006 IN
from FBQ8185J HARUN | OTHR - FBQ8185J FUND TRANSFER |  | FUND TRANSFER
&amp#27;[36m ||||||||| PRINTING RECORDS ||||||||| :::RECORD
 | Record Ref ID | Transaction Amount | Transaction Date | Reconciled? | Reconciled with Txn Ref ID | Transaction Description | CHEQUE NO | CHANNEL |
 | com.example.Transaction@3bd7f8dc | 217.0 | 06/09/2020 | true | com.example.Transaction@698122b2 | IBANKING -- IBANKING -- FBQ8185J-001 : 006~006 IN |  |  | MAY-MATCH | 
&amp#27;[0m
IBANKING -- IBANKING -- FBP6139L-001 : 017~017 IN
INDRA SUKMA BIN BUH | PAYMENT/TRANSFER IHRP INDRA SUKMA BIN BUH FBP6139L- SEPTEMBER 2020 | IHRP | PAYMENT/TRANSFER
&amp#27;[36m ||||||||| PRINTING RECORDS ||||||||| :::RECORD
 | Record Ref ID | Transaction Amount | Transaction Date | Reconciled? | Reconciled with Txn Ref ID | Transaction Description | CHEQUE NO | CHANNEL |
 | com.example.Transaction@2f2bf0e2 | 484.0 | 06/09/2020 | true | com.example.Transaction@4212a0c8 | IBANKING -- IBANKING -- FBP6139L-001 : 017~017 IN |  |  | MAY-MATCH | 
&amp#27;[0m
PAYNOW -- PAYNOW -- FBP8163C-001 : 014~014 IN
ABDULLAH KHALESH KA | PAYMENT/TRANSFER OTHR S$ ABDULLAH KHALESH KA via PayNow: FBP 8163 C | OTHR S$ | PAYMENT/TRANSFER
&amp#27;[36m ||||||||| PRINTING RECORDS ||||||||| :::RECORD
 | Record Ref ID | Transaction Amount | Transaction Date | Reconciled? | Reconciled with Txn Ref ID | Transaction Description | CHEQUE NO | CHANNEL |
 | com.example.Transaction@1eba372c | 261.0 | 07/09/2020 | true | com.example.Transaction@5e81e5ac | PAYNOW -- PAYNOW -- FBP8163C-001 : 014~014 IN |  |  | MAY-MATCH | 
&amp#27;[0m
IBANKING -- IBANKING -- FBP1309X-001 : 019~019 IN
FARHANI SHEREEN BTE | PAYMENT/TRANSFER OTHR FARHANI SHEREEN BTE FBP1309X | OTHR | PAYMENT/TRANSFER
&amp#27;[36m ||||||||| PRINTING RECORDS ||||||||| :::RECORD
 | Record Ref ID | Transaction Amount | Transaction Date | Reconciled? | Reconciled with Txn Ref ID | Transaction Description | CHEQUE NO | CHANNEL |
 | com.example.Transaction@21ec5d87 | 203.0 | 08/09/2020 | true | com.example.Transaction@aa549e5 | IBANKING -- IBANKING -- FBP1309X-001 : 019~019 IN |  |  | MAY-MATCH | 
&amp#27;[0m
IBANKING -- IBANKING -- FBP2944E-001 : 018~018 IN
ISMAIL BIN MOHD JAI | PAYMENT/TRANSFER IHRP ISMAIL BIN MOHD JAI FBP2944E Ismail Mohd Jai | IHRP | PAYMENT/TRANSFER
&amp#27;[36m ||||||||| PRINTING RECORDS ||||||||| :::RECORD
 | Record Ref ID | Transaction Amount | Transaction Date | Reconciled? | Reconciled with Txn Ref ID | Transaction Description | CHEQUE NO | CHANNEL |
 | com.example.Transaction@25f9407e | 254.0 | 08/09/2020 | true | com.example.Transaction@36f48b4 | IBANKING -- IBANKING -- FBP2944E-001 : 018~018 IN |  |  | MAY-MATCH | 
&amp#27;[0m
PAYNOW -- PAYNOW -- FW9186X-001 : 010~010 INS
SZE WEI KIAT | PAYMENT/TRANSFER OTHR S$ SZE WEI KIAT via PayNow: FW9186X | OTHR S$ | PAYMENT/TRANSFER
&amp#27;[36m ||||||||| PRINTING RECORDS ||||||||| :::RECORD
 | Record Ref ID | Transaction Amount | Transaction Date | Reconciled? | Reconciled with Txn Ref ID | Transaction Description | CHEQUE NO | CHANNEL |
 | com.example.Transaction@552518c3 | 350.0 | 08/09/2020 | true | com.example.Transaction@5c00384f | PAYNOW -- PAYNOW -- FW9186X-001 : 010~010 INS |  |  | MAY-MATCH | 
&amp#27;[0m
PAYNOW -- PAYNOW -- FBK7253J-002 : 023~023 IN
HANNAN HUZAIFI BIN | PAYMENT/TRANSFER OTHR S$ HANNAN HUZAIFI BIN via PayNow: Fbk7253j | OTHR S$ | PAYMENT/TRANSFER
&amp#27;[36m ||||||||| PRINTING RECORDS ||||||||| :::RECORD
 | Record Ref ID | Transaction Amount | Transaction Date | Reconciled? | Reconciled with Txn Ref ID | Transaction Description | CHEQUE NO | CHANNEL |
 | com.example.Transaction@1a69561c | 158.0 | 08/09/2020 | true | com.example.Transaction@3b7ff809 | PAYNOW -- PAYNOW -- FBK7253J-002 : 023~023 IN |  |  | MAY-MATCH | 
&amp#27;[0m
GIRO:OCBC -- GIRO:OCBC -- SJT1188L PREVIA [38/84]
HONG LEONG FINANCE | HLF-030 DUE 20200910 IBG GIRO | IHRP 38316717005680 | IBG GIRO
&amp#27;[36m ||||||||| PRINTING RECORDS ||||||||| :::RECORD
 | Record Ref ID | Transaction Amount | Transaction Date | Reconciled? | Reconciled with Txn Ref ID | Transaction Description | CHEQUE NO | CHANNEL |
 | com.example.Transaction@59aa20b3 | -1350.0 | 13/09/2020 | true | com.example.Transaction@6cfcd46d | GIRO:OCBC -- GIRO:OCBC -- SJT1188L PREVIA [38/84] |  |  | MAY-MATCH | 
&amp#27;[0m
P200907:OCBC -- P200907:OCBC -- AUG 2020
P200907 | FUND TRANSFER Fund Transfer to account 601265671001 SGD 904.15@1 Atan Motoring Supply Pte Ltd - Aug 2020 | CT0019530884 | FUND TRANSFER
&amp#27;[36m ||||||||| PRINTING RECORDS ||||||||| :::RECORD
 | Record Ref ID | Transaction Amount | Transaction Date | Reconciled? | Reconciled with Txn Ref ID | Transaction Description | CHEQUE NO | CHANNEL |
 | com.example.Transaction@363f6148 | -904.15 | 04/09/2020 | true | com.example.Transaction@3e5499cc | P200907:OCBC -- P200907:OCBC -- AUG 2020 |  |  | MAY-MATCH | 
&amp#27;[0m
IBANKING -- IBANKING -- FBR1534B-001 : 006~006 IN
RADIWATI BTE MOHAME | PAYMENT/TRANSFER OTHR RADIWATI BTE MOHAME FBR1534B | OTHR | PAYMENT/TRANSFER
&amp#27;[36m ||||||||| PRINTING RECORDS ||||||||| :::RECORD
 | Record Ref ID | Transaction Amount | Transaction Date | Reconciled? | Reconciled with Txn Ref ID | Transaction Description | CHEQUE NO | CHANNEL |
 | com.example.Transaction@4b21844c | 226.0 | 14/09/2020 | true | com.example.Transaction@5b444398 | IBANKING -- IBANKING -- FBR1534B-001 : 006~006 IN |  |  | MAY-MATCH | 
&amp#27;[0m
IBANKING -- IBANKING -- FBP9517J-001 : 014~014 IN
FOREST CHILD CADRE | PAYMENT/TRANSFER ALLW FOREST CHILD CADRE EBGPP00912760247 | ALLW | PAYMENT/TRANSFER
&amp#27;[36m ||||||||| PRINTING RECORDS ||||||||| :::RECORD
 | Record Ref ID | Transaction Amount | Transaction Date | Reconciled? | Reconciled with Txn Ref ID | Transaction Description | CHEQUE NO | CHANNEL |
 | com.example.Transaction@1b28f282 | 193.0 | 12/09/2020 | true | com.example.Transaction@a776e | IBANKING -- IBANKING -- FBP9517J-001 : 014~014 IN |  |  | MAY-MATCH | 
&amp#27;[0m
IBANKING -- IBANKING -- FBK5286C-002 : 019~019 IN
from FBK5286C SHARE | OTHR - Other FUND TRANSFER |  | FUND TRANSFER
&amp#27;[36m ||||||||| PRINTING RECORDS ||||||||| :::RECORD
 | Record Ref ID | Transaction Amount | Transaction Date | Reconciled? | Reconciled with Txn Ref ID | Transaction Description | CHEQUE NO | CHANNEL |
 | com.example.Transaction@138fe6ec | 246.0 | 13/09/2020 | true | com.example.Transaction@1f2f9244 | IBANKING -- IBANKING -- FBK5286C-002 : 019~019 IN |  |  | MAY-MATCH | 
&amp#27;[0m
CASH -- CASH -- TRF : PETTY CASH TO CASH
 | CASH DEPOSIT     CDM |  | CASH DEPOSIT     CDM
&amp#27;[36m ||||||||| PRINTING RECORDS ||||||||| :::RECORD
 | Record Ref ID | Transaction Amount | Transaction Date | Reconciled? | Reconciled with Txn Ref ID | Transaction Description | CHEQUE NO | CHANNEL |
 | com.example.Transaction@5e77f0f4 | 9950.0 | 13/09/2020 | true | com.example.Transaction@6821ea29 | CASH -- CASH -- TRF : PETTY CASH TO CASH |  |  | MAY-MATCH | 
&amp#27;[0m
CASH -- CASH -- TRF : PETTY CASH TO CASH
 | CASH DEPOSIT     CDM |  | CASH DEPOSIT     CDM
&amp#27;[36m ||||||||| PRINTING RECORDS ||||||||| :::RECORD
 | Record Ref ID | Transaction Amount | Transaction Date | Reconciled? | Reconciled with Txn Ref ID | Transaction Description | CHEQUE NO | CHANNEL |
 | com.example.Transaction@19b30c92 | 10000.0 | 13/09/2020 | true | com.example.Transaction@338494fa | CASH -- CASH -- TRF : PETTY CASH TO CASH |  |  | MAY-MATCH | 
&amp#27;[0m
CASH -- CASH -- TRF : PETTY CASH TO CASH
 | CASH DEPOSIT     CDM |  | CASH DEPOSIT     CDM
&amp#27;[36m ||||||||| PRINTING RECORDS ||||||||| :::RECORD
 | Record Ref ID | Transaction Amount | Transaction Date | Reconciled? | Reconciled with Txn Ref ID | Transaction Description | CHEQUE NO | CHANNEL |
 | com.example.Transaction@455351c4 | 5850.0 | 13/09/2020 | true | com.example.Transaction@505a9d7c | CASH -- CASH -- TRF : PETTY CASH TO CASH |  |  | MAY-MATCH | 
&amp#27;[0m
IBANKING -- IBANKING -- FBG0756S-003 : 005~006 IN
RAZALI BIN JOHARI | PAYMENT/TRANSFER OTHR RAZALI BIN JOHARI Transfer | OTHR | PAYMENT/TRANSFER
&amp#27;[36m ||||||||| PRINTING RECORDS ||||||||| :::RECORD
 | Record Ref ID | Transaction Amount | Transaction Date | Reconciled? | Reconciled with Txn Ref ID | Transaction Description | CHEQUE NO | CHANNEL |
 | com.example.Transaction@29876704 | 360.0 | 13/09/2020 | true | com.example.Transaction@758c83d8 | IBANKING -- IBANKING -- FBG0756S-003 : 005~006 IN |  |  | MAY-MATCH | 
&amp#27;[0m
IBANKING -- IBANKING -- FBP1782L-001 : 019~019 IN
from FBD7182L MUHAM | OTHR - FBP1782L FUND TRANSFER |  | FUND TRANSFER
&amp#27;[36m ||||||||| PRINTING RECORDS ||||||||| :::RECORD
 | Record Ref ID | Transaction Amount | Transaction Date | Reconciled? | Reconciled with Txn Ref ID | Transaction Description | CHEQUE NO | CHANNEL |
 | com.example.Transaction@4816c290 | 270.0 | 13/09/2020 | true | com.example.Transaction@129b4fe2 | IBANKING -- IBANKING -- FBP1782L-001 : 019~019 IN |  |  | MAY-MATCH | 
&amp#27;[0m
IBANKING -- IBANKING -- FBG2736L-001 : 031~031 IN
NURHIDAYAH BTE MOLI | PAYMENT/TRANSFER OTHR S$ NURHIDAYAH BTE MOLI via PayNow: FBL6182G | OTHR S$ | PAYMENT/TRANSFER
&amp#27;[36m ||||||||| PRINTING RECORDS ||||||||| :::RECORD
 | Record Ref ID | Transaction Amount | Transaction Date | Reconciled? | Reconciled with Txn Ref ID | Transaction Description | CHEQUE NO | CHANNEL |
 | com.example.Transaction@4940809c | 202.0 | 12/09/2020 | true | com.example.Transaction@5af3a0f | IBANKING -- IBANKING -- FBG2736L-001 : 031~031 IN |  |  | MAY-MATCH | 
&amp#27;[0m
PAYNOW -- PAYNOW -- FBP1376B-001 : 019~019 IN
MUHAMMAD AFIQ BIN A | PAYMENT/TRANSFER OTHR S$ MUHAMMAD AFIQ BIN A via PayNow: FBP1376B | OTHR S$ | PAYMENT/TRANSFER
&amp#27;[36m ||||||||| PRINTING RECORDS ||||||||| :::RECORD
 | Record Ref ID | Transaction Amount | Transaction Date | Reconciled? | Reconciled with Txn Ref ID | Transaction Description | CHEQUE NO | CHANNEL |
 | com.example.Transaction@16423501 | 267.0 | 13/09/2020 | true | com.example.Transaction@19ae6bb | PAYNOW -- PAYNOW -- FBP1376B-001 : 019~019 IN |  |  | MAY-MATCH | 
&amp#27;[0m
IBANKING -- IBANKING -- FBP4314K-001 : 018~018 IN
MUHAMMAD ANDIKA BIN | PAYMENT/TRANSFER OTHR MUHAMMAD ANDIKA BIN FBP4314K | OTHR | PAYMENT/TRANSFER
&amp#27;[36m ||||||||| PRINTING RECORDS ||||||||| :::RECORD
 | Record Ref ID | Transaction Amount | Transaction Date | Reconciled? | Reconciled with Txn Ref ID | Transaction Description | CHEQUE NO | CHANNEL |
 | com.example.Transaction@4efcf8a | 216.0 | 13/09/2020 | true | com.example.Transaction@10993713 | IBANKING -- IBANKING -- FBP4314K-001 : 018~018 IN |  |  | MAY-MATCH | 
&amp#27;[0m
PAYNOW -- PAYNOW -- FBQ4082Z-001 : 012~012 IN
MUHAMMAD ZUHAIDI BI | PAYMENT/TRANSFER OTHR S$ MUHAMMAD ZUHAIDI BI via PayNow: 198903552W | OTHR S$ | PAYMENT/TRANSFER
&amp#27;[36m ||||||||| PRINTING RECORDS ||||||||| :::RECORD
 | Record Ref ID | Transaction Amount | Transaction Date | Reconciled? | Reconciled with Txn Ref ID | Transaction Description | CHEQUE NO | CHANNEL |
 | com.example.Transaction@7a138fc5 | 260.0 | 27/09/2020 | true | com.example.Transaction@58359ebd | PAYNOW -- PAYNOW -- FBQ4082Z-001 : 012~012 IN |  |  | MAY-MATCH | 
&amp#27;[0m
IBANKING -- IBANKING -- FBL6182G-001 : 044~044 IN
WAHAB BIN MOHD ISA | SI               FBP2238K IBG GIRO | OTHR | IBG GIRO
&amp#27;[36m ||||||||| PRINTING RECORDS ||||||||| :::RECORD
 | Record Ref ID | Transaction Amount | Transaction Date | Reconciled? | Reconciled with Txn Ref ID | Transaction Description | CHEQUE NO | CHANNEL |
 | com.example.Transaction@379ab47b | 202.0 | 13/09/2020 | true | com.example.Transaction@56bca85b | IBANKING -- IBANKING -- FBL6182G-001 : 044~044 IN |  |  | MAY-MATCH | 
&amp#27;[0m
PAYNOW -- PAYNOW -- FBL6793T-001 : 043~043 IN
NUR MUHAMMAD FIRDAU | PAYMENT/TRANSFER OTHR S$ NUR MUHAMMAD FIRDAU via PayNow: Transfer - UEN | OTHR S$ | PAYMENT/TRANSFER
&amp#27;[36m ||||||||| PRINTING RECORDS ||||||||| :::RECORD
 | Record Ref ID | Transaction Amount | Transaction Date | Reconciled? | Reconciled with Txn Ref ID | Transaction Description | CHEQUE NO | CHANNEL |
 | com.example.Transaction@307765b4 | 258.0 | 14/09/2020 | true | com.example.Transaction@4b672daa | PAYNOW -- PAYNOW -- FBL6793T-001 : 043~043 IN |  |  | MAY-MATCH | 
&amp#27;[0m
PAYNOW -- PAYNOW -- FBM8055Y-002 : 008~008 IN
MOHAMMAD RIDZUAN BI | PAYMENT/TRANSFER OTHR S$ MOHAMMAD RIDZUAN BI via PayNow: FBM8055Y | OTHR S$ | PAYMENT/TRANSFER
&amp#27;[36m ||||||||| PRINTING RECORDS ||||||||| :::RECORD
 | Record Ref ID | Transaction Amount | Transaction Date | Reconciled? | Reconciled with Txn Ref ID | Transaction Description | CHEQUE NO | CHANNEL |
 | com.example.Transaction@4a9e6faf | 234.0 | 14/09/2020 | true | com.example.Transaction@ea9b7c6 | PAYNOW -- PAYNOW -- FBM8055Y-002 : 008~008 IN |  |  | MAY-MATCH | 
&amp#27;[0m
IBANKING -- IBANKING -- FBQ3081H-001 : 012~012 IN
SRI NUR ASMA-UL-HUS | PAYMENT/TRANSFER OTHR S$ SRI NUR ASMA-UL-HUS via PayNow: Fbq2362d | OTHR S$ | PAYMENT/TRANSFER
&amp#27;[36m ||||||||| PRINTING RECORDS ||||||||| :::RECORD
 | Record Ref ID | Transaction Amount | Transaction Date | Reconciled? | Reconciled with Txn Ref ID | Transaction Description | CHEQUE NO | CHANNEL |
 | com.example.Transaction@2c95ac9e | 203.0 | 14/09/2020 | true | com.example.Transaction@7b324585 | IBANKING -- IBANKING -- FBQ3081H-001 : 012~012 IN |  |  | MAY-MATCH | 
&amp#27;[0m
IBANKING -- IBANKING -- FBA2060J-001 : 008~000 IN
MOHAMED AJMEL BIN M | PAYMENT/TRANSFER OTHR MOHAMED AJMEL BIN M fba 2060j ajmel | OTHR | PAYMENT/TRANSFER
&amp#27;[36m ||||||||| PRINTING RECORDS ||||||||| :::RECORD
 | Record Ref ID | Transaction Amount | Transaction Date | Reconciled? | Reconciled with Txn Ref ID | Transaction Description | CHEQUE NO | CHANNEL |
 | com.example.Transaction@4e4efc1b | 100.0 | 15/09/2020 | true | com.example.Transaction@37b70343 | IBANKING -- IBANKING -- FBA2060J-001 : 008~000 IN |  |  | MAY-MATCH | 
&amp#27;[0m
IBANKING -- IBANKING -- FBL8716D-001 : 041~041 IN
THANIUS BIN MUSNI | PAYMENT/TRANSFER OTHR THANIUS BIN MUSNI INSTALLMENT NO 41 FOR BIKE FBL8716 | OTHR | PAYMENT/TRANSFER
&amp#27;[36m ||||||||| PRINTING RECORDS ||||||||| :::RECORD
 | Record Ref ID | Transaction Amount | Transaction Date | Reconciled? | Reconciled with Txn Ref ID | Transaction Description | CHEQUE NO | CHANNEL |
 | com.example.Transaction@459f7aa3 | 244.0 | 15/09/2020 | true | com.example.Transaction@306851c7 | IBANKING -- IBANKING -- FBL8716D-001 : 041~041 IN |  |  | MAY-MATCH | 
&amp#27;[0m
GIRO -- GIRO -- FBB9394U MSIG 2ND, R/T 1Y
G200916 | GIRO COLLECTION |  | GIRO COLLECTION
&amp#27;[36m ||||||||| PRINTING RECORDS ||||||||| :::RECORD
 | Record Ref ID | Transaction Amount | Transaction Date | Reconciled? | Reconciled with Txn Ref ID | Transaction Description | CHEQUE NO | CHANNEL |
 | com.example.Transaction@7cc586a8 | 258.0 | 17/09/2020 | true | com.example.Transaction@41813449 | GIRO -- GIRO -- FBB9394U MSIG 2ND, R/T 1Y |  |  | MAY-MATCH | 
&amp#27;[0m
IBANKING -- IBANKING -- BLK NO 23838
B01 23838 | TRANSFER Fund Transfer from SINGAPURA FINANCE LTD SGD 25 791.88 B01 23838 | CT0019562633 | TRANSFER
&amp#27;[36m ||||||||| PRINTING RECORDS ||||||||| :::RECORD
 | Record Ref ID | Transaction Amount | Transaction Date | Reconciled? | Reconciled with Txn Ref ID | Transaction Description | CHEQUE NO | CHANNEL |
 | com.example.Transaction@7db534f2 | 25791.88 | 17/09/2020 | true | com.example.Transaction@40499e4f | IBANKING -- IBANKING -- BLK NO 23838 |  |  | MAY-MATCH | 
&amp#27;[0m
IBANKING -- IBANKING -- FBP3580P-001 : 018~018 IN
MUHAMMAD IZZAN BIN | PAYMENT/TRANSFER OTHR MUHAMMAD IZZAN BIN Transfer | OTHR | PAYMENT/TRANSFER
&amp#27;[36m ||||||||| PRINTING RECORDS ||||||||| :::RECORD
 | Record Ref ID | Transaction Amount | Transaction Date | Reconciled? | Reconciled with Txn Ref ID | Transaction Description | CHEQUE NO | CHANNEL |
 | com.example.Transaction@44a2b17b | 264.0 | 20/09/2020 | true | com.example.Transaction@618c5d94 | IBANKING -- IBANKING -- FBP3580P-001 : 018~018 IN |  |  | MAY-MATCH | 
&amp#27;[0m
CASH -- CASH -- TRF : PETTY CASH TO CASH
 | CASH DEPOSIT     CDM |  | CASH DEPOSIT     CDM
&amp#27;[36m ||||||||| PRINTING RECORDS ||||||||| :::RECORD
 | Record Ref ID | Transaction Amount | Transaction Date | Reconciled? | Reconciled with Txn Ref ID | Transaction Description | CHEQUE NO | CHANNEL |
 | com.example.Transaction@7a56812e | 9950.0 | 20/09/2020 | true | com.example.Transaction@5b40ceb | CASH -- CASH -- TRF : PETTY CASH TO CASH |  |  | MAY-MATCH | 
&amp#27;[0m
CASH -- CASH -- TRF : PETTY CASH TO CASH
 | CASH DEPOSIT     CDM |  | CASH DEPOSIT     CDM
&amp#27;[36m ||||||||| PRINTING RECORDS ||||||||| :::RECORD
 | Record Ref ID | Transaction Amount | Transaction Date | Reconciled? | Reconciled with Txn Ref ID | Transaction Description | CHEQUE NO | CHANNEL |
 | com.example.Transaction@2a76b80a | 12750.0 | 20/09/2020 | true | com.example.Transaction@13c3c1e1 | CASH -- CASH -- TRF : PETTY CASH TO CASH |  |  | MAY-MATCH | 
&amp#27;[0m
IBANKING -- IBANKING -- FBK2060G-004 : 011~011 IN
FADIL BIN ABD RAHIM | PAYMENT/TRANSFER OTHR FADIL BIN ABD RAHIM Transfer | OTHR | PAYMENT/TRANSFER
&amp#27;[36m ||||||||| PRINTING RECORDS ||||||||| :::RECORD
 | Record Ref ID | Transaction Amount | Transaction Date | Reconciled? | Reconciled with Txn Ref ID | Transaction Description | CHEQUE NO | CHANNEL |
 | com.example.Transaction@7eb01b12 | 120.0 | 20/09/2020 | true | com.example.Transaction@1d8062d2 | IBANKING -- IBANKING -- FBK2060G-004 : 011~011 IN |  |  | MAY-MATCH | 
&amp#27;[0m
IBANKING -- IBANKING -- FBM7628B-001 : 030~030 IN
MOHAMED HASHIM BIN | PAYMENT/TRANSFER IHRP MOHAMED HASHIM BIN Irfan - FBM7628B | IHRP | PAYMENT/TRANSFER
&amp#27;[36m ||||||||| PRINTING RECORDS ||||||||| :::RECORD
 | Record Ref ID | Transaction Amount | Transaction Date | Reconciled? | Reconciled with Txn Ref ID | Transaction Description | CHEQUE NO | CHANNEL |
 | com.example.Transaction@2f4854d6 | 354.0 | 21/09/2020 | true | com.example.Transaction@45cff11c | IBANKING -- IBANKING -- FBM7628B-001 : 030~030 IN |  |  | MAY-MATCH | 
&amp#27;[0m
IBANKING -- IBANKING -- FBQ8326U-001 : 006~006 IN
SAIFUL BAHRI BIN MD | PAYMENT/TRANSFER IHRP SAIFUL BAHRI BIN MD FBQ8326U | IHRP | PAYMENT/TRANSFER
&amp#27;[36m ||||||||| PRINTING RECORDS ||||||||| :::RECORD
 | Record Ref ID | Transaction Amount | Transaction Date | Reconciled? | Reconciled with Txn Ref ID | Transaction Description | CHEQUE NO | CHANNEL |
 | com.example.Transaction@61d9efe0 | 189.0 | 21/09/2020 | true | com.example.Transaction@207ea13 | IBANKING -- IBANKING -- FBQ8326U-001 : 006~006 IN |  |  | MAY-MATCH | 
&amp#27;[0m
JK:OCBC -- JK:OCBC -- TOILETRIES & REFRESHMENT
44096 | xx-8024 NTUC FAIRPRICE           S DEBIT PURCHASE |  | DEBIT PURCHASE
&amp#27;[36m ||||||||| PRINTING RECORDS ||||||||| :::RECORD
 | Record Ref ID | Transaction Amount | Transaction Date | Reconciled? | Reconciled with Txn Ref ID | Transaction Description | CHEQUE NO | CHANNEL |
 | com.example.Transaction@7e70bd39 | -85.99 | 21/09/2020 | true | com.example.Transaction@5ad10c1a | JK:OCBC -- JK:OCBC -- TOILETRIES & REFRESHMENT |  |  | MAY-MATCH | 
&amp#27;[0m
IBANKING -- IBANKING -- FBQ1405X-001 : 014~014 IN
from S8422453G NORJ | OTHR - FBQ1405X FUND TRANSFER |  | FUND TRANSFER
&amp#27;[36m ||||||||| PRINTING RECORDS ||||||||| :::RECORD
 | Record Ref ID | Transaction Amount | Transaction Date | Reconciled? | Reconciled with Txn Ref ID | Transaction Description | CHEQUE NO | CHANNEL |
 | com.example.Transaction@e6516e | 117.0 | 26/09/2020 | true | com.example.Transaction@6b5894c8 | IBANKING -- IBANKING -- FBQ1405X-001 : 014~014 IN |  |  | MAY-MATCH | 
&amp#27;[0m
IBANKING -- IBANKING -- FBQ2241U-001 : 013~013 IN
from S8422453G NORJ | OTHR - FBQ2241U FUND TRANSFER |  | FUND TRANSFER
&amp#27;[36m ||||||||| PRINTING RECORDS ||||||||| :::RECORD
 | Record Ref ID | Transaction Amount | Transaction Date | Reconciled? | Reconciled with Txn Ref ID | Transaction Description | CHEQUE NO | CHANNEL |
 | com.example.Transaction@6de54b40 | 217.0 | 26/09/2020 | true | com.example.Transaction@1433046b | IBANKING -- IBANKING -- FBQ2241U-001 : 013~013 IN |  |  | MAY-MATCH | 
&amp#27;[0m
IBANKING -- IBANKING -- FBM2040D-001 : 038~038 IN
MOHAMED NOH BIN BAS | PAYMENT/TRANSFER IHRP MOHAMED NOH BIN BAS FBM2040D | IHRP | PAYMENT/TRANSFER
&amp#27;[36m ||||||||| PRINTING RECORDS ||||||||| :::RECORD
 | Record Ref ID | Transaction Amount | Transaction Date | Reconciled? | Reconciled with Txn Ref ID | Transaction Description | CHEQUE NO | CHANNEL |
 | com.example.Transaction@43ed0ff3 | 281.0 | 27/09/2020 | true | com.example.Transaction@5778826f | IBANKING -- IBANKING -- FBM2040D-001 : 038~038 IN |  |  | MAY-MATCH | 
&amp#27;[0m
PAYNOW -- PAYNOW -- FX0035C-001 : 014~014 INS
MUHAMMAD AL-HAFIZ B | PAYMENT/TRANSFER OTHR S$ MUHAMMAD AL-HAFIZ B via PayNow: Fx 35 c | OTHR S$ | PAYMENT/TRANSFER
&amp#27;[36m ||||||||| PRINTING RECORDS ||||||||| :::RECORD
 | Record Ref ID | Transaction Amount | Transaction Date | Reconciled? | Reconciled with Txn Ref ID | Transaction Description | CHEQUE NO | CHANNEL |
 | com.example.Transaction@388ffbc2 | 210.0 | 27/09/2020 | true | com.example.Transaction@5b64c4b7 | PAYNOW -- PAYNOW -- FX0035C-001 : 014~014 INS |  |  | MAY-MATCH | 
&amp#27;[0m
PAYNOW -- PAYNOW -- FBQ8355K-001 : 008~008 IN
RAJA ZULFIKAAR ABDU | PAYMENT/TRANSFER OTHR S$ RAJA ZULFIKAAR ABDU via PayNow: FBQ8355K | OTHR S$ | PAYMENT/TRANSFER
&amp#27;[36m ||||||||| PRINTING RECORDS ||||||||| :::RECORD
 | Record Ref ID | Transaction Amount | Transaction Date | Reconciled? | Reconciled with Txn Ref ID | Transaction Description | CHEQUE NO | CHANNEL |
 | com.example.Transaction@a50b09c | 391.0 | 27/09/2020 | true | com.example.Transaction@4763c727 | PAYNOW -- PAYNOW -- FBQ8355K-001 : 008~008 IN |  |  | MAY-MATCH | 
&amp#27;[0m
IBANKING -- IBANKING -- FBA2060J-001 : 008~009 IN
MOHAMED AJMEL BIN M | PAYMENT/TRANSFER OTHR MOHAMED AJMEL BIN M fba 2060j outstanding is cleared | OTHR | PAYMENT/TRANSFER
&amp#27;[36m ||||||||| PRINTING RECORDS ||||||||| :::RECORD
 | Record Ref ID | Transaction Amount | Transaction Date | Reconciled? | Reconciled with Txn Ref ID | Transaction Description | CHEQUE NO | CHANNEL |
 | com.example.Transaction@4da855dd | 458.0 | 27/09/2020 | true | com.example.Transaction@72445aba | IBANKING -- IBANKING -- FBA2060J-001 : 008~009 IN |  |  | MAY-MATCH | 
&amp#27;[0m
PAYNOW -- PAYNOW -- FBP3628L-001 : 019~019 IN
MUHAMMAD FAIZ TAJUD | PAYMENT/TRANSFER OTHR S$ MUHAMMAD FAIZ TAJUD via PayNow: FBP3638L | OTHR S$ | PAYMENT/TRANSFER
&amp#27;[36m ||||||||| PRINTING RECORDS ||||||||| :::RECORD
 | Record Ref ID | Transaction Amount | Transaction Date | Reconciled? | Reconciled with Txn Ref ID | Transaction Description | CHEQUE NO | CHANNEL |
 | com.example.Transaction@6691490c | 230.0 | 27/09/2020 | true | com.example.Transaction@61bcd567 | PAYNOW -- PAYNOW -- FBP3628L-001 : 019~019 IN |  |  | MAY-MATCH | 
&amp#27;[0m
IBANKING -- IBANKING -- FBK9330G-001 : 054~054 IN
OW YONG HOA LEON | PAYMENT/TRANSFER OTHR OW YONG HOA LEON Transfer | OTHR | PAYMENT/TRANSFER
&amp#27;[36m ||||||||| PRINTING RECORDS ||||||||| :::RECORD
 | Record Ref ID | Transaction Amount | Transaction Date | Reconciled? | Reconciled with Txn Ref ID | Transaction Description | CHEQUE NO | CHANNEL |
 | com.example.Transaction@2187fff7 | 355.0 | 27/09/2020 | true | com.example.Transaction@458342d3 | IBANKING -- IBANKING -- FBK9330G-001 : 054~054 IN |  |  | MAY-MATCH | 
&amp#27;[0m
IBANKING -- IBANKING -- FBM0811J-001 : 039~039 IN
665417770001 | 3RD PTY TRANSFER ATM |  | 3RD PTY TRANSFER ATM
&amp#27;[36m ||||||||| PRINTING RECORDS ||||||||| :::RECORD
 | Record Ref ID | Transaction Amount | Transaction Date | Reconciled? | Reconciled with Txn Ref ID | Transaction Description | CHEQUE NO | CHANNEL |
 | com.example.Transaction@2e5c7f0b | 265.0 | 27/09/2020 | true | com.example.Transaction@55e8ec2f | IBANKING -- IBANKING -- FBM0811J-001 : 039~039 IN |  |  | MAY-MATCH | 
&amp#27;[0m
PAYNOW -- PAYNOW -- FBQ7407B-001 : 010~010 IN
MOHAMAD FAIZAL BIN | PAYMENT/TRANSFER OTHR S$ MOHAMAD FAIZAL BIN via PayNow: 7407b | OTHR S$ | PAYMENT/TRANSFER
&amp#27;[36m ||||||||| PRINTING RECORDS ||||||||| :::RECORD
 | Record Ref ID | Transaction Amount | Transaction Date | Reconciled? | Reconciled with Txn Ref ID | Transaction Description | CHEQUE NO | CHANNEL |
 | com.example.Transaction@21d5c1a0 | 244.0 | 28/09/2020 | true | com.example.Transaction@2b491fee | PAYNOW -- PAYNOW -- FBQ7407B-001 : 010~010 IN |  |  | MAY-MATCH | 
&amp#27;[0m
PAYNOW -- PAYNOW -- FBE7176E-002 : 002~002 IN
from NG WENG LOON | LOAR - FBE7176E FUND TRANSFER | via PayNow-UEN | FUND TRANSFER
&amp#27;[36m ||||||||| PRINTING RECORDS ||||||||| :::RECORD
 | Record Ref ID | Transaction Amount | Transaction Date | Reconciled? | Reconciled with Txn Ref ID | Transaction Description | CHEQUE NO | CHANNEL |
 | com.example.Transaction@4de025bf | 94.0 | 29/09/2020 | true | com.example.Transaction@e260766 | PAYNOW -- PAYNOW -- FBE7176E-002 : 002~002 IN |  |  | MAY-MATCH | 
&amp#27;[0m
IBANKING -- IBANKING -- FBL3296G-001 : 049~049 IN
from FBL3296G FARID | OTHR - Other FUND TRANSFER |  | FUND TRANSFER
&amp#27;[36m ||||||||| PRINTING RECORDS ||||||||| :::RECORD
 | Record Ref ID | Transaction Amount | Transaction Date | Reconciled? | Reconciled with Txn Ref ID | Transaction Description | CHEQUE NO | CHANNEL |
 | com.example.Transaction@538613b3 | 251.0 | 29/09/2020 | true | com.example.Transaction@2c3dec30 | IBANKING -- IBANKING -- FBL3296G-001 : 049~049 IN |  |  | MAY-MATCH | 
&amp#27;[0m
]]></system-out>
  </testcase>
  <testcase name="expect_AfterReconRun_suggests_remaining_pending_may_match_amount" classname="com.example.tests.TestReconciliationTool" time="0.18">
    <system-out><![CDATA[PAYNOW -- PAYNOW -- FBL9376U-002 : 012~012 IN
from MUHAMMAD ZUHAI | OTHR - Other FUND TRANSFER | via PayNow-UEN | FUND TRANSFER
&amp#27;[36m ||||||||| PRINTING RECORDS ||||||||| :::RECORD
 | Record Ref ID | Transaction Amount | Transaction Date | Reconciled? | Reconciled with Txn Ref ID | Transaction Description | CHEQUE NO | CHANNEL |
 | com.example.Transaction@778ca8ef | 260.0 | 13/09/2020 | true | com.example.Transaction@2de366bb | PAYNOW -- PAYNOW -- FBL9376U-002 : 012~012 IN |  |  | MAY-MATCH | 
&amp#27;[0m
IBANKING -- IBANKING -- FBQ4745U-001 : 011~011 IN
MOHD RAZALI BIN MOH | PAYMENT/TRANSFER OTHR MOHD RAZALI BIN MOH FBQ4745U 83210310 | OTHR | PAYMENT/TRANSFER
&amp#27;[36m ||||||||| PRINTING RECORDS ||||||||| :::RECORD
 | Record Ref ID | Transaction Amount | Transaction Date | Reconciled? | Reconciled with Txn Ref ID | Transaction Description | CHEQUE NO | CHANNEL |
 | com.example.Transaction@208e9ef6 | 218.0 | 01/09/2020 | true | com.example.Transaction@58c540cf | IBANKING -- IBANKING -- FBQ4745U-001 : 011~011 IN |  |  | MAY-MATCH | 
&amp#27;[0m
IBANKING -- IBANKING -- FBL3296G-001 : 048~048 IN
from FBL3296G FARID | OTHR - Other FUND TRANSFER |  | FUND TRANSFER
&amp#27;[36m ||||||||| PRINTING RECORDS ||||||||| :::RECORD
 | Record Ref ID | Transaction Amount | Transaction Date | Reconciled? | Reconciled with Txn Ref ID | Transaction Description | CHEQUE NO | CHANNEL |
 | com.example.Transaction@78b236a0 | 251.0 | 01/09/2020 | true | com.example.Transaction@3d6300e8 | IBANKING -- IBANKING -- FBL3296G-001 : 048~048 IN |  |  | MAY-MATCH | 
&amp#27;[0m
IBANKING -- IBANKING -- FBG0332G-001 : 040~040 IN
HO CHI WING | PAYMENT/TRANSFER OTHR HO CHI WING FBG0332G | OTHR | PAYMENT/TRANSFER
&amp#27;[36m ||||||||| PRINTING RECORDS ||||||||| :::RECORD
 | Record Ref ID | Transaction Amount | Transaction Date | Reconciled? | Reconciled with Txn Ref ID | Transaction Description | CHEQUE NO | CHANNEL |
 | com.example.Transaction@261d8190 | 438.0 | 01/09/2020 | true | com.example.Transaction@1b822fcc | IBANKING -- IBANKING -- FBG0332G-001 : 040~040 IN |  |  | MAY-MATCH | 
&amp#27;[0m
IBANKING -- IBANKING -- FBA2060J-001 : 007~000 IN
MOHAMED AJMEL BIN M | PAYMENT/TRANSFER OTHR MOHAMED AJMEL BIN M Ajmel fba2060j | OTHR | PAYMENT/TRANSFER
&amp#27;[36m ||||||||| PRINTING RECORDS ||||||||| :::RECORD
 | Record Ref ID | Transaction Amount | Transaction Date | Reconciled? | Reconciled with Txn Ref ID | Transaction Description | CHEQUE NO | CHANNEL |
 | com.example.Transaction@34448e6c | 200.0 | 01/09/2020 | true | com.example.Transaction@24a1c17f | IBANKING -- IBANKING -- FBA2060J-001 : 007~000 IN |  |  | MAY-MATCH | 
&amp#27;[0m
IBANKING -- IBANKING -- FBK7313U-002 : 005~005 IN
HELMI HUSAINI BIN S | PAYMENT/TRANSFER OTHR S$ HELMI HUSAINI BIN S via PayNow: FBK7313U | OTHR S$ | PAYMENT/TRANSFER
&amp#27;[36m ||||||||| PRINTING RECORDS ||||||||| :::RECORD
 | Record Ref ID | Transaction Amount | Transaction Date | Reconciled? | Reconciled with Txn Ref ID | Transaction Description | CHEQUE NO | CHANNEL |
 | com.example.Transaction@60e9df3c | 160.0 | 01/09/2020 | true | com.example.Transaction@56102e1c | IBANKING -- IBANKING -- FBK7313U-002 : 005~005 IN |  |  | MAY-MATCH | 
&amp#27;[0m
IBANKING -- IBANKING -- FBL9839B-001 : 039~039 IN
SHER WENYONG BENJAM | PAYMENT/TRANSFER OTHR SHER WENYONG BENJAM FBL9839B | OTHR | PAYMENT/TRANSFER
&amp#27;[36m ||||||||| PRINTING RECORDS ||||||||| :::RECORD
 | Record Ref ID | Transaction Amount | Transaction Date | Reconciled? | Reconciled with Txn Ref ID | Transaction Description | CHEQUE NO | CHANNEL |
 | com.example.Transaction@907f2b7 | 244.0 | 03/09/2020 | true | com.example.Transaction@3670f00 | IBANKING -- IBANKING -- FBL9839B-001 : 039~039 IN |  |  | MAY-MATCH | 
&amp#27;[0m
IBANKING -- IBANKING -- FBR1665G-001 : 006~006 IN
VILLAFUERTE ARIEL D | PAYMENT/TRANSFER COLL VILLAFUERTE ARIEL D FBR1665G SEPT2020 | COLL | PAYMENT/TRANSFER
&amp#27;[36m ||||||||| PRINTING RECORDS ||||||||| :::RECORD
 | Record Ref ID | Transaction Amount | Transaction Date | Reconciled? | Reconciled with Txn Ref ID | Transaction Description | CHEQUE NO | CHANNEL |
 | com.example.Transaction@435ce306 | 352.0 | 06/09/2020 | true | com.example.Transaction@655a5d9c | IBANKING -- IBANKING -- FBR1665G-001 : 006~006 IN |  |  | MAY-MATCH | 
&amp#27;[0m
PAYNOW -- PAYNOW -- FBJ8075E-002 : 040~040 IN
ARHAB SADEED | PAYMENT/TRANSFER OTHR S$ ARHAB SADEED via PayNow: FBJ8075E | OTHR S$ | PAYMENT/TRANSFER
&amp#27;[36m ||||||||| PRINTING RECORDS ||||||||| :::RECORD
 | Record Ref ID | Transaction Amount | Transaction Date | Reconciled? | Reconciled with Txn Ref ID | Transaction Description | CHEQUE NO | CHANNEL |
 | com.example.Transaction@537b32ef | 240.0 | 06/09/2020 | true | com.example.Transaction@1494b84d | PAYNOW -- PAYNOW -- FBJ8075E-002 : 040~040 IN |  |  | MAY-MATCH | 
&amp#27;[0m
PAYNOW -- PAYNOW -- FBR2590G-001 : 005~005 IN
MUHAMMAD AMIRUL HAK | PAYMENT/TRANSFER OTHR S$ MUHAMMAD AMIRUL HAK via PayNow: 198903552W | OTHR S$ | PAYMENT/TRANSFER
&amp#27;[36m ||||||||| PRINTING RECORDS ||||||||| :::RECORD
 | Record Ref ID | Transaction Amount | Transaction Date | Reconciled? | Reconciled with Txn Ref ID | Transaction Description | CHEQUE NO | CHANNEL |
 | com.example.Transaction@7dc51783 | 322.0 | 06/09/2020 | true | com.example.Transaction@34abdee4 | PAYNOW -- PAYNOW -- FBR2590G-001 : 005~005 IN |  |  | MAY-MATCH | 
&amp#27;[0m
IBANKING -- IBANKING -- FBQ8185J-001 : 006~006 IN
from FBQ8185J HARUN | OTHR - FBQ8185J FUND TRANSFER |  | FUND TRANSFER
&amp#27;[36m ||||||||| PRINTING RECORDS ||||||||| :::RECORD
 | Record Ref ID | Transaction Amount | Transaction Date | Reconciled? | Reconciled with Txn Ref ID | Transaction Description | CHEQUE NO | CHANNEL |
 | com.example.Transaction@4b61d0c6 | 217.0 | 06/09/2020 | true | com.example.Transaction@71a9b4c7 | IBANKING -- IBANKING -- FBQ8185J-001 : 006~006 IN |  |  | MAY-MATCH | 
&amp#27;[0m
IBANKING -- IBANKING -- FBP6139L-001 : 017~017 IN
INDRA SUKMA BIN BUH | PAYMENT/TRANSFER IHRP INDRA SUKMA BIN BUH FBP6139L- SEPTEMBER 2020 | IHRP | PAYMENT/TRANSFER
&amp#27;[36m ||||||||| PRINTING RECORDS ||||||||| :::RECORD
 | Record Ref ID | Transaction Amount | Transaction Date | Reconciled? | Reconciled with Txn Ref ID | Transaction Description | CHEQUE NO | CHANNEL |
 | com.example.Transaction@6f815e7f | 484.0 | 06/09/2020 | true | com.example.Transaction@4628b1d3 | IBANKING -- IBANKING -- FBP6139L-001 : 017~017 IN |  |  | MAY-MATCH | 
&amp#27;[0m
PAYNOW -- PAYNOW -- FBP8163C-001 : 014~014 IN
ABDULLAH KHALESH KA | PAYMENT/TRANSFER OTHR S$ ABDULLAH KHALESH KA via PayNow: FBP 8163 C | OTHR S$ | PAYMENT/TRANSFER
&amp#27;[36m ||||||||| PRINTING RECORDS ||||||||| :::RECORD
 | Record Ref ID | Transaction Amount | Transaction Date | Reconciled? | Reconciled with Txn Ref ID | Transaction Description | CHEQUE NO | CHANNEL |
 | com.example.Transaction@65e7f52a | 261.0 | 07/09/2020 | true | com.example.Transaction@74f7d1d2 | PAYNOW -- PAYNOW -- FBP8163C-001 : 014~014 IN |  |  | MAY-MATCH | 
&amp#27;[0m
IBANKING -- IBANKING -- FBP1309X-001 : 019~019 IN
FARHANI SHEREEN BTE | PAYMENT/TRANSFER OTHR FARHANI SHEREEN BTE FBP1309X | OTHR | PAYMENT/TRANSFER
&amp#27;[36m ||||||||| PRINTING RECORDS ||||||||| :::RECORD
 | Record Ref ID | Transaction Amount | Transaction Date | Reconciled? | Reconciled with Txn Ref ID | Transaction Description | CHEQUE NO | CHANNEL |
 | com.example.Transaction@304b9f1a | 203.0 | 08/09/2020 | true | com.example.Transaction@6d6bc158 | IBANKING -- IBANKING -- FBP1309X-001 : 019~019 IN |  |  | MAY-MATCH | 
&amp#27;[0m
IBANKING -- IBANKING -- FBP2944E-001 : 018~018 IN
ISMAIL BIN MOHD JAI | PAYMENT/TRANSFER IHRP ISMAIL BIN MOHD JAI FBP2944E Ismail Mohd Jai | IHRP | PAYMENT/TRANSFER
&amp#27;[36m ||||||||| PRINTING RECORDS ||||||||| :::RECORD
 | Record Ref ID | Transaction Amount | Transaction Date | Reconciled? | Reconciled with Txn Ref ID | Transaction Description | CHEQUE NO | CHANNEL |
 | com.example.Transaction@75699e35 | 254.0 | 08/09/2020 | true | com.example.Transaction@5dda6f9 | IBANKING -- IBANKING -- FBP2944E-001 : 018~018 IN |  |  | MAY-MATCH | 
&amp#27;[0m
PAYNOW -- PAYNOW -- FW9186X-001 : 010~010 INS
SZE WEI KIAT | PAYMENT/TRANSFER OTHR S$ SZE WEI KIAT via PayNow: FW9186X | OTHR S$ | PAYMENT/TRANSFER
&amp#27;[36m ||||||||| PRINTING RECORDS ||||||||| :::RECORD
 | Record Ref ID | Transaction Amount | Transaction Date | Reconciled? | Reconciled with Txn Ref ID | Transaction Description | CHEQUE NO | CHANNEL |
 | com.example.Transaction@107e5441 | 350.0 | 08/09/2020 | true | com.example.Transaction@10027fc9 | PAYNOW -- PAYNOW -- FW9186X-001 : 010~010 INS |  |  | MAY-MATCH | 
&amp#27;[0m
PAYNOW -- PAYNOW -- FBK7253J-002 : 023~023 IN
HANNAN HUZAIFI BIN | PAYMENT/TRANSFER OTHR S$ HANNAN HUZAIFI BIN via PayNow: Fbk7253j | OTHR S$ | PAYMENT/TRANSFER
&amp#27;[36m ||||||||| PRINTING RECORDS ||||||||| :::RECORD
 | Record Ref ID | Transaction Amount | Transaction Date | Reconciled? | Reconciled with Txn Ref ID | Transaction Description | CHEQUE NO | CHANNEL |
 | com.example.Transaction@4aeaadc1 | 158.0 | 08/09/2020 | true | com.example.Transaction@54afd745 | PAYNOW -- PAYNOW -- FBK7253J-002 : 023~023 IN |  |  | MAY-MATCH | 
&amp#27;[0m
GIRO:OCBC -- GIRO:OCBC -- SJT1188L PREVIA [38/84]
HONG LEONG FINANCE | HLF-030 DUE 20200910 IBG GIRO | IHRP 38316717005680 | IBG GIRO
&amp#27;[36m ||||||||| PRINTING RECORDS ||||||||| :::RECORD
 | Record Ref ID | Transaction Amount | Transaction Date | Reconciled? | Reconciled with Txn Ref ID | Transaction Description | CHEQUE NO | CHANNEL |
 | com.example.Transaction@263558c9 | -1350.0 | 13/09/2020 | true | com.example.Transaction@35038141 | GIRO:OCBC -- GIRO:OCBC -- SJT1188L PREVIA [38/84] |  |  | MAY-MATCH | 
&amp#27;[0m
P200907:OCBC -- P200907:OCBC -- AUG 2020
P200907 | FUND TRANSFER Fund Transfer to account 601265671001 SGD 904.15@1 Atan Motoring Supply Pte Ltd - Aug 2020 | CT0019530884 | FUND TRANSFER
&amp#27;[36m ||||||||| PRINTING RECORDS ||||||||| :::RECORD
 | Record Ref ID | Transaction Amount | Transaction Date | Reconciled? | Reconciled with Txn Ref ID | Transaction Description | CHEQUE NO | CHANNEL |
 | com.example.Transaction@1f14f20c | -904.15 | 04/09/2020 | true | com.example.Transaction@29ad44e3 | P200907:OCBC -- P200907:OCBC -- AUG 2020 |  |  | MAY-MATCH | 
&amp#27;[0m
IBANKING -- IBANKING -- FBR1534B-001 : 006~006 IN
RADIWATI BTE MOHAME | PAYMENT/TRANSFER OTHR RADIWATI BTE MOHAME FBR1534B | OTHR | PAYMENT/TRANSFER
&amp#27;[36m ||||||||| PRINTING RECORDS ||||||||| :::RECORD
 | Record Ref ID | Transaction Amount | Transaction Date | Reconciled? | Reconciled with Txn Ref ID | Transaction Description | CHEQUE NO | CHANNEL |
 | com.example.Transaction@7daa61f3 | 226.0 | 14/09/2020 | true | com.example.Transaction@649f2009 | IBANKING -- IBANKING -- FBR1534B-001 : 006~006 IN |  |  | MAY-MATCH | 
&amp#27;[0m
IBANKING -- IBANKING -- FBP9517J-001 : 014~014 IN
FOREST CHILD CADRE | PAYMENT/TRANSFER ALLW FOREST CHILD CADRE EBGPP00912760247 | ALLW | PAYMENT/TRANSFER
&amp#27;[36m ||||||||| PRINTING RECORDS ||||||||| :::RECORD
 | Record Ref ID | Transaction Amount | Transaction Date | Reconciled? | Reconciled with Txn Ref ID | Transaction Description | CHEQUE NO | CHANNEL |
 | com.example.Transaction@62315f22 | 193.0 | 12/09/2020 | true | com.example.Transaction@797501a | IBANKING -- IBANKING -- FBP9517J-001 : 014~014 IN |  |  | MAY-MATCH | 
&amp#27;[0m
IBANKING -- IBANKING -- FBK5286C-002 : 019~019 IN
from FBK5286C SHARE | OTHR - Other FUND TRANSFER |  | FUND TRANSFER
&amp#27;[36m ||||||||| PRINTING RECORDS ||||||||| :::RECORD
 | Record Ref ID | Transaction Amount | Transaction Date | Reconciled? | Reconciled with Txn Ref ID | Transaction Description | CHEQUE NO | CHANNEL |
 | com.example.Transaction@6e4ea0bd | 246.0 | 13/09/2020 | true | com.example.Transaction@51650883 | IBANKING -- IBANKING -- FBK5286C-002 : 019~019 IN |  |  | MAY-MATCH | 
&amp#27;[0m
CASH -- CASH -- TRF : PETTY CASH TO CASH
 | CASH DEPOSIT     CDM |  | CASH DEPOSIT     CDM
&amp#27;[36m ||||||||| PRINTING RECORDS ||||||||| :::RECORD
 | Record Ref ID | Transaction Amount | Transaction Date | Reconciled? | Reconciled with Txn Ref ID | Transaction Description | CHEQUE NO | CHANNEL |
 | com.example.Transaction@56f2bbea | 9950.0 | 13/09/2020 | true | com.example.Transaction@5bd1ceca | CASH -- CASH -- TRF : PETTY CASH TO CASH |  |  | MAY-MATCH | 
&amp#27;[0m
CASH -- CASH -- TRF : PETTY CASH TO CASH
 | CASH DEPOSIT     CDM |  | CASH DEPOSIT     CDM
&amp#27;[36m ||||||||| PRINTING RECORDS ||||||||| :::RECORD
 | Record Ref ID | Transaction Amount | Transaction Date | Reconciled? | Reconciled with Txn Ref ID | Transaction Description | CHEQUE NO | CHANNEL |
 | com.example.Transaction@78f9ed3e | 10000.0 | 13/09/2020 | true | com.example.Transaction@30c31dd7 | CASH -- CASH -- TRF : PETTY CASH TO CASH |  |  | MAY-MATCH | 
&amp#27;[0m
CASH -- CASH -- TRF : PETTY CASH TO CASH
 | CASH DEPOSIT     CDM |  | CASH DEPOSIT     CDM
&amp#27;[36m ||||||||| PRINTING RECORDS ||||||||| :::RECORD
 | Record Ref ID | Transaction Amount | Transaction Date | Reconciled? | Reconciled with Txn Ref ID | Transaction Description | CHEQUE NO | CHANNEL |
 | com.example.Transaction@1059754c | 5850.0 | 13/09/2020 | true | com.example.Transaction@499b2a5c | CASH -- CASH -- TRF : PETTY CASH TO CASH |  |  | MAY-MATCH | 
&amp#27;[0m
IBANKING -- IBANKING -- FBG0756S-003 : 005~006 IN
RAZALI BIN JOHARI | PAYMENT/TRANSFER OTHR RAZALI BIN JOHARI Transfer | OTHR | PAYMENT/TRANSFER
&amp#27;[36m ||||||||| PRINTING RECORDS ||||||||| :::RECORD
 | Record Ref ID | Transaction Amount | Transaction Date | Reconciled? | Reconciled with Txn Ref ID | Transaction Description | CHEQUE NO | CHANNEL |
 | com.example.Transaction@b0964b2 | 360.0 | 13/09/2020 | true | com.example.Transaction@596df867 | IBANKING -- IBANKING -- FBG0756S-003 : 005~006 IN |  |  | MAY-MATCH | 
&amp#27;[0m
IBANKING -- IBANKING -- FBP1782L-001 : 019~019 IN
from FBD7182L MUHAM | OTHR - FBP1782L FUND TRANSFER |  | FUND TRANSFER
&amp#27;[36m ||||||||| PRINTING RECORDS ||||||||| :::RECORD
 | Record Ref ID | Transaction Amount | Transaction Date | Reconciled? | Reconciled with Txn Ref ID | Transaction Description | CHEQUE NO | CHANNEL |
 | com.example.Transaction@48e7b3d2 | 270.0 | 13/09/2020 | true | com.example.Transaction@c1fca1e | IBANKING -- IBANKING -- FBP1782L-001 : 019~019 IN |  |  | MAY-MATCH | 
&amp#27;[0m
IBANKING -- IBANKING -- FBG2736L-001 : 031~031 IN
NURHIDAYAH BTE MOLI | PAYMENT/TRANSFER OTHR S$ NURHIDAYAH BTE MOLI via PayNow: FBL6182G | OTHR S$ | PAYMENT/TRANSFER
&amp#27;[36m ||||||||| PRINTING RECORDS ||||||||| :::RECORD
 | Record Ref ID | Transaction Amount | Transaction Date | Reconciled? | Reconciled with Txn Ref ID | Transaction Description | CHEQUE NO | CHANNEL |
 | com.example.Transaction@7f4037ed | 202.0 | 12/09/2020 | true | com.example.Transaction@241a53ef | IBANKING -- IBANKING -- FBG2736L-001 : 031~031 IN |  |  | MAY-MATCH | 
&amp#27;[0m
PAYNOW -- PAYNOW -- FBP1376B-001 : 019~019 IN
MUHAMMAD AFIQ BIN A | PAYMENT/TRANSFER OTHR S$ MUHAMMAD AFIQ BIN A via PayNow: FBP1376B | OTHR S$ | PAYMENT/TRANSFER
&amp#27;[36m ||||||||| PRINTING RECORDS ||||||||| :::RECORD
 | Record Ref ID | Transaction Amount | Transaction Date | Reconciled? | Reconciled with Txn Ref ID | Transaction Description | CHEQUE NO | CHANNEL |
 | com.example.Transaction@24e8de5c | 267.0 | 13/09/2020 | true | com.example.Transaction@344344fa | PAYNOW -- PAYNOW -- FBP1376B-001 : 019~019 IN |  |  | MAY-MATCH | 
&amp#27;[0m
IBANKING -- IBANKING -- FBP4314K-001 : 018~018 IN
MUHAMMAD ANDIKA BIN | PAYMENT/TRANSFER OTHR MUHAMMAD ANDIKA BIN FBP4314K | OTHR | PAYMENT/TRANSFER
&amp#27;[36m ||||||||| PRINTING RECORDS ||||||||| :::RECORD
 | Record Ref ID | Transaction Amount | Transaction Date | Reconciled? | Reconciled with Txn Ref ID | Transaction Description | CHEQUE NO | CHANNEL |
 | com.example.Transaction@64040287 | 216.0 | 13/09/2020 | true | com.example.Transaction@2db2cd5 | IBANKING -- IBANKING -- FBP4314K-001 : 018~018 IN |  |  | MAY-MATCH | 
&amp#27;[0m
PAYNOW -- PAYNOW -- FBQ4082Z-001 : 012~012 IN
MUHAMMAD ZUHAIDI BI | PAYMENT/TRANSFER OTHR S$ MUHAMMAD ZUHAIDI BI via PayNow: 198903552W | OTHR S$ | PAYMENT/TRANSFER
&amp#27;[36m ||||||||| PRINTING RECORDS ||||||||| :::RECORD
 | Record Ref ID | Transaction Amount | Transaction Date | Reconciled? | Reconciled with Txn Ref ID | Transaction Description | CHEQUE NO | CHANNEL |
 | com.example.Transaction@110844f6 | 260.0 | 27/09/2020 | true | com.example.Transaction@70e659aa | PAYNOW -- PAYNOW -- FBQ4082Z-001 : 012~012 IN |  |  | MAY-MATCH | 
&amp#27;[0m
IBANKING -- IBANKING -- FBL6182G-001 : 044~044 IN
WAHAB BIN MOHD ISA | SI               FBP2238K IBG GIRO | OTHR | IBG GIRO
&amp#27;[36m ||||||||| PRINTING RECORDS ||||||||| :::RECORD
 | Record Ref ID | Transaction Amount | Transaction Date | Reconciled? | Reconciled with Txn Ref ID | Transaction Description | CHEQUE NO | CHANNEL |
 | com.example.Transaction@6f89f665 | 202.0 | 13/09/2020 | true | com.example.Transaction@f8908f6 | IBANKING -- IBANKING -- FBL6182G-001 : 044~044 IN |  |  | MAY-MATCH | 
&amp#27;[0m
PAYNOW -- PAYNOW -- FBL6793T-001 : 043~043 IN
NUR MUHAMMAD FIRDAU | PAYMENT/TRANSFER OTHR S$ NUR MUHAMMAD FIRDAU via PayNow: Transfer - UEN | OTHR S$ | PAYMENT/TRANSFER
&amp#27;[36m ||||||||| PRINTING RECORDS ||||||||| :::RECORD
 | Record Ref ID | Transaction Amount | Transaction Date | Reconciled? | Reconciled with Txn Ref ID | Transaction Description | CHEQUE NO | CHANNEL |
 | com.example.Transaction@df1cff6 | 258.0 | 14/09/2020 | true | com.example.Transaction@6ab72419 | PAYNOW -- PAYNOW -- FBL6793T-001 : 043~043 IN |  |  | MAY-MATCH | 
&amp#27;[0m
PAYNOW -- PAYNOW -- FBM8055Y-002 : 008~008 IN
MOHAMMAD RIDZUAN BI | PAYMENT/TRANSFER OTHR S$ MOHAMMAD RIDZUAN BI via PayNow: FBM8055Y | OTHR S$ | PAYMENT/TRANSFER
&amp#27;[36m ||||||||| PRINTING RECORDS ||||||||| :::RECORD
 | Record Ref ID | Transaction Amount | Transaction Date | Reconciled? | Reconciled with Txn Ref ID | Transaction Description | CHEQUE NO | CHANNEL |
 | com.example.Transaction@4925f4f5 | 234.0 | 14/09/2020 | true | com.example.Transaction@3aacf32a | PAYNOW -- PAYNOW -- FBM8055Y-002 : 008~008 IN |  |  | MAY-MATCH | 
&amp#27;[0m
IBANKING -- IBANKING -- FBQ3081H-001 : 012~012 IN
SRI NUR ASMA-UL-HUS | PAYMENT/TRANSFER OTHR S$ SRI NUR ASMA-UL-HUS via PayNow: Fbq2362d | OTHR S$ | PAYMENT/TRANSFER
&amp#27;[36m ||||||||| PRINTING RECORDS ||||||||| :::RECORD
 | Record Ref ID | Transaction Amount | Transaction Date | Reconciled? | Reconciled with Txn Ref ID | Transaction Description | CHEQUE NO | CHANNEL |
 | com.example.Transaction@1ad926d3 | 203.0 | 14/09/2020 | true | com.example.Transaction@473b3b7a | IBANKING -- IBANKING -- FBQ3081H-001 : 012~012 IN |  |  | MAY-MATCH | 
&amp#27;[0m
IBANKING -- IBANKING -- FBA2060J-001 : 008~000 IN
MOHAMED AJMEL BIN M | PAYMENT/TRANSFER OTHR MOHAMED AJMEL BIN M fba 2060j ajmel | OTHR | PAYMENT/TRANSFER
&amp#27;[36m ||||||||| PRINTING RECORDS ||||||||| :::RECORD
 | Record Ref ID | Transaction Amount | Transaction Date | Reconciled? | Reconciled with Txn Ref ID | Transaction Description | CHEQUE NO | CHANNEL |
 | com.example.Transaction@3a43d133 | 100.0 | 15/09/2020 | true | com.example.Transaction@6ce1f601 | IBANKING -- IBANKING -- FBA2060J-001 : 008~000 IN |  |  | MAY-MATCH | 
&amp#27;[0m
IBANKING -- IBANKING -- FBL8716D-001 : 041~041 IN
THANIUS BIN MUSNI | PAYMENT/TRANSFER OTHR THANIUS BIN MUSNI INSTALLMENT NO 41 FOR BIKE FBL8716 | OTHR | PAYMENT/TRANSFER
&amp#27;[36m ||||||||| PRINTING RECORDS ||||||||| :::RECORD
 | Record Ref ID | Transaction Amount | Transaction Date | Reconciled? | Reconciled with Txn Ref ID | Transaction Description | CHEQUE NO | CHANNEL |
 | com.example.Transaction@39ce27f2 | 244.0 | 15/09/2020 | true | com.example.Transaction@38875e7d | IBANKING -- IBANKING -- FBL8716D-001 : 041~041 IN |  |  | MAY-MATCH | 
&amp#27;[0m
GIRO -- GIRO -- FBB9394U MSIG 2ND, R/T 1Y
G200916 | GIRO COLLECTION |  | GIRO COLLECTION
&amp#27;[36m ||||||||| PRINTING RECORDS ||||||||| :::RECORD
 | Record Ref ID | Transaction Amount | Transaction Date | Reconciled? | Reconciled with Txn Ref ID | Transaction Description | CHEQUE NO | CHANNEL |
 | com.example.Transaction@5f2afe62 | 258.0 | 17/09/2020 | true | com.example.Transaction@31c269fd | GIRO -- GIRO -- FBB9394U MSIG 2ND, R/T 1Y |  |  | MAY-MATCH | 
&amp#27;[0m
IBANKING -- IBANKING -- BLK NO 23838
B01 23838 | TRANSFER Fund Transfer from SINGAPURA FINANCE LTD SGD 25 791.88 B01 23838 | CT0019562633 | TRANSFER
&amp#27;[36m ||||||||| PRINTING RECORDS ||||||||| :::RECORD
 | Record Ref ID | Transaction Amount | Transaction Date | Reconciled? | Reconciled with Txn Ref ID | Transaction Description | CHEQUE NO | CHANNEL |
 | com.example.Transaction@c96a4ea | 25791.88 | 17/09/2020 | true | com.example.Transaction@5528a42c | IBANKING -- IBANKING -- BLK NO 23838 |  |  | MAY-MATCH | 
&amp#27;[0m
IBANKING -- IBANKING -- FBP3580P-001 : 018~018 IN
MUHAMMAD IZZAN BIN | PAYMENT/TRANSFER OTHR MUHAMMAD IZZAN BIN Transfer | OTHR | PAYMENT/TRANSFER
&amp#27;[36m ||||||||| PRINTING RECORDS ||||||||| :::RECORD
 | Record Ref ID | Transaction Amount | Transaction Date | Reconciled? | Reconciled with Txn Ref ID | Transaction Description | CHEQUE NO | CHANNEL |
 | com.example.Transaction@28782602 | 264.0 | 20/09/2020 | true | com.example.Transaction@37d3d232 | IBANKING -- IBANKING -- FBP3580P-001 : 018~018 IN |  |  | MAY-MATCH | 
&amp#27;[0m
CASH -- CASH -- TRF : PETTY CASH TO CASH
 | CASH DEPOSIT     CDM |  | CASH DEPOSIT     CDM
&amp#27;[36m ||||||||| PRINTING RECORDS ||||||||| :::RECORD
 | Record Ref ID | Transaction Amount | Transaction Date | Reconciled? | Reconciled with Txn Ref ID | Transaction Description | CHEQUE NO | CHANNEL |
 | com.example.Transaction@60c16548 | 9950.0 | 20/09/2020 | true | com.example.Transaction@30c0ccff | CASH -- CASH -- TRF : PETTY CASH TO CASH |  |  | MAY-MATCH | 
&amp#27;[0m
CASH -- CASH -- TRF : PETTY CASH TO CASH
 | CASH DEPOSIT     CDM |  | CASH DEPOSIT     CDM
&amp#27;[36m ||||||||| PRINTING RECORDS ||||||||| :::RECORD
 | Record Ref ID | Transaction Amount | Transaction Date | Reconciled? | Reconciled with Txn Ref ID | Transaction Description | CHEQUE NO | CHANNEL |
 | com.example.Transaction@68105edc | 12750.0 | 20/09/2020 | true | com.example.Transaction@581d969c | CASH -- CASH -- TRF : PETTY CASH TO CASH |  |  | MAY-MATCH | 
&amp#27;[0m
IBANKING -- IBANKING -- FBK2060G-004 : 011~011 IN
FADIL BIN ABD RAHIM | PAYMENT/TRANSFER OTHR FADIL BIN ABD RAHIM Transfer | OTHR | PAYMENT/TRANSFER
&amp#27;[36m ||||||||| PRINTING RECORDS ||||||||| :::RECORD
 | Record Ref ID | Transaction Amount | Transaction Date | Reconciled? | Reconciled with Txn Ref ID | Transaction Description | CHEQUE NO | CHANNEL |
 | com.example.Transaction@511816c0 | 120.0 | 20/09/2020 | true | com.example.Transaction@22db8f4 | IBANKING -- IBANKING -- FBK2060G-004 : 011~011 IN |  |  | MAY-MATCH | 
&amp#27;[0m
IBANKING -- IBANKING -- FBM7628B-001 : 030~030 IN
MOHAMED HASHIM BIN | PAYMENT/TRANSFER IHRP MOHAMED HASHIM BIN Irfan - FBM7628B | IHRP | PAYMENT/TRANSFER
&amp#27;[36m ||||||||| PRINTING RECORDS ||||||||| :::RECORD
 | Record Ref ID | Transaction Amount | Transaction Date | Reconciled? | Reconciled with Txn Ref ID | Transaction Description | CHEQUE NO | CHANNEL |
 | com.example.Transaction@38b972d7 | 354.0 | 21/09/2020 | true | com.example.Transaction@c074c0c | IBANKING -- IBANKING -- FBM7628B-001 : 030~030 IN |  |  | MAY-MATCH | 
&amp#27;[0m
IBANKING -- IBANKING -- FBQ8326U-001 : 006~006 IN
SAIFUL BAHRI BIN MD | PAYMENT/TRANSFER IHRP SAIFUL BAHRI BIN MD FBQ8326U | IHRP | PAYMENT/TRANSFER
&amp#27;[36m ||||||||| PRINTING RECORDS ||||||||| :::RECORD
 | Record Ref ID | Transaction Amount | Transaction Date | Reconciled? | Reconciled with Txn Ref ID | Transaction Description | CHEQUE NO | CHANNEL |
 | com.example.Transaction@5339bbad | 189.0 | 21/09/2020 | true | com.example.Transaction@58a55449 | IBANKING -- IBANKING -- FBQ8326U-001 : 006~006 IN |  |  | MAY-MATCH | 
&amp#27;[0m
JK:OCBC -- JK:OCBC -- TOILETRIES & REFRESHMENT
44096 | xx-8024 NTUC FAIRPRICE           S DEBIT PURCHASE |  | DEBIT PURCHASE
&amp#27;[36m ||||||||| PRINTING RECORDS ||||||||| :::RECORD
 | Record Ref ID | Transaction Amount | Transaction Date | Reconciled? | Reconciled with Txn Ref ID | Transaction Description | CHEQUE NO | CHANNEL |
 | com.example.Transaction@3935e9a8 | -85.99 | 21/09/2020 | true | com.example.Transaction@28a2a3e7 | JK:OCBC -- JK:OCBC -- TOILETRIES & REFRESHMENT |  |  | MAY-MATCH | 
&amp#27;[0m
IBANKING -- IBANKING -- FBQ1405X-001 : 014~014 IN
from S8422453G NORJ | OTHR - FBQ1405X FUND TRANSFER |  | FUND TRANSFER
&amp#27;[36m ||||||||| PRINTING RECORDS ||||||||| :::RECORD
 | Record Ref ID | Transaction Amount | Transaction Date | Reconciled? | Reconciled with Txn Ref ID | Transaction Description | CHEQUE NO | CHANNEL |
 | com.example.Transaction@288a4658 | 117.0 | 26/09/2020 | true | com.example.Transaction@15deb1dc | IBANKING -- IBANKING -- FBQ1405X-001 : 014~014 IN |  |  | MAY-MATCH | 
&amp#27;[0m
IBANKING -- IBANKING -- FBQ2241U-001 : 013~013 IN
from S8422453G NORJ | OTHR - FBQ2241U FUND TRANSFER |  | FUND TRANSFER
&amp#27;[36m ||||||||| PRINTING RECORDS ||||||||| :::RECORD
 | Record Ref ID | Transaction Amount | Transaction Date | Reconciled? | Reconciled with Txn Ref ID | Transaction Description | CHEQUE NO | CHANNEL |
 | com.example.Transaction@5b56b654 | 217.0 | 26/09/2020 | true | com.example.Transaction@6e9c413e | IBANKING -- IBANKING -- FBQ2241U-001 : 013~013 IN |  |  | MAY-MATCH | 
&amp#27;[0m
IBANKING -- IBANKING -- FBM2040D-001 : 038~038 IN
MOHAMED NOH BIN BAS | PAYMENT/TRANSFER IHRP MOHAMED NOH BIN BAS FBM2040D | IHRP | PAYMENT/TRANSFER
&amp#27;[36m ||||||||| PRINTING RECORDS ||||||||| :::RECORD
 | Record Ref ID | Transaction Amount | Transaction Date | Reconciled? | Reconciled with Txn Ref ID | Transaction Description | CHEQUE NO | CHANNEL |
 | com.example.Transaction@452c8a40 | 281.0 | 27/09/2020 | true | com.example.Transaction@3a45c42a | IBANKING -- IBANKING -- FBM2040D-001 : 038~038 IN |  |  | MAY-MATCH | 
&amp#27;[0m
PAYNOW -- PAYNOW -- FX0035C-001 : 014~014 INS
MUHAMMAD AL-HAFIZ B | PAYMENT/TRANSFER OTHR S$ MUHAMMAD AL-HAFIZ B via PayNow: Fx 35 c | OTHR S$ | PAYMENT/TRANSFER
&amp#27;[36m ||||||||| PRINTING RECORDS ||||||||| :::RECORD
 | Record Ref ID | Transaction Amount | Transaction Date | Reconciled? | Reconciled with Txn Ref ID | Transaction Description | CHEQUE NO | CHANNEL |
 | com.example.Transaction@534243e4 | 210.0 | 27/09/2020 | true | com.example.Transaction@36dce7ed | PAYNOW -- PAYNOW -- FX0035C-001 : 014~014 INS |  |  | MAY-MATCH | 
&amp#27;[0m
PAYNOW -- PAYNOW -- FBQ8355K-001 : 008~008 IN
RAJA ZULFIKAAR ABDU | PAYMENT/TRANSFER OTHR S$ RAJA ZULFIKAAR ABDU via PayNow: FBQ8355K | OTHR S$ | PAYMENT/TRANSFER
&amp#27;[36m ||||||||| PRINTING RECORDS ||||||||| :::RECORD
 | Record Ref ID | Transaction Amount | Transaction Date | Reconciled? | Reconciled with Txn Ref ID | Transaction Description | CHEQUE NO | CHANNEL |
 | com.example.Transaction@29006752 | 391.0 | 27/09/2020 | true | com.example.Transaction@47a64f7d | PAYNOW -- PAYNOW -- FBQ8355K-001 : 008~008 IN |  |  | MAY-MATCH | 
&amp#27;[0m
IBANKING -- IBANKING -- FBA2060J-001 : 008~009 IN
MOHAMED AJMEL BIN M | PAYMENT/TRANSFER OTHR MOHAMED AJMEL BIN M fba 2060j outstanding is cleared | OTHR | PAYMENT/TRANSFER
&amp#27;[36m ||||||||| PRINTING RECORDS ||||||||| :::RECORD
 | Record Ref ID | Transaction Amount | Transaction Date | Reconciled? | Reconciled with Txn Ref ID | Transaction Description | CHEQUE NO | CHANNEL |
 | com.example.Transaction@470a9030 | 458.0 | 27/09/2020 | true | com.example.Transaction@33d05366 | IBANKING -- IBANKING -- FBA2060J-001 : 008~009 IN |  |  | MAY-MATCH | 
&amp#27;[0m
PAYNOW -- PAYNOW -- FBP3628L-001 : 019~019 IN
MUHAMMAD FAIZ TAJUD | PAYMENT/TRANSFER OTHR S$ MUHAMMAD FAIZ TAJUD via PayNow: FBP3638L | OTHR S$ | PAYMENT/TRANSFER
&amp#27;[36m ||||||||| PRINTING RECORDS ||||||||| :::RECORD
 | Record Ref ID | Transaction Amount | Transaction Date | Reconciled? | Reconciled with Txn Ref ID | Transaction Description | CHEQUE NO | CHANNEL |
 | com.example.Transaction@66d57c1b | 230.0 | 27/09/2020 | true | com.example.Transaction@27a0a5a2 | PAYNOW -- PAYNOW -- FBP3628L-001 : 019~019 IN |  |  | MAY-MATCH | 
&amp#27;[0m
IBANKING -- IBANKING -- FBK9330G-001 : 054~054 IN
OW YONG HOA LEON | PAYMENT/TRANSFER OTHR OW YONG HOA LEON Transfer | OTHR | PAYMENT/TRANSFER
&amp#27;[36m ||||||||| PRINTING RECORDS ||||||||| :::RECORD
 | Record Ref ID | Transaction Amount | Transaction Date | Reconciled? | Reconciled with Txn Ref ID | Transaction Description | CHEQUE NO | CHANNEL |
 | com.example.Transaction@27494e46 | 355.0 | 27/09/2020 | true | com.example.Transaction@33aa93c | IBANKING -- IBANKING -- FBK9330G-001 : 054~054 IN |  |  | MAY-MATCH | 
&amp#27;[0m
IBANKING -- IBANKING -- FBM0811J-001 : 039~039 IN
665417770001 | 3RD PTY TRANSFER ATM |  | 3RD PTY TRANSFER ATM
&amp#27;[36m ||||||||| PRINTING RECORDS ||||||||| :::RECORD
 | Record Ref ID | Transaction Amount | Transaction Date | Reconciled? | Reconciled with Txn Ref ID | Transaction Description | CHEQUE NO | CHANNEL |
 | com.example.Transaction@d59970a | 265.0 | 27/09/2020 | true | com.example.Transaction@c20be82 | IBANKING -- IBANKING -- FBM0811J-001 : 039~039 IN |  |  | MAY-MATCH | 
&amp#27;[0m
PAYNOW -- PAYNOW -- FBQ7407B-001 : 010~010 IN
MOHAMAD FAIZAL BIN | PAYMENT/TRANSFER OTHR S$ MOHAMAD FAIZAL BIN via PayNow: 7407b | OTHR S$ | PAYMENT/TRANSFER
&amp#27;[36m ||||||||| PRINTING RECORDS ||||||||| :::RECORD
 | Record Ref ID | Transaction Amount | Transaction Date | Reconciled? | Reconciled with Txn Ref ID | Transaction Description | CHEQUE NO | CHANNEL |
 | com.example.Transaction@1e411d81 | 244.0 | 28/09/2020 | true | com.example.Transaction@eadb475 | PAYNOW -- PAYNOW -- FBQ7407B-001 : 010~010 IN |  |  | MAY-MATCH | 
&amp#27;[0m
PAYNOW -- PAYNOW -- FBE7176E-002 : 002~002 IN
from NG WENG LOON | LOAR - FBE7176E FUND TRANSFER | via PayNow-UEN | FUND TRANSFER
&amp#27;[36m ||||||||| PRINTING RECORDS ||||||||| :::RECORD
 | Record Ref ID | Transaction Amount | Transaction Date | Reconciled? | Reconciled with Txn Ref ID | Transaction Description | CHEQUE NO | CHANNEL |
 | com.example.Transaction@53b98ff6 | 94.0 | 29/09/2020 | true | com.example.Transaction@3be8821f | PAYNOW -- PAYNOW -- FBE7176E-002 : 002~002 IN |  |  | MAY-MATCH | 
&amp#27;[0m
IBANKING -- IBANKING -- FBL3296G-001 : 049~049 IN
from FBL3296G FARID | OTHR - Other FUND TRANSFER |  | FUND TRANSFER
&amp#27;[36m ||||||||| PRINTING RECORDS ||||||||| :::RECORD
 | Record Ref ID | Transaction Amount | Transaction Date | Reconciled? | Reconciled with Txn Ref ID | Transaction Description | CHEQUE NO | CHANNEL |
 | com.example.Transaction@3e6fd0b9 | 251.0 | 29/09/2020 | true | com.example.Transaction@64b31700 | IBANKING -- IBANKING -- FBL3296G-001 : 049~049 IN |  |  | MAY-MATCH | 
&amp#27;[0m
]]></system-out>
  </testcase>
  <testcase name="expect_reconciled_records_transaction_dates_are_the_same_for_goodmatches" classname="com.example.tests.TestReconciliationTool" time="0.274">
    <system-out><![CDATA[PAYNOW -- PAYNOW -- FBL9376U-002 : 012~012 IN
from MUHAMMAD ZUHAI | OTHR - Other FUND TRANSFER | via PayNow-UEN | FUND TRANSFER
&amp#27;[36m ||||||||| PRINTING RECORDS ||||||||| :::RECORD
 | Record Ref ID | Transaction Amount | Transaction Date | Reconciled? | Reconciled with Txn Ref ID | Transaction Description | CHEQUE NO | CHANNEL |
 | com.example.Transaction@773e2eb5 | 260.0 | 13/09/2020 | true | com.example.Transaction@45673f68 | PAYNOW -- PAYNOW -- FBL9376U-002 : 012~012 IN |  |  | MAY-MATCH | 
&amp#27;[0m
IBANKING -- IBANKING -- FBQ4745U-001 : 011~011 IN
MOHD RAZALI BIN MOH | PAYMENT/TRANSFER OTHR MOHD RAZALI BIN MOH FBQ4745U 83210310 | OTHR | PAYMENT/TRANSFER
&amp#27;[36m ||||||||| PRINTING RECORDS ||||||||| :::RECORD
 | Record Ref ID | Transaction Amount | Transaction Date | Reconciled? | Reconciled with Txn Ref ID | Transaction Description | CHEQUE NO | CHANNEL |
 | com.example.Transaction@d8948cd | 218.0 | 01/09/2020 | true | com.example.Transaction@4d6f623d | IBANKING -- IBANKING -- FBQ4745U-001 : 011~011 IN |  |  | MAY-MATCH | 
&amp#27;[0m
IBANKING -- IBANKING -- FBL3296G-001 : 048~048 IN
from FBL3296G FARID | OTHR - Other FUND TRANSFER |  | FUND TRANSFER
&amp#27;[36m ||||||||| PRINTING RECORDS ||||||||| :::RECORD
 | Record Ref ID | Transaction Amount | Transaction Date | Reconciled? | Reconciled with Txn Ref ID | Transaction Description | CHEQUE NO | CHANNEL |
 | com.example.Transaction@1436a7ab | 251.0 | 01/09/2020 | true | com.example.Transaction@aa21042 | IBANKING -- IBANKING -- FBL3296G-001 : 048~048 IN |  |  | MAY-MATCH | 
&amp#27;[0m
IBANKING -- IBANKING -- FBG0332G-001 : 040~040 IN
HO CHI WING | PAYMENT/TRANSFER OTHR HO CHI WING FBG0332G | OTHR | PAYMENT/TRANSFER
&amp#27;[36m ||||||||| PRINTING RECORDS ||||||||| :::RECORD
 | Record Ref ID | Transaction Amount | Transaction Date | Reconciled? | Reconciled with Txn Ref ID | Transaction Description | CHEQUE NO | CHANNEL |
 | com.example.Transaction@3b7b05a8 | 438.0 | 01/09/2020 | true | com.example.Transaction@e93f3d5 | IBANKING -- IBANKING -- FBG0332G-001 : 040~040 IN |  |  | MAY-MATCH | 
&amp#27;[0m
IBANKING -- IBANKING -- FBA2060J-001 : 007~000 IN
MOHAMED AJMEL BIN M | PAYMENT/TRANSFER OTHR MOHAMED AJMEL BIN M Ajmel fba2060j | OTHR | PAYMENT/TRANSFER
&amp#27;[36m ||||||||| PRINTING RECORDS ||||||||| :::RECORD
 | Record Ref ID | Transaction Amount | Transaction Date | Reconciled? | Reconciled with Txn Ref ID | Transaction Description | CHEQUE NO | CHANNEL |
 | com.example.Transaction@3d36dff4 | 200.0 | 01/09/2020 | true | com.example.Transaction@4cee7fa0 | IBANKING -- IBANKING -- FBA2060J-001 : 007~000 IN |  |  | MAY-MATCH | 
&amp#27;[0m
IBANKING -- IBANKING -- FBK7313U-002 : 005~005 IN
HELMI HUSAINI BIN S | PAYMENT/TRANSFER OTHR S$ HELMI HUSAINI BIN S via PayNow: FBK7313U | OTHR S$ | PAYMENT/TRANSFER
&amp#27;[36m ||||||||| PRINTING RECORDS ||||||||| :::RECORD
 | Record Ref ID | Transaction Amount | Transaction Date | Reconciled? | Reconciled with Txn Ref ID | Transaction Description | CHEQUE NO | CHANNEL |
 | com.example.Transaction@7abe27bf | 160.0 | 01/09/2020 | true | com.example.Transaction@7a26928a | IBANKING -- IBANKING -- FBK7313U-002 : 005~005 IN |  |  | MAY-MATCH | 
&amp#27;[0m
IBANKING -- IBANKING -- FBL9839B-001 : 039~039 IN
SHER WENYONG BENJAM | PAYMENT/TRANSFER OTHR SHER WENYONG BENJAM FBL9839B | OTHR | PAYMENT/TRANSFER
&amp#27;[36m ||||||||| PRINTING RECORDS ||||||||| :::RECORD
 | Record Ref ID | Transaction Amount | Transaction Date | Reconciled? | Reconciled with Txn Ref ID | Transaction Description | CHEQUE NO | CHANNEL |
 | com.example.Transaction@5b94ccbc | 244.0 | 03/09/2020 | true | com.example.Transaction@6d6cb754 | IBANKING -- IBANKING -- FBL9839B-001 : 039~039 IN |  |  | MAY-MATCH | 
&amp#27;[0m
IBANKING -- IBANKING -- FBR1665G-001 : 006~006 IN
VILLAFUERTE ARIEL D | PAYMENT/TRANSFER COLL VILLAFUERTE ARIEL D FBR1665G SEPT2020 | COLL | PAYMENT/TRANSFER
&amp#27;[36m ||||||||| PRINTING RECORDS ||||||||| :::RECORD
 | Record Ref ID | Transaction Amount | Transaction Date | Reconciled? | Reconciled with Txn Ref ID | Transaction Description | CHEQUE NO | CHANNEL |
 | com.example.Transaction@38a1c423 | 352.0 | 06/09/2020 | true | com.example.Transaction@aed0151 | IBANKING -- IBANKING -- FBR1665G-001 : 006~006 IN |  |  | MAY-MATCH | 
&amp#27;[0m
PAYNOW -- PAYNOW -- FBJ8075E-002 : 040~040 IN
ARHAB SADEED | PAYMENT/TRANSFER OTHR S$ ARHAB SADEED via PayNow: FBJ8075E | OTHR S$ | PAYMENT/TRANSFER
&amp#27;[36m ||||||||| PRINTING RECORDS ||||||||| :::RECORD
 | Record Ref ID | Transaction Amount | Transaction Date | Reconciled? | Reconciled with Txn Ref ID | Transaction Description | CHEQUE NO | CHANNEL |
 | com.example.Transaction@336365bc | 240.0 | 06/09/2020 | true | com.example.Transaction@267bbe1a | PAYNOW -- PAYNOW -- FBJ8075E-002 : 040~040 IN |  |  | MAY-MATCH | 
&amp#27;[0m
PAYNOW -- PAYNOW -- FBR2590G-001 : 005~005 IN
MUHAMMAD AMIRUL HAK | PAYMENT/TRANSFER OTHR S$ MUHAMMAD AMIRUL HAK via PayNow: 198903552W | OTHR S$ | PAYMENT/TRANSFER
&amp#27;[36m ||||||||| PRINTING RECORDS ||||||||| :::RECORD
 | Record Ref ID | Transaction Amount | Transaction Date | Reconciled? | Reconciled with Txn Ref ID | Transaction Description | CHEQUE NO | CHANNEL |
 | com.example.Transaction@38eb2fb0 | 322.0 | 06/09/2020 | true | com.example.Transaction@1f12e153 | PAYNOW -- PAYNOW -- FBR2590G-001 : 005~005 IN |  |  | MAY-MATCH | 
&amp#27;[0m
IBANKING -- IBANKING -- FBQ8185J-001 : 006~006 IN
from FBQ8185J HARUN | OTHR - FBQ8185J FUND TRANSFER |  | FUND TRANSFER
&amp#27;[36m ||||||||| PRINTING RECORDS ||||||||| :::RECORD
 | Record Ref ID | Transaction Amount | Transaction Date | Reconciled? | Reconciled with Txn Ref ID | Transaction Description | CHEQUE NO | CHANNEL |
 | com.example.Transaction@4567e53d | 217.0 | 06/09/2020 | true | com.example.Transaction@389562d6 | IBANKING -- IBANKING -- FBQ8185J-001 : 006~006 IN |  |  | MAY-MATCH | 
&amp#27;[0m
IBANKING -- IBANKING -- FBP6139L-001 : 017~017 IN
INDRA SUKMA BIN BUH | PAYMENT/TRANSFER IHRP INDRA SUKMA BIN BUH FBP6139L- SEPTEMBER 2020 | IHRP | PAYMENT/TRANSFER
&amp#27;[36m ||||||||| PRINTING RECORDS ||||||||| :::RECORD
 | Record Ref ID | Transaction Amount | Transaction Date | Reconciled? | Reconciled with Txn Ref ID | Transaction Description | CHEQUE NO | CHANNEL |
 | com.example.Transaction@7351a16e | 484.0 | 06/09/2020 | true | com.example.Transaction@5a101b1c | IBANKING -- IBANKING -- FBP6139L-001 : 017~017 IN |  |  | MAY-MATCH | 
&amp#27;[0m
PAYNOW -- PAYNOW -- FBP8163C-001 : 014~014 IN
ABDULLAH KHALESH KA | PAYMENT/TRANSFER OTHR S$ ABDULLAH KHALESH KA via PayNow: FBP 8163 C | OTHR S$ | PAYMENT/TRANSFER
&amp#27;[36m ||||||||| PRINTING RECORDS ||||||||| :::RECORD
 | Record Ref ID | Transaction Amount | Transaction Date | Reconciled? | Reconciled with Txn Ref ID | Transaction Description | CHEQUE NO | CHANNEL |
 | com.example.Transaction@5bb7643d | 261.0 | 07/09/2020 | true | com.example.Transaction@4e558728 | PAYNOW -- PAYNOW -- FBP8163C-001 : 014~014 IN |  |  | MAY-MATCH | 
&amp#27;[0m
IBANKING -- IBANKING -- FBP1309X-001 : 019~019 IN
FARHANI SHEREEN BTE | PAYMENT/TRANSFER OTHR FARHANI SHEREEN BTE FBP1309X | OTHR | PAYMENT/TRANSFER
&amp#27;[36m ||||||||| PRINTING RECORDS ||||||||| :::RECORD
 | Record Ref ID | Transaction Amount | Transaction Date | Reconciled? | Reconciled with Txn Ref ID | Transaction Description | CHEQUE NO | CHANNEL |
 | com.example.Transaction@3ac04654 | 203.0 | 08/09/2020 | true | com.example.Transaction@591fd34d | IBANKING -- IBANKING -- FBP1309X-001 : 019~019 IN |  |  | MAY-MATCH | 
&amp#27;[0m
IBANKING -- IBANKING -- FBP2944E-001 : 018~018 IN
ISMAIL BIN MOHD JAI | PAYMENT/TRANSFER IHRP ISMAIL BIN MOHD JAI FBP2944E Ismail Mohd Jai | IHRP | PAYMENT/TRANSFER
&amp#27;[36m ||||||||| PRINTING RECORDS ||||||||| :::RECORD
 | Record Ref ID | Transaction Amount | Transaction Date | Reconciled? | Reconciled with Txn Ref ID | Transaction Description | CHEQUE NO | CHANNEL |
 | com.example.Transaction@4074023c | 254.0 | 08/09/2020 | true | com.example.Transaction@61e45f87 | IBANKING -- IBANKING -- FBP2944E-001 : 018~018 IN |  |  | MAY-MATCH | 
&amp#27;[0m
PAYNOW -- PAYNOW -- FW9186X-001 : 010~010 INS
SZE WEI KIAT | PAYMENT/TRANSFER OTHR S$ SZE WEI KIAT via PayNow: FW9186X | OTHR S$ | PAYMENT/TRANSFER
&amp#27;[36m ||||||||| PRINTING RECORDS ||||||||| :::RECORD
 | Record Ref ID | Transaction Amount | Transaction Date | Reconciled? | Reconciled with Txn Ref ID | Transaction Description | CHEQUE NO | CHANNEL |
 | com.example.Transaction@3ed0918d | 350.0 | 08/09/2020 | true | com.example.Transaction@7c9b78e3 | PAYNOW -- PAYNOW -- FW9186X-001 : 010~010 INS |  |  | MAY-MATCH | 
&amp#27;[0m
PAYNOW -- PAYNOW -- FBK7253J-002 : 023~023 IN
HANNAN HUZAIFI BIN | PAYMENT/TRANSFER OTHR S$ HANNAN HUZAIFI BIN via PayNow: Fbk7253j | OTHR S$ | PAYMENT/TRANSFER
&amp#27;[36m ||||||||| PRINTING RECORDS ||||||||| :::RECORD
 | Record Ref ID | Transaction Amount | Transaction Date | Reconciled? | Reconciled with Txn Ref ID | Transaction Description | CHEQUE NO | CHANNEL |
 | com.example.Transaction@5e268ce6 | 158.0 | 08/09/2020 | true | com.example.Transaction@3068b369 | PAYNOW -- PAYNOW -- FBK7253J-002 : 023~023 IN |  |  | MAY-MATCH | 
&amp#27;[0m
GIRO:OCBC -- GIRO:OCBC -- SJT1188L PREVIA [38/84]
HONG LEONG FINANCE | HLF-030 DUE 20200910 IBG GIRO | IHRP 38316717005680 | IBG GIRO
&amp#27;[36m ||||||||| PRINTING RECORDS ||||||||| :::RECORD
 | Record Ref ID | Transaction Amount | Transaction Date | Reconciled? | Reconciled with Txn Ref ID | Transaction Description | CHEQUE NO | CHANNEL |
 | com.example.Transaction@66ec9390 | -1350.0 | 13/09/2020 | true | com.example.Transaction@2189e7a7 | GIRO:OCBC -- GIRO:OCBC -- SJT1188L PREVIA [38/84] |  |  | MAY-MATCH | 
&amp#27;[0m
P200907:OCBC -- P200907:OCBC -- AUG 2020
P200907 | FUND TRANSFER Fund Transfer to account 601265671001 SGD 904.15@1 Atan Motoring Supply Pte Ltd - Aug 2020 | CT0019530884 | FUND TRANSFER
&amp#27;[36m ||||||||| PRINTING RECORDS ||||||||| :::RECORD
 | Record Ref ID | Transaction Amount | Transaction Date | Reconciled? | Reconciled with Txn Ref ID | Transaction Description | CHEQUE NO | CHANNEL |
 | com.example.Transaction@6e91893 | -904.15 | 04/09/2020 | true | com.example.Transaction@13d186db | P200907:OCBC -- P200907:OCBC -- AUG 2020 |  |  | MAY-MATCH | 
&amp#27;[0m
IBANKING -- IBANKING -- FBR1534B-001 : 006~006 IN
RADIWATI BTE MOHAME | PAYMENT/TRANSFER OTHR RADIWATI BTE MOHAME FBR1534B | OTHR | PAYMENT/TRANSFER
&amp#27;[36m ||||||||| PRINTING RECORDS ||||||||| :::RECORD
 | Record Ref ID | Transaction Amount | Transaction Date | Reconciled? | Reconciled with Txn Ref ID | Transaction Description | CHEQUE NO | CHANNEL |
 | com.example.Transaction@3c0fbd3a | 226.0 | 14/09/2020 | true | com.example.Transaction@599f571f | IBANKING -- IBANKING -- FBR1534B-001 : 006~006 IN |  |  | MAY-MATCH | 
&amp#27;[0m
IBANKING -- IBANKING -- FBP9517J-001 : 014~014 IN
FOREST CHILD CADRE | PAYMENT/TRANSFER ALLW FOREST CHILD CADRE EBGPP00912760247 | ALLW | PAYMENT/TRANSFER
&amp#27;[36m ||||||||| PRINTING RECORDS ||||||||| :::RECORD
 | Record Ref ID | Transaction Amount | Transaction Date | Reconciled? | Reconciled with Txn Ref ID | Transaction Description | CHEQUE NO | CHANNEL |
 | com.example.Transaction@562457e1 | 193.0 | 12/09/2020 | true | com.example.Transaction@6569dded | IBANKING -- IBANKING -- FBP9517J-001 : 014~014 IN |  |  | MAY-MATCH | 
&amp#27;[0m
IBANKING -- IBANKING -- FBK5286C-002 : 019~019 IN
from FBK5286C SHARE | OTHR - Other FUND TRANSFER |  | FUND TRANSFER
&amp#27;[36m ||||||||| PRINTING RECORDS ||||||||| :::RECORD
 | Record Ref ID | Transaction Amount | Transaction Date | Reconciled? | Reconciled with Txn Ref ID | Transaction Description | CHEQUE NO | CHANNEL |
 | com.example.Transaction@54562ea6 | 246.0 | 13/09/2020 | true | com.example.Transaction@2d7e1102 | IBANKING -- IBANKING -- FBK5286C-002 : 019~019 IN |  |  | MAY-MATCH | 
&amp#27;[0m
CASH -- CASH -- TRF : PETTY CASH TO CASH
 | CASH DEPOSIT     CDM |  | CASH DEPOSIT     CDM
&amp#27;[36m ||||||||| PRINTING RECORDS ||||||||| :::RECORD
 | Record Ref ID | Transaction Amount | Transaction Date | Reconciled? | Reconciled with Txn Ref ID | Transaction Description | CHEQUE NO | CHANNEL |
 | com.example.Transaction@1a35993f | 9950.0 | 13/09/2020 | true | com.example.Transaction@2adddc06 | CASH -- CASH -- TRF : PETTY CASH TO CASH |  |  | MAY-MATCH | 
&amp#27;[0m
CASH -- CASH -- TRF : PETTY CASH TO CASH
 | CASH DEPOSIT     CDM |  | CASH DEPOSIT     CDM
&amp#27;[36m ||||||||| PRINTING RECORDS ||||||||| :::RECORD
 | Record Ref ID | Transaction Amount | Transaction Date | Reconciled? | Reconciled with Txn Ref ID | Transaction Description | CHEQUE NO | CHANNEL |
 | com.example.Transaction@5b12012e | 10000.0 | 13/09/2020 | true | com.example.Transaction@301d8120 | CASH -- CASH -- TRF : PETTY CASH TO CASH |  |  | MAY-MATCH | 
&amp#27;[0m
CASH -- CASH -- TRF : PETTY CASH TO CASH
 | CASH DEPOSIT     CDM |  | CASH DEPOSIT     CDM
&amp#27;[36m ||||||||| PRINTING RECORDS ||||||||| :::RECORD
 | Record Ref ID | Transaction Amount | Transaction Date | Reconciled? | Reconciled with Txn Ref ID | Transaction Description | CHEQUE NO | CHANNEL |
 | com.example.Transaction@2f7dcef2 | 5850.0 | 13/09/2020 | true | com.example.Transaction@6d367020 | CASH -- CASH -- TRF : PETTY CASH TO CASH |  |  | MAY-MATCH | 
&amp#27;[0m
IBANKING -- IBANKING -- FBG0756S-003 : 005~006 IN
RAZALI BIN JOHARI | PAYMENT/TRANSFER OTHR RAZALI BIN JOHARI Transfer | OTHR | PAYMENT/TRANSFER
&amp#27;[36m ||||||||| PRINTING RECORDS ||||||||| :::RECORD
 | Record Ref ID | Transaction Amount | Transaction Date | Reconciled? | Reconciled with Txn Ref ID | Transaction Description | CHEQUE NO | CHANNEL |
 | com.example.Transaction@4a3be6a5 | 360.0 | 13/09/2020 | true | com.example.Transaction@72458efc | IBANKING -- IBANKING -- FBG0756S-003 : 005~006 IN |  |  | MAY-MATCH | 
&amp#27;[0m
IBANKING -- IBANKING -- FBP1782L-001 : 019~019 IN
from FBD7182L MUHAM | OTHR - FBP1782L FUND TRANSFER |  | FUND TRANSFER
&amp#27;[36m ||||||||| PRINTING RECORDS ||||||||| :::RECORD
 | Record Ref ID | Transaction Amount | Transaction Date | Reconciled? | Reconciled with Txn Ref ID | Transaction Description | CHEQUE NO | CHANNEL |
 | com.example.Transaction@7cf162bc | 270.0 | 13/09/2020 | true | com.example.Transaction@36bc415e | IBANKING -- IBANKING -- FBP1782L-001 : 019~019 IN |  |  | MAY-MATCH | 
&amp#27;[0m
IBANKING -- IBANKING -- FBG2736L-001 : 031~031 IN
NURHIDAYAH BTE MOLI | PAYMENT/TRANSFER OTHR S$ NURHIDAYAH BTE MOLI via PayNow: FBL6182G | OTHR S$ | PAYMENT/TRANSFER
&amp#27;[36m ||||||||| PRINTING RECORDS ||||||||| :::RECORD
 | Record Ref ID | Transaction Amount | Transaction Date | Reconciled? | Reconciled with Txn Ref ID | Transaction Description | CHEQUE NO | CHANNEL |
 | com.example.Transaction@3721177d | 202.0 | 12/09/2020 | true | com.example.Transaction@6a74d228 | IBANKING -- IBANKING -- FBG2736L-001 : 031~031 IN |  |  | MAY-MATCH | 
&amp#27;[0m
PAYNOW -- PAYNOW -- FBP1376B-001 : 019~019 IN
MUHAMMAD AFIQ BIN A | PAYMENT/TRANSFER OTHR S$ MUHAMMAD AFIQ BIN A via PayNow: FBP1376B | OTHR S$ | PAYMENT/TRANSFER
&amp#27;[36m ||||||||| PRINTING RECORDS ||||||||| :::RECORD
 | Record Ref ID | Transaction Amount | Transaction Date | Reconciled? | Reconciled with Txn Ref ID | Transaction Description | CHEQUE NO | CHANNEL |
 | com.example.Transaction@766a4535 | 267.0 | 13/09/2020 | true | com.example.Transaction@349d0836 | PAYNOW -- PAYNOW -- FBP1376B-001 : 019~019 IN |  |  | MAY-MATCH | 
&amp#27;[0m
IBANKING -- IBANKING -- FBP4314K-001 : 018~018 IN
MUHAMMAD ANDIKA BIN | PAYMENT/TRANSFER OTHR MUHAMMAD ANDIKA BIN FBP4314K | OTHR | PAYMENT/TRANSFER
&amp#27;[36m ||||||||| PRINTING RECORDS ||||||||| :::RECORD
 | Record Ref ID | Transaction Amount | Transaction Date | Reconciled? | Reconciled with Txn Ref ID | Transaction Description | CHEQUE NO | CHANNEL |
 | com.example.Transaction@63718b93 | 216.0 | 13/09/2020 | true | com.example.Transaction@6a714237 | IBANKING -- IBANKING -- FBP4314K-001 : 018~018 IN |  |  | MAY-MATCH | 
&amp#27;[0m
PAYNOW -- PAYNOW -- FBQ4082Z-001 : 012~012 IN
MUHAMMAD ZUHAIDI BI | PAYMENT/TRANSFER OTHR S$ MUHAMMAD ZUHAIDI BI via PayNow: 198903552W | OTHR S$ | PAYMENT/TRANSFER
&amp#27;[36m ||||||||| PRINTING RECORDS ||||||||| :::RECORD
 | Record Ref ID | Transaction Amount | Transaction Date | Reconciled? | Reconciled with Txn Ref ID | Transaction Description | CHEQUE NO | CHANNEL |
 | com.example.Transaction@14e2e1c3 | 260.0 | 27/09/2020 | true | com.example.Transaction@3e134896 | PAYNOW -- PAYNOW -- FBQ4082Z-001 : 012~012 IN |  |  | MAY-MATCH | 
&amp#27;[0m
IBANKING -- IBANKING -- FBL6182G-001 : 044~044 IN
WAHAB BIN MOHD ISA | SI               FBP2238K IBG GIRO | OTHR | IBG GIRO
&amp#27;[36m ||||||||| PRINTING RECORDS ||||||||| :::RECORD
 | Record Ref ID | Transaction Amount | Transaction Date | Reconciled? | Reconciled with Txn Ref ID | Transaction Description | CHEQUE NO | CHANNEL |
[...]
 | com.example.Transaction@1d9bd4da | 120.0 | 20/09/2020 | true | com.example.Transaction@69391e08 | IBANKING -- IBANKING -- FBK2060G-004 : 011~011 IN |  |  | MAY-MATCH | 
&amp#27;[0m
IBANKING -- IBANKING -- FBM7628B-001 : 030~030 IN
MOHAMED HASHIM BIN | PAYMENT/TRANSFER IHRP MOHAMED HASHIM BIN Irfan - FBM7628B | IHRP | PAYMENT/TRANSFER
&amp#27;[36m ||||||||| PRINTING RECORDS ||||||||| :::RECORD
 | Record Ref ID | Transaction Amount | Transaction Date | Reconciled? | Reconciled with Txn Ref ID | Transaction Description | CHEQUE NO | CHANNEL |
 | com.example.Transaction@4c58255 | 354.0 | 21/09/2020 | true | com.example.Transaction@665522c2 | IBANKING -- IBANKING -- FBM7628B-001 : 030~030 IN |  |  | MAY-MATCH | 
&amp#27;[0m
IBANKING -- IBANKING -- FBQ8326U-001 : 006~006 IN
SAIFUL BAHRI BIN MD | PAYMENT/TRANSFER IHRP SAIFUL BAHRI BIN MD FBQ8326U | IHRP | PAYMENT/TRANSFER
&amp#27;[36m ||||||||| PRINTING RECORDS ||||||||| :::RECORD
 | Record Ref ID | Transaction Amount | Transaction Date | Reconciled? | Reconciled with Txn Ref ID | Transaction Description | CHEQUE NO | CHANNEL |
 | com.example.Transaction@eac3a26 | 189.0 | 21/09/2020 | true | com.example.Transaction@41fe8e5f | IBANKING -- IBANKING -- FBQ8326U-001 : 006~006 IN |  |  | MAY-MATCH | 
&amp#27;[0m
JK:OCBC -- JK:OCBC -- TOILETRIES & REFRESHMENT
44096 | xx-8024 NTUC FAIRPRICE           S DEBIT PURCHASE |  | DEBIT PURCHASE
&amp#27;[36m ||||||||| PRINTING RECORDS ||||||||| :::RECORD
 | Record Ref ID | Transaction Amount | Transaction Date | Reconciled? | Reconciled with Txn Ref ID | Transaction Description | CHEQUE NO | CHANNEL |
 | com.example.Transaction@10b1a751 | -85.99 | 21/09/2020 | true | com.example.Transaction@65d57e4e | JK:OCBC -- JK:OCBC -- TOILETRIES & REFRESHMENT |  |  | MAY-MATCH | 
&amp#27;[0m
IBANKING -- IBANKING -- FBQ1405X-001 : 014~014 IN
from S8422453G NORJ | OTHR - FBQ1405X FUND TRANSFER |  | FUND TRANSFER
&amp#27;[36m ||||||||| PRINTING RECORDS ||||||||| :::RECORD
 | Record Ref ID | Transaction Amount | Transaction Date | Reconciled? | Reconciled with Txn Ref ID | Transaction Description | CHEQUE NO | CHANNEL |
 | com.example.Transaction@53cf9c99 | 117.0 | 26/09/2020 | true | com.example.Transaction@6cd5122d | IBANKING -- IBANKING -- FBQ1405X-001 : 014~014 IN |  |  | MAY-MATCH | 
&amp#27;[0m
IBANKING -- IBANKING -- FBQ2241U-001 : 013~013 IN
from S8422453G NORJ | OTHR - FBQ2241U FUND TRANSFER |  | FUND TRANSFER
&amp#27;[36m ||||||||| PRINTING RECORDS ||||||||| :::RECORD
 | Record Ref ID | Transaction Amount | Transaction Date | Reconciled? | Reconciled with Txn Ref ID | Transaction Description | CHEQUE NO | CHANNEL |
 | com.example.Transaction@7b306b9f | 217.0 | 26/09/2020 | true | com.example.Transaction@2c7a8af2 | IBANKING -- IBANKING -- FBQ2241U-001 : 013~013 IN |  |  | MAY-MATCH | 
&amp#27;[0m
IBANKING -- IBANKING -- FBM2040D-001 : 038~038 IN
MOHAMED NOH BIN BAS | PAYMENT/TRANSFER IHRP MOHAMED NOH BIN BAS FBM2040D | IHRP | PAYMENT/TRANSFER
&amp#27;[36m ||||||||| PRINTING RECORDS ||||||||| :::RECORD
 | Record Ref ID | Transaction Amount | Transaction Date | Reconciled? | Reconciled with Txn Ref ID | Transaction Description | CHEQUE NO | CHANNEL |
 | com.example.Transaction@142213d5 | 281.0 | 27/09/2020 | true | com.example.Transaction@360bc645 | IBANKING -- IBANKING -- FBM2040D-001 : 038~038 IN |  |  | MAY-MATCH | 
&amp#27;[0m
PAYNOW -- PAYNOW -- FX0035C-001 : 014~014 INS
MUHAMMAD AL-HAFIZ B | PAYMENT/TRANSFER OTHR S$ MUHAMMAD AL-HAFIZ B via PayNow: Fx 35 c | OTHR S$ | PAYMENT/TRANSFER
&amp#27;[36m ||||||||| PRINTING RECORDS ||||||||| :::RECORD
 | Record Ref ID | Transaction Amount | Transaction Date | Reconciled? | Reconciled with Txn Ref ID | Transaction Description | CHEQUE NO | CHANNEL |
 | com.example.Transaction@934b52f | 210.0 | 27/09/2020 | true | com.example.Transaction@4edef76c | PAYNOW -- PAYNOW -- FX0035C-001 : 014~014 INS |  |  | MAY-MATCH | 
&amp#27;[0m
PAYNOW -- PAYNOW -- FBQ8355K-001 : 008~008 IN
RAJA ZULFIKAAR ABDU | PAYMENT/TRANSFER OTHR S$ RAJA ZULFIKAAR ABDU via PayNow: FBQ8355K | OTHR S$ | PAYMENT/TRANSFER
&amp#27;[36m ||||||||| PRINTING RECORDS ||||||||| :::RECORD
 | Record Ref ID | Transaction Amount | Transaction Date | Reconciled? | Reconciled with Txn Ref ID | Transaction Description | CHEQUE NO | CHANNEL |
 | com.example.Transaction@2630dbc4 | 391.0 | 27/09/2020 | true | com.example.Transaction@5d51e129 | PAYNOW -- PAYNOW -- FBQ8355K-001 : 008~008 IN |  |  | MAY-MATCH | 
&amp#27;[0m
IBANKING -- IBANKING -- FBA2060J-001 : 008~009 IN
MOHAMED AJMEL BIN M | PAYMENT/TRANSFER OTHR MOHAMED AJMEL BIN M fba 2060j outstanding is cleared | OTHR | PAYMENT/TRANSFER
&amp#27;[36m ||||||||| PRINTING RECORDS ||||||||| :::RECORD
 | Record Ref ID | Transaction Amount | Transaction Date | Reconciled? | Reconciled with Txn Ref ID | Transaction Description | CHEQUE NO | CHANNEL |
 | com.example.Transaction@5ea4300e | 458.0 | 27/09/2020 | true | com.example.Transaction@70c53dbe | IBANKING -- IBANKING -- FBA2060J-001 : 008~009 IN |  |  | MAY-MATCH | 
&amp#27;[0m
PAYNOW -- PAYNOW -- FBP3628L-001 : 019~019 IN
MUHAMMAD FAIZ TAJUD | PAYMENT/TRANSFER OTHR S$ MUHAMMAD FAIZ TAJUD via PayNow: FBP3638L | OTHR S$ | PAYMENT/TRANSFER
&amp#27;[36m ||||||||| PRINTING RECORDS ||||||||| :::RECORD
 | Record Ref ID | Transaction Amount | Transaction Date | Reconciled? | Reconciled with Txn Ref ID | Transaction Description | CHEQUE NO | CHANNEL |
 | com.example.Transaction@5a1c3cb4 | 230.0 | 27/09/2020 | true | com.example.Transaction@1894e40d | PAYNOW -- PAYNOW -- FBP3628L-001 : 019~019 IN |  |  | MAY-MATCH | 
&amp#27;[0m
IBANKING -- IBANKING -- FBK9330G-001 : 054~054 IN
OW YONG HOA LEON | PAYMENT/TRANSFER OTHR OW YONG HOA LEON Transfer | OTHR | PAYMENT/TRANSFER
&amp#27;[36m ||||||||| PRINTING RECORDS ||||||||| :::RECORD
 | Record Ref ID | Transaction Amount | Transaction Date | Reconciled? | Reconciled with Txn Ref ID | Transaction Description | CHEQUE NO | CHANNEL |
 | com.example.Transaction@76ad6715 | 355.0 | 27/09/2020 | true | com.example.Transaction@7342e05d | IBANKING -- IBANKING -- FBK9330G-001 : 054~054 IN |  |  | MAY-MATCH | 
&amp#27;[0m
IBANKING -- IBANKING -- FBM0811J-001 : 039~039 IN
665417770001 | 3RD PTY TRANSFER ATM |  | 3RD PTY TRANSFER ATM
&amp#27;[36m ||||||||| PRINTING RECORDS ||||||||| :::RECORD
 | Record Ref ID | Transaction Amount | Transaction Date | Reconciled? | Reconciled with Txn Ref ID | Transaction Description | CHEQUE NO | CHANNEL |
 | com.example.Transaction@56637cff | 265.0 | 27/09/2020 | true | com.example.Transaction@f91da5e | IBANKING -- IBANKING -- FBM0811J-001 : 039~039 IN |  |  | MAY-MATCH | 
&amp#27;[0m
PAYNOW -- PAYNOW -- FBQ7407B-001 : 010~010 IN
MOHAMAD FAIZAL BIN | PAYMENT/TRANSFER OTHR S$ MOHAMAD FAIZAL BIN via PayNow: 7407b | OTHR S$ | PAYMENT/TRANSFER
&amp#27;[36m ||||||||| PRINTING RECORDS ||||||||| :::RECORD
 | Record Ref ID | Transaction Amount | Transaction Date | Reconciled? | Reconciled with Txn Ref ID | Transaction Description | CHEQUE NO | CHANNEL |
 | com.example.Transaction@2938127d | 244.0 | 28/09/2020 | true | com.example.Transaction@44e93c1f | PAYNOW -- PAYNOW -- FBQ7407B-001 : 010~010 IN |  |  | MAY-MATCH | 
&amp#27;[0m
PAYNOW -- PAYNOW -- FBE7176E-002 : 002~002 IN
from NG WENG LOON | LOAR - FBE7176E FUND TRANSFER | via PayNow-UEN | FUND TRANSFER
&amp#27;[36m ||||||||| PRINTING RECORDS ||||||||| :::RECORD
 | Record Ref ID | Transaction Amount | Transaction Date | Reconciled? | Reconciled with Txn Ref ID | Transaction Description | CHEQUE NO | CHANNEL |
 | com.example.Transaction@127a7272 | 94.0 | 29/09/2020 | true | com.example.Transaction@2b2f5fcf | PAYNOW -- PAYNOW -- FBE7176E-002 : 002~002 IN |  |  | MAY-MATCH | 
&amp#27;[0m
IBANKING -- IBANKING -- FBL3296G-001 : 049~049 IN
from FBL3296G FARID | OTHR - Other FUND TRANSFER |  | FUND TRANSFER
&amp#27;[36m ||||||||| PRINTING RECORDS ||||||||| :::RECORD
 | Record Ref ID | Transaction Amount | Transaction Date | Reconciled? | Reconciled with Txn Ref ID | Transaction Description | CHEQUE NO | CHANNEL |
 | com.example.Transaction@ff23ae7 | 251.0 | 29/09/2020 | true | com.example.Transaction@858d8b4 | IBANKING -- IBANKING -- FBL3296G-001 : 049~049 IN |  |  | MAY-MATCH | 
&amp#27;[0m

&amp#27;[46m ||||||||| SUMMARY OF RECORDS ||||||||| :::Bank Statement Pending Recon Count:45 of 570 | Reconciled: 92%&amp#27;[0m
&amp#27;[36m ||||||||| PRINTING RECORDS ||||||||| :::BANK STATEMENT records not found in COMPANY BOOKS Record Count: (45)
 | CHANNEL | Record Ref ID | Transaction Amount | Transaction Date | Reconciled? | Reconciled with Txn Ref ID | Transaction Description |
 | NETS -- NETS | com.example.Transaction@e9dc4d0 | 814.45 | 01/09/2020 | false |  | ATAN MOTOR | 11146097500 POS SETTLEMENT | 31/08/2020 | POS SETTLEMENT | 
 |  | com.example.Transaction@5d5160e6 | 500.0 | 01/09/2020 | false |  | CHAN CHEE HONG | PAYMENT/TRANSFER LOAN CHAN CHEE HONG FBR2603D | LOAN | PAYMENT/TRANSFER | 
 | CHEQUE | com.example.Transaction@54f4a7f0 | -7753.0 | 01/09/2020 | false |  | 186290 | CHQ186290 CHEQUE |  | CHEQUE | 
 | CHEQUE | com.example.Transaction@61a1ea2c | -7753.0 | 01/09/2020 | false |  | 186291 | CHQ186291 CHEQUE |  | CHEQUE | 
 | LTA | com.example.Transaction@b835727 | -25.0 | 02/09/2020 | false |  | 29/08/2020 |xx-7992 LTA E-SERVICE VRLS     SIN DEBIT PURCHASE |  | DEBIT PURCHASE | 
 | LTA | com.example.Transaction@68e7c8c3 | 3237.0 | 02/09/2020 | false |  | LTA | LTAFBA4771C IBG GIRO | SUPP | IBG GIRO | 
 | CHEQUE | com.example.Transaction@149debbb | -10683.0 | 02/09/2020 | false |  | 186289 | CHQ186289 CHEQUE |  | CHEQUE | 
 | NETS -- NETS | com.example.Transaction@4b3fe06e | 611.71 | 03/09/2020 | false |  | ATAN MOTOR | 11146097500 POS SETTLEMENT | 02/09/2020 | POS SETTLEMENT | 
 | LTA | com.example.Transaction@27b45ea | -25.0 | 03/09/2020 | false |  | 31/08/2020 |xx-7992 LTA E-SERVICE VRLS     SIN DEBIT PURCHASE |  | DEBIT PURCHASE | 
 | LTA | com.example.Transaction@3e17a0a1 | -25.0 | 03/09/2020 | false |  | 31/08/2020 |xx-7992 LTA E-SERVICE VRLS     SIN DEBIT PURCHASE |  | DEBIT PURCHASE | 
 | LTA | com.example.Transaction@75361cf6 | -42.1 | 04/09/2020 | false |  | LTA | LTAFBC2384P IBG GIRO | PADD 051108800008 | IBG GIRO | 
 |  | com.example.Transaction@3d5790ea | 273.7 | 05/09/2020 | false |  | MUHD HADI BIN HALI | PAYMENT/TRANSFER OTHR S$ MUHD HADI BIN HALI via PayNow: FBL193P | OTHR S$ | PAYMENT/TRANSFER | 
 |  | com.example.Transaction@e8e0dec | -0.2 | 07/09/2020 | false |  | P200909 | GIRO CHARGES |  | GIRO CHARGES | 
 |  | com.example.Transaction@12d1f1d4 | -0.2 | 07/09/2020 | false |  | P200908 | GIRO CHARGES |  | GIRO CHARGES | 
 |  | com.example.Transaction@75fa1be3 | -0.2 | 07/09/2020 | false |  | P200905 | GIRO CHARGES |  | GIRO CHARGES | 
 |  | com.example.Transaction@383864d5 | -0.2 | 08/09/2020 | false |  | P200902 | GIRO CHARGES |  | GIRO CHARGES | 
 |  | com.example.Transaction@66420549 | -0.2 | 09/09/2020 | false |  | P200910 | GIRO CHARGES |  | GIRO CHARGES | 
 |  | com.example.Transaction@242a209e | 700.0 | 10/09/2020 | false |  | MUHAMMAD RAQIB BIN | PAYMENT/TRANSFER OTHR MUHAMMAD RAQIB BIN FBP1371P | OTHR | PAYMENT/TRANSFER | 
 |  | com.example.Transaction@64469d8 | 2.4 | 10/09/2020 | false |  | MUHAMMAD RAQIB BIN | PAYMENT/TRANSFER OTHR MUHAMMAD RAQIB BIN fbp1371p | OTHR | PAYMENT/TRANSFER | 
 | CHEQUE | com.example.Transaction@49fe3142 | -994.55 | 11/09/2020 | false |  | 186371 | CHQ186371 CHEQUE |  | CHEQUE | 
 |  | com.example.Transaction@3a08078c | -0.2 | 14/09/2020 | false |  | P200912 | GIRO CHARGES |  | GIRO CHARGES | 
 |  | com.example.Transaction@20576557 | -0.2 | 15/09/2020 | false |  | P200903 | GIRO CHARGES |  | GIRO CHARGES | 
 |  | com.example.Transaction@35f639fa | -0.2 | 16/09/2020 | false |  | P200914 | GIRO CHARGES |  | GIRO CHARGES | 
 |  | com.example.Transaction@6c6333cd | -0.2 | 16/09/2020 | false |  | G200916 | GIRO CHARGES |  | GIRO CHARGES | 
 |  | com.example.Transaction@636bbbbb | 0.43 | 19/09/2020 | false |  |  | CASH REBATE CASH REBATE |  | CASH REBATE | 
 |  | com.example.Transaction@7eae3764 | 0.07 | 19/09/2020 | false |  |  | CASH REBATE CASH REBATE |  | CASH REBATE | 
 |  | com.example.Transaction@6884f0d9 | -0.2 | 21/09/2020 | false |  | G200951 | GIRO CHARGES |  | GIRO CHARGES | 
 | CHEQUE | com.example.Transaction@5527b211 | -170.0 | 21/09/2020 | false |  | 186370 | CHQ186370 CHEQUE |  | CHEQUE | 
 |  | com.example.Transaction@2016f509 | -0.2 | 22/09/2020 | false |  | P200904 | GIRO CHARGES |  | GIRO CHARGES | 
 |  | com.example.Transaction@66f0548d | -0.2 | 24/09/2020 | false |  | P200916 | GIRO CHARGES |  | GIRO CHARGES | 
 |  | com.example.Transaction@2e6f610d | -0.2 | 24/09/2020 | false |  | P200917 | GIRO CHARGES |  | GIRO CHARGES | 
 |  | com.example.Transaction@3bddc676 | -0.2 | 25/09/2020 | false |  | P200918 | GIRO CHARGES |  | GIRO CHARGES | 
 |  | com.example.Transaction@44b194fe | -72.4 | 25/09/2020 | false |  | SP SERVICES LTD | GIRO Collection 8903495888 IBG GIRO | COLL 8903495888 | IBG GIRO | 
 |  | com.example.Transaction@49122b8f | -36.88 | 25/09/2020 | false |  | SP SERVICES LTD | GIRO Collection 8902370199 IBG GIRO | COLL 8902370199 | IBG GIRO | 
 |  | com.example.Transaction@71978f46 | -1.8 | 28/09/2020 | false |  | P200915 | GIRO CHARGES |  | GIRO CHARGES | 
 |  | com.example.Transaction@304d0259 | -0.2 | 28/09/2020 | false |  | P200919 | GIRO CHARGES |  | GIRO CHARGES | 
 |  | com.example.Transaction@1d23ff23 | -0.2 | 28/09/2020 | false |  | P200920 | GIRO CHARGES |  | GIRO CHARGES | 
 |  | com.example.Transaction@6ed16657 | 260.0 | 28/09/2020 | false |  | NORIDAH BINTE OTHMA | SI               FBP1819R IBG GIRO | OTHR | IBG GIRO | 
 | CHEQUE | com.example.Transaction@7915bca3 | -110.28 | 28/09/2020 | false |  | 186362 | CHQ186362 CHEQUE |  | CHEQUE | 
 |  | com.example.Transaction@a62c7cd | 340.0 | 29/09/2020 | false |  |  | CASH DEPOSIT     CDM |  | CASH DEPOSIT     CDM | 
 | LTA | com.example.Transaction@1f0b3cfe | 27.0 | 29/09/2020 | false |  | LTA | LTAFBA291Y IBG GIRO | SUPP | IBG GIRO | 
 | LTA | com.example.Transaction@65a48602 | -30.0 | 29/09/2020 | false |  | LTA | LTAFBJ6039Z IBG GIRO | PADD 051108800008 | IBG GIRO | 
 | LTA | com.example.Transaction@dc79225 | 178.0 | 30/09/2020 | false |  | LTA | LTAFBA291Y IBG GIRO | SUPP | IBG GIRO | 
 |  | com.example.Transaction@fd9ebde | -57.99 | 30/09/2020 | false |  | Singapore Telecommu | 68472174 IBG GIRO | COLL 68472174 | IBG GIRO | 
 |  | com.example.Transaction@14982a82 | -421.27 | 30/09/2020 | false |  | Singapore Telecommu | 11538363 IBG GIRO | COLL 11538363 | IBG GIRO | 
&amp#27;[0m

&amp#27;[46m ||||||||| SUMMARY OF RECORDS ||||||||| :::Company unrecorded pending  Count:37 of 634 | Reconciled: 94%&amp#27;[0m
&amp#27;[36m ||||||||| PRINTING RECORDS ||||||||| :::COMPANY BOOKS records not found in BANK STATEMENT Record Count: (37)
 | CHANNEL | Record Ref ID | Transaction Amount | Transaction Date | Reconciled? | Reconciled with Txn Ref ID | Transaction Description |
 |  | com.example.Transaction@7d3fb0ef | 250.0 | 01/09/2020 | false |  | IBANKING -- IBANKING -- FBR1497A-001 : 006~006 IN | 
 |  | com.example.Transaction@7dbe2ebf | 250.0 | 01/09/2020 | false |  | PAYNOW -- PAYNOW -- FBJ6122R-002 : 009~009 IN | 
 |  | com.example.Transaction@4adc663e | -42.1 | 02/09/2020 | false |  | AS:OCBC -- AS:OCBC -- FBC2384P OWNER TO ATAN & | 
 | NETS -- NETS | com.example.Transaction@885e7ff | 172.2 | 02/09/2020 | false |  | NETS -- NETS -- FBH7669J : JO202009-0001 | 
 | NETS -- NETS | com.example.Transaction@8bd86c8 | 50.0 | 02/09/2020 | false |  | NETS -- NETS -- FBQ0586M : JO201908-0019 | 
 | NETS -- NETS | com.example.Transaction@4fa9ab6 | 236.5 | 02/09/2020 | false |  | NETS -- NETS -- FBF2978K : JO202008-0001 | 
 |  | com.example.Transaction@2d3ef181 | 3237.0 | 02/09/2020 | false |  | GIRO -- GIRO -- FBA4771C COE REBATE | 
 | NETS -- NETS | com.example.Transaction@a2341c6 | 143.38 | 02/09/2020 | false |  | NETS -- NETS -- FBK4188J : JO202009-0002 | 
 |  | com.example.Transaction@6e4c0d8c | 10.7 | 05/09/2020 | false |  | PAYNOW -- PAYNOW -- FBL0193P : JO201611-0027 | 
 |  | com.example.Transaction@3e3315d9 | 263.0 | 05/09/2020 | false |  | PAYNOW -- PAYNOW -- FBL0193P-001 : 052~052 IN | 
 |  | com.example.Transaction@64db4967 | -6468.23 | 07/09/2020 | false |  | P201001:OCBC -- P201001:OCBC -- JULY 2020 | 
 |  | com.example.Transaction@74e6094b | 702.4 | 10/09/2020 | false |  | IBANKING -- IBANKING -- FBP1371P-001 : 020~022 IN | 
 |  | com.example.Transaction@7a485a36 | -3970.17 | 14/09/2020 | false |  | P201007:OCBC -- P201007:OCBC -- AUGUST 2020 | 
 |  | com.example.Transaction@5cf3157b | -2916.69 | 23/09/2020 | false |  | 186302:OCBC -- 186302:OCBC -- FBM3142L FBG5928E FW7324C | 
 |  | com.example.Transaction@625dfff3 | -30.0 | 25/09/2020 | false |  | GIRO:OCBC -- GIRO:OCBC -- FBJ6039Z EXTN OF TEMP TT | 
 |  | com.example.Transaction@26350ea2 | -109.28 | 25/09/2020 | false |  | GIRO:OCBC -- GIRO:OCBC -- SEP 2020 UTILITIES | 
 |  | com.example.Transaction@1e9469b8 | -25.0 | 28/09/2020 | false |  | AS:OCBC -- AS:OCBC -- FBE9214R OWNER TO ATAN | 
 |  | com.example.Transaction@5a08efdc | -25.0 | 28/09/2020 | false |  | AS:OCBC -- AS:OCBC -- FBB7712Z OWNER TO ATAN | 
 |  | com.example.Transaction@57272109 | -25.0 | 28/09/2020 | false |  | AS:OCBC -- AS:OCBC -- FBR7428K ATAN TO OWNER | 
 |  | com.example.Transaction@59696551 | -25.0 | 29/09/2020 | false |  | AS:OCBC -- AS:OCBC -- FBQ203T ATAN TO OWNER | 
 |  | com.example.Transaction@648d0e6d | 240.0 | 29/09/2020 | false |  | IBANKING -- IBANKING -- FY9021C-002 : 030~030 INS | 
 |  | com.example.Transaction@79e66b2f | 27.0 | 29/09/2020 | false |  | GIRO -- GIRO -- FBA291Y R/T REFUND | 
 |  | com.example.Transaction@17273273 | 100.0 | 29/09/2020 | false |  | IBANKING -- IBANKING -- FBL0679E-002 : 026~000 IN | 
 |  | com.example.Transaction@5f69e2b | -64.0 | 30/09/2020 | false |  | JK:OCBC -- JK:OCBC -- FBK5363M R/T 1 YR | 
 |  | com.example.Transaction@984169e | -2931.98 | 30/09/2020 | false |  | 186304:OCBC -- 186304:OCBC -- FBK5878U FBF6924P FBG650 | 
 |  | com.example.Transaction@43f1bb92 | -800.0 | 30/09/2020 | false |  | 186164:OCBC -- 186164:OCBC -- FBK5878U COMMISSION | 
 |  | com.example.Transaction@6d6bbd35 | -4.5 | 30/09/2020 | false |  | GIRO:OCBC -- GIRO:OCBC -- SEP 2020 BANK CHARGES | 
 |  | com.example.Transaction@5c5d6175 | -479.26 | 30/09/2020 | false |  | GIRO:OCBC -- GIRO:OCBC -- SEP 2020 TEL CHARGES | 
 | NETS -- NETS | com.example.Transaction@7544ac86 | 23.55 | 30/09/2020 | false |  | NETS -- NETS -- FBA7731Z : JO202007-0028 | 
 | NETS -- NETS | com.example.Transaction@3b27b497 | 16.0 | 30/09/2020 | false |  | NETS -- NETS -- FBQ0203T : JO201907-0028 | 
 | NETS -- NETS | com.example.Transaction@b1534d3 | 30.0 | 30/09/2020 | false |  | NETS -- NETS -- FBM9426D : JO202006-0007 | 
 | NETS -- NETS | com.example.Transaction@3c74aa0d | 24.6 | 30/09/2020 | false |  | NETS -- NETS -- FBH0172X : JO201504-0038 | 
 | NETS -- NETS | com.example.Transaction@6c841199 | 62.1 | 30/09/2020 | false |  | NETS -- NETS -- FBH2745E : JO201801-0020 | 
 | NETS -- NETS | com.example.Transaction@6a818392 | 345.7 | 30/09/2020 | false |  | NETS -- NETS -- FBH1782D : JO202006-0013 | 
 |  | com.example.Transaction@489091bd | 178.0 | 30/09/2020 | false |  | GIRO -- GIRO -- FBG291Y COE REBATE | 
 |  | com.example.Transaction@512d6e60 | 250.0 | 30/09/2020 | false |  | PAYNOW -- PAYNOW -- FBJ6122R-002 : 010~010 IN | 
 |  | com.example.Transaction@1de9b505 | 286.0 | 30/09/2020 | false |  | PAYNOW -- PAYNOW -- FBP2680R-001 : 019~019 IN | 
&amp#27;[0m
]]></system-out>
  </testcase>
  <testcase name="expect_reconciliation_is_for_two_set_of_records" classname="com.example.tests.TestReconciliationTool" time="0.018"/>
  <testcase name="expect_able_to_pass_in_bankrecords_and_companyrecords" classname="com.example.tests.TestReconciliationTool" time="0.001"/>
</testsuite>