<?xml version="1.0" encoding="UTF-8"?>
<testsuite xmlns:xsi="http://www.w3.org/2001/XMLSchema-instance" xsi:noNamespaceSchemaLocation="https://maven.apache.org/surefire/maven-surefire-plugin/xsd/surefire-test-report-3.0.xsd" version="3.0" name="com.example.tests.TestReconciliationTool" time="0.954" tests="11" errors="0" skipped="0" failures="0">
  <properties>
[...]
</properties>
  <testcase name="expect_AfterReconRun_remove_GIRO_CHARGES_and_Sumup_forUser" classname="com.example.tests.TestReconciliationTool" time="0.073">
    <system-out><![CDATA[{25/09/2020=-0.2, 24/09/2020=-0.4, 21/09/2020=-0.2, 07/09/2020=-0.6000000000000001, 22/09/2020=-0.2, 16/09/2020=-0.4, 15/09/2020=-0.2, 09/09/2020=-0.2, 08/09/2020=-0.2, 28/09/2020=-2.2, 14/09/2020=-0.2}
GIRO CHARGESTOTAL: -5.0
&amp#27;[36m ||||||||| PRINTING RECORDS ||||||||| :::RECONCILED GIRO CHARGES Record Count: (17)
 | CHANNEL | Record Ref ID | Transaction Amount | Transaction Date | Reconciled? | Reconciled with Txn Ref ID | Transaction Description |
 | GIRO CHARGES | com.example.Transaction@3b7ff809 | -0.2 | 07/09/2020 | true | Manual User Entry for GIRO CHARGES on 07/09/2020 | P200909 | GIRO CHARGES |  | GIRO CHARGES | 
 | GIRO CHARGES | com.example.Transaction@1bb564e2 | -0.2 | 07/09/2020 | true | Manual User Entry for GIRO CHARGES on 07/09/2020 | P200908 | GIRO CHARGES |  | GIRO CHARGES | 
 | GIRO CHARGES | com.example.Transaction@62e6b5c8 | -0.2 | 07/09/2020 | true | Manual User Entry for GIRO CHARGES on 07/09/2020 | P200905 | GIRO CHARGES |  | GIRO CHARGES | 
 | GIRO CHARGES | com.example.Transaction@2313052e | -0.2 | 08/09/2020 | true | Manual User Entry for GIRO CHARGES on 08/09/2020 | P200902 | GIRO CHARGES |  | GIRO CHARGES | 
 | GIRO CHARGES | com.example.Transaction@4504d271 | -0.2 | 09/09/2020 | true | Manual User Entry for GIRO CHARGES on 09/09/2020 | P200910 | GIRO CHARGES |  | GIRO CHARGES | 
 | GIRO CHARGES | com.example.Transaction@4fbda97b | -0.2 | 14/09/2020 | true | Manual User Entry for GIRO CHARGES on 14/09/2020 | P200912 | GIRO CHARGES |  | GIRO CHARGES | 
 | GIRO CHARGES | com.example.Transaction@2fea7088 | -0.2 | 15/09/2020 | true | Manual User Entry for GIRO CHARGES on 15/09/2020 | P200903 | GIRO CHARGES |  | GIRO CHARGES | 
 | GIRO CHARGES | com.example.Transaction@66ce957f | -0.2 | 16/09/2020 | true | Manual User Entry for GIRO CHARGES on 16/09/2020 | P200914 | GIRO CHARGES |  | GIRO CHARGES | 
 | GIRO CHARGES | com.example.Transaction@5bfa8cc5 | -0.2 | 16/09/2020 | true | Manual User Entry for GIRO CHARGES on 16/09/2020 | G200916 | GIRO CHARGES |  | GIRO CHARGES | 
 | GIRO CHARGES | com.example.Transaction@239b0f9d | -0.2 | 21/09/2020 | true | Manual User Entry for GIRO CHARGES on 21/09/2020 | G200951 | GIRO CHARGES |  | GIRO CHARGES | 
 | GIRO CHARGES | com.example.Transaction@5ce33a58 | -0.2 | 22/09/2020 | true | Manual User Entry for GIRO CHARGES on 22/09/2020 | P200904 | GIRO CHARGES |  | GIRO CHARGES | 
 | GIRO CHARGES | com.example.Transaction@4de41af9 | -0.2 | 24/09/2020 | true | Manual User Entry for GIRO CHARGES on 24/09/2020 | P200916 | GIRO CHARGES |  | GIRO CHARGES | 
 | GIRO CHARGES | com.example.Transaction@56ace400 | -0.2 | 24/09/2020 | true | Manual User Entry for GIRO CHARGES on 24/09/2020 | P200917 | GIRO CHARGES |  | GIRO CHARGES | 
 | GIRO CHARGES | com.example.Transaction@5d1659ea | -0.2 | 25/09/2020 | true | Manual User Entry for GIRO CHARGES on 25/09/2020 | P200918 | GIRO CHARGES |  | GIRO CHARGES | 
 | GIRO CHARGES | com.example.Transaction@21aa6d6c | -1.8 | 28/09/2020 | true | Manual User Entry for GIRO CHARGES on 28/09/2020 | P200915 | GIRO CHARGES |  | GIRO CHARGES | 
 | GIRO CHARGES | com.example.Transaction@5b080f3a | -0.2 | 28/09/2020 | true | Manual User Entry for GIRO CHARGES on 28/09/2020 | P200919 | GIRO CHARGES |  | GIRO CHARGES | 
 | GIRO CHARGES | com.example.Transaction@773cbf4f | -0.2 | 28/09/2020 | true | Manual User Entry for GIRO CHARGES on 28/09/2020 | P200920 | GIRO CHARGES |  | GIRO CHARGES | 
&amp#27;[0m
]]></system-out>
  </testcase>
  <testcase name="expect_to_reconcile_cheque_transaction_by_cheque_no" classname="com.example.tests.TestReconciliationTool" time="0.18"/>
  <testcase name="expect_AfterReconRun_suggests_remaining_pending_may_match_amount" classname="com.example.tests.TestReconciliationTool" time="0.097">
    <system-out><![CDATA[com.example.Transaction@1e63d216|PAYNOW -- PAYNOW -- FBL9376U-002 : 012~012 IN
&amp#27;[36m ||||||||| PRINTING RECORDS ||||||||| :::Reconciled May-matches
 | Record Ref ID | Transaction Amount | Transaction Date | Reconciled? | Reconciled with Txn Ref ID | Transaction Description | CHEQUE NO | CHANNEL |
 | com.example.Transaction@44ea608c | 260.0 | 01/09/2020 | true | com.example.Transaction@1e63d216 | from MUHAMMAD ZUHAI | OTHR - Other FUND TRANSFER | via PayNow-UEN | FUND TRANSFER |  |  | MAY-MATCH | 
&amp#27;[0m
com.example.Transaction@62ddd21b|IBANKING -- IBANKING -- FBQ4745U-001 : 011~011 IN
&amp#27;[36m ||||||||| PRINTING RECORDS ||||||||| :::Reconciled May-matches
 | Record Ref ID | Transaction Amount | Transaction Date | Reconciled? | Reconciled with Txn Ref ID | Transaction Description | CHEQUE NO | CHANNEL |
 | com.example.Transaction@4e7095ac | 218.0 | 02/09/2020 | true | com.example.Transaction@62ddd21b | MOHD RAZALI BIN MOH | PAYMENT/TRANSFER OTHR MOHD RAZALI BIN MOH FBQ4745U 83210310 | OTHR | PAYMENT/TRANSFER |  |  | MAY-MATCH | 
&amp#27;[0m
com.example.Transaction@16c3ca31|IBANKING -- IBANKING -- FBL3296G-001 : 048~048 IN
&amp#27;[36m ||||||||| PRINTING RECORDS ||||||||| :::Reconciled May-matches
 | Record Ref ID | Transaction Amount | Transaction Date | Reconciled? | Reconciled with Txn Ref ID | Transaction Description | CHEQUE NO | CHANNEL |
 | com.example.Transaction@251ebf23 | 251.0 | 02/09/2020 | true | com.example.Transaction@16c3ca31 | from FBL3296G FARID | OTHR - Other FUND TRANSFER |  | FUND TRANSFER |  |  | MAY-MATCH | 
&amp#27;[0m
com.example.Transaction@2d195ee4|IBANKING -- IBANKING -- FBG0332G-001 : 040~040 IN
&amp#27;[36m ||||||||| PRINTING RECORDS ||||||||| :::Reconciled May-matches
 | Record Ref ID | Transaction Amount | Transaction Date | Reconciled? | Reconciled with Txn Ref ID | Transaction Description | CHEQUE NO | CHANNEL |
 | com.example.Transaction@29b732a2 | 438.0 | 02/09/2020 | true | com.example.Transaction@2d195ee4 | HO CHI WING | PAYMENT/TRANSFER OTHR HO CHI WING FBG0332G | OTHR | PAYMENT/TRANSFER |  |  | MAY-MATCH | 
&amp#27;[0m
com.example.Transaction@2d6aca33|IBANKING -- IBANKING -- FBA2060J-001 : 007~000 IN
&amp#27;[36m ||||||||| PRINTING RECORDS ||||||||| :::Reconciled May-matches
 | Record Ref ID | Transaction Amount | Transaction Date | Reconciled? | Reconciled with Txn Ref ID | Transaction Description | CHEQUE NO | CHANNEL |
 | com.example.Transaction@1b70203f | 200.0 | 02/09/2020 | true | com.example.Transaction@2d6aca33 | MOHAMED AJMEL BIN M | PAYMENT/TRANSFER OTHR MOHAMED AJMEL BIN M Ajmel fba2060j | OTHR | PAYMENT/TRANSFER |  |  | MAY-MATCH | 
&amp#27;[0m
com.example.Transaction@21ab988f|IBANKING -- IBANKING -- FBK7313U-002 : 005~005 IN
&amp#27;[36m ||||||||| PRINTING RECORDS ||||||||| :::Reconciled May-matches
 | Record Ref ID | Transaction Amount | Transaction Date | Reconciled? | Reconciled with Txn Ref ID | Transaction Description | CHEQUE NO | CHANNEL |
 | com.example.Transaction@51671b08 | 160.0 | 02/09/2020 | true | com.example.Transaction@21ab988f | HELMI HUSAINI BIN S | PAYMENT/TRANSFER OTHR S$ HELMI HUSAINI BIN S via PayNow: FBK7313U | OTHR S$ | PAYMENT/TRANSFER |  |  | MAY-MATCH | 
&amp#27;[0m
com.example.Transaction@29314cc9|IBANKING -- IBANKING -- FBL9839B-001 : 039~039 IN
&amp#27;[36m ||||||||| PRINTING RECORDS ||||||||| :::Reconciled May-matches
 | Record Ref ID | Transaction Amount | Transaction Date | Reconciled? | Reconciled with Txn Ref ID | Transaction Description | CHEQUE NO | CHANNEL |
 | com.example.Transaction@55a8dc49 | 244.0 | 04/09/2020 | true | com.example.Transaction@29314cc9 | SHER WENYONG BENJAM | PAYMENT/TRANSFER OTHR SHER WENYONG BENJAM FBL9839B | OTHR | PAYMENT/TRANSFER |  |  | MAY-MATCH | 
&amp#27;[0m
com.example.Transaction@4e38d975|AS:OCBC -- AS:OCBC -- FBC2384P OWNER TO ATAN &
&amp#27;[36m ||||||||| PRINTING RECORDS ||||||||| :::Reconciled May-matches
 | Record Ref ID | Transaction Amount | Transaction Date | Reconciled? | Reconciled with Txn Ref ID | Transaction Description | CHEQUE NO | CHANNEL |
 | com.example.Transaction@3e1162e7 | -42.1 | 04/09/2020 | true | com.example.Transaction@4e38d975 | LTA | LTAFBC2384P IBG GIRO | PADD 051108800008 | IBG GIRO |  |  | MAY-MATCH | 
&amp#27;[0m
com.example.Transaction@35f8a9d3|IBANKING -- IBANKING -- FBR1665G-001 : 006~006 IN
&amp#27;[36m ||||||||| PRINTING RECORDS ||||||||| :::Reconciled May-matches
 | Record Ref ID | Transaction Amount | Transaction Date | Reconciled? | Reconciled with Txn Ref ID | Transaction Description | CHEQUE NO | CHANNEL |
 | com.example.Transaction@15b986cd | 352.0 | 07/09/2020 | true | com.example.Transaction@35f8a9d3 | VILLAFUERTE ARIEL D | PAYMENT/TRANSFER COLL VILLAFUERTE ARIEL D FBR1665G SEPT2020 | COLL | PAYMENT/TRANSFER |  |  | MAY-MATCH | 
&amp#27;[0m
com.example.Transaction@48ea2003|PAYNOW -- PAYNOW -- FBJ8075E-002 : 040~040 IN
&amp#27;[36m ||||||||| PRINTING RECORDS ||||||||| :::Reconciled May-matches
 | Record Ref ID | Transaction Amount | Transaction Date | Reconciled? | Reconciled with Txn Ref ID | Transaction Description | CHEQUE NO | CHANNEL |
 | com.example.Transaction@6bb7cce7 | 240.0 | 07/09/2020 | true | com.example.Transaction@48ea2003 | ARHAB SADEED | PAYMENT/TRANSFER OTHR S$ ARHAB SADEED via PayNow: FBJ8075E | OTHR S$ | PAYMENT/TRANSFER |  |  | MAY-MATCH | 
&amp#27;[0m
com.example.Transaction@6b1e7ad3|PAYNOW -- PAYNOW -- FBR2590G-001 : 005~005 IN
&amp#27;[36m ||||||||| PRINTING RECORDS ||||||||| :::Reconciled May-matches
 | Record Ref ID | Transaction Amount | Transaction Date | Reconciled? | Reconciled with Txn Ref ID | Transaction Description | CHEQUE NO | CHANNEL |
 | com.example.Transaction@41c62850 | 322.0 | 07/09/2020 | true | com.example.Transaction@6b1e7ad3 | MUHAMMAD AMIRUL HAK | PAYMENT/TRANSFER OTHR S$ MUHAMMAD AMIRUL HAK via PayNow: 198903552W | OTHR S$ | PAYMENT/TRANSFER |  |  | MAY-MATCH | 
&amp#27;[0m
com.example.Transaction@63e5e5b4|IBANKING -- IBANKING -- FBQ8185J-001 : 006~006 IN
&amp#27;[36m ||||||||| PRINTING RECORDS ||||||||| :::Reconciled May-matches
 | Record Ref ID | Transaction Amount | Transaction Date | Reconciled? | Reconciled with Txn Ref ID | Transaction Description | CHEQUE NO | CHANNEL |
 | com.example.Transaction@6b530eb9 | 217.0 | 07/09/2020 | true | com.example.Transaction@63e5e5b4 | from FBQ8185J HARUN | OTHR - FBQ8185J FUND TRANSFER |  | FUND TRANSFER |  |  | MAY-MATCH | 
&amp#27;[0m
com.example.Transaction@13a37e2a|IBANKING -- IBANKING -- FBP6139L-001 : 017~017 IN
&amp#27;[36m ||||||||| PRINTING RECORDS ||||||||| :::Reconciled May-matches
 | Record Ref ID | Transaction Amount | Transaction Date | Reconciled? | Reconciled with Txn Ref ID | Transaction Description | CHEQUE NO | CHANNEL |
 | com.example.Transaction@328572f0 | 484.0 | 07/09/2020 | true | com.example.Transaction@13a37e2a | INDRA SUKMA BIN BUH | PAYMENT/TRANSFER IHRP INDRA SUKMA BIN BUH FBP6139L- SEPTEMBER 2020 | IHRP | PAYMENT/TRANSFER |  |  | MAY-MATCH | 
&amp#27;[0m
com.example.Transaction@a50ae65|PAYNOW -- PAYNOW -- FBP8163C-001 : 014~014 IN
&amp#27;[36m ||||||||| PRINTING RECORDS ||||||||| :::Reconciled May-matches
 | Record Ref ID | Transaction Amount | Transaction Date | Reconciled? | Reconciled with Txn Ref ID | Transaction Description | CHEQUE NO | CHANNEL |
 | com.example.Transaction@3c1e23ff | 261.0 | 08/09/2020 | true | com.example.Transaction@a50ae65 | ABDULLAH KHALESH KA | PAYMENT/TRANSFER OTHR S$ ABDULLAH KHALESH KA via PayNow: FBP 8163 C | OTHR S$ | PAYMENT/TRANSFER |  |  | MAY-MATCH | 
&amp#27;[0m
com.example.Transaction@1280851e|IBANKING -- IBANKING -- FBP1309X-001 : 019~019 IN
&amp#27;[36m ||||||||| PRINTING RECORDS ||||||||| :::Reconciled May-matches
 | Record Ref ID | Transaction Amount | Transaction Date | Reconciled? | Reconciled with Txn Ref ID | Transaction Description | CHEQUE NO | CHANNEL |
 | com.example.Transaction@6f330eb9 | 203.0 | 09/09/2020 | true | com.example.Transaction@1280851e | FARHANI SHEREEN BTE | PAYMENT/TRANSFER OTHR FARHANI SHEREEN BTE FBP1309X | OTHR | PAYMENT/TRANSFER |  |  | MAY-MATCH | 
&amp#27;[0m
com.example.Transaction@5e840abf|IBANKING -- IBANKING -- FBP2944E-001 : 018~018 IN
&amp#27;[36m ||||||||| PRINTING RECORDS ||||||||| :::Reconciled May-matches
 | Record Ref ID | Transaction Amount | Transaction Date | Reconciled? | Reconciled with Txn Ref ID | Transaction Description | CHEQUE NO | CHANNEL |
 | com.example.Transaction@125c082e | 254.0 | 09/09/2020 | true | com.example.Transaction@5e840abf | ISMAIL BIN MOHD JAI | PAYMENT/TRANSFER IHRP ISMAIL BIN MOHD JAI FBP2944E Ismail Mohd Jai | IHRP | PAYMENT/TRANSFER |  |  | MAY-MATCH | 
&amp#27;[0m
com.example.Transaction@56de6d6b|PAYNOW -- PAYNOW -- FW9186X-001 : 010~010 INS
&amp#27;[36m ||||||||| PRINTING RECORDS ||||||||| :::Reconciled May-matches
 | Record Ref ID | Transaction Amount | Transaction Date | Reconciled? | Reconciled with Txn Ref ID | Transaction Description | CHEQUE NO | CHANNEL |
 | com.example.Transaction@584f5497 | 350.0 | 09/09/2020 | true | com.example.Transaction@56de6d6b | SZE WEI KIAT | PAYMENT/TRANSFER OTHR S$ SZE WEI KIAT via PayNow: FW9186X | OTHR S$ | PAYMENT/TRANSFER |  |  | MAY-MATCH | 
&amp#27;[0m
com.example.Transaction@5972d253|PAYNOW -- PAYNOW -- FBK7253J-002 : 023~023 IN
&amp#27;[36m ||||||||| PRINTING RECORDS ||||||||| :::Reconciled May-matches
 | Record Ref ID | Transaction Amount | Transaction Date | Reconciled? | Reconciled with Txn Ref ID | Transaction Description | CHEQUE NO | CHANNEL |
 | com.example.Transaction@68ace111 | 158.0 | 09/09/2020 | true | com.example.Transaction@5972d253 | HANNAN HUZAIFI BIN | PAYMENT/TRANSFER OTHR S$ HANNAN HUZAIFI BIN via PayNow: Fbk7253j | OTHR S$ | PAYMENT/TRANSFER |  |  | MAY-MATCH | 
&amp#27;[0m
com.example.Transaction@4fcc0416|GIRO:OCBC -- GIRO:OCBC -- SJT1188L PREVIA [38/84]
&amp#27;[36m ||||||||| PRINTING RECORDS ||||||||| :::Reconciled May-matches
 | Record Ref ID | Transaction Amount | Transaction Date | Reconciled? | Reconciled with Txn Ref ID | Transaction Description | CHEQUE NO | CHANNEL |
 | com.example.Transaction@654b72c0 | -1350.0 | 10/09/2020 | true | com.example.Transaction@4fcc0416 | HONG LEONG FINANCE | HLF-030 DUE 20200910 IBG GIRO | IHRP 38316717005680 | IBG GIRO |  |  | MAY-MATCH | 
&amp#27;[0m
com.example.Transaction@31e32ea2|P200907:OCBC -- P200907:OCBC -- AUG 2020
&amp#27;[36m ||||||||| PRINTING RECORDS ||||||||| :::Reconciled May-matches
 | Record Ref ID | Transaction Amount | Transaction Date | Reconciled? | Reconciled with Txn Ref ID | Transaction Description | CHEQUE NO | CHANNEL |
 | com.example.Transaction@3c818ac4 | -904.15 | 12/09/2020 | true | com.example.Transaction@31e32ea2 | P200907 | FUND TRANSFER Fund Transfer to account 601265671001 SGD 904.15@1 Atan Motoring Supply Pte Ltd - Aug 2020 | CT0019530884 | FUND TRANSFER |  |  | MAY-MATCH | 
&amp#27;[0m
com.example.Transaction@1473b8c0|IBANKING -- IBANKING -- FBR1534B-001 : 006~006 IN
&amp#27;[36m ||||||||| PRINTING RECORDS ||||||||| :::Reconciled May-matches
 | Record Ref ID | Transaction Amount | Transaction Date | Reconciled? | Reconciled with Txn Ref ID | Transaction Description | CHEQUE NO | CHANNEL |
 | com.example.Transaction@6bfdb014 | 226.0 | 12/09/2020 | true | com.example.Transaction@1473b8c0 | RADIWATI BTE MOHAME | PAYMENT/TRANSFER OTHR RADIWATI BTE MOHAME FBR1534B | OTHR | PAYMENT/TRANSFER |  |  | MAY-MATCH | 
&amp#27;[0m
com.example.Transaction@5b5c0057|IBANKING -- IBANKING -- FBP9517J-001 : 014~014 IN
&amp#27;[36m ||||||||| PRINTING RECORDS ||||||||| :::Reconciled May-matches
 | Record Ref ID | Transaction Amount | Transaction Date | Reconciled? | Reconciled with Txn Ref ID | Transaction Description | CHEQUE NO | CHANNEL |
 | com.example.Transaction@4aa3d36 | 193.0 | 14/09/2020 | true | com.example.Transaction@5b5c0057 | FOREST CHILD CADRE | PAYMENT/TRANSFER ALLW FOREST CHILD CADRE EBGPP00912760247 | ALLW | PAYMENT/TRANSFER |  |  | MAY-MATCH | 
&amp#27;[0m
com.example.Transaction@749f539e|IBANKING -- IBANKING -- FBK5286C-002 : 019~019 IN
&amp#27;[36m ||||||||| PRINTING RECORDS ||||||||| :::Reconciled May-matches
 | Record Ref ID | Transaction Amount | Transaction Date | Reconciled? | Reconciled with Txn Ref ID | Transaction Description | CHEQUE NO | CHANNEL |
 | com.example.Transaction@2aa27288 | 246.0 | 14/09/2020 | true | com.example.Transaction@749f539e | from FBK5286C SHARE | OTHR - Other FUND TRANSFER |  | FUND TRANSFER |  |  | MAY-MATCH | 
&amp#27;[0m
com.example.Transaction@5ca1f591|CASH -- CASH -- TRF : PETTY CASH TO CASH
&amp#27;[36m ||||||||| PRINTING RECORDS ||||||||| :::Reconciled May-matches
 | Record Ref ID | Transaction Amount | Transaction Date | Reconciled? | Reconciled with Txn Ref ID | Transaction Description | CHEQUE NO | CHANNEL |
 | com.example.Transaction@77e80a5e | 9950.0 | 14/09/2020 | true | com.example.Transaction@5ca1f591 |  | CASH DEPOSIT     CDM |  | CASH DEPOSIT     CDM |  |  | MAY-MATCH | 
&amp#27;[0m
com.example.Transaction@551de37d|CASH -- CASH -- TRF : PETTY CASH TO CASH
&amp#27;[36m ||||||||| PRINTING RECORDS ||||||||| :::Reconciled May-matches
 | Record Ref ID | Transaction Amount | Transaction Date | Reconciled? | Reconciled with Txn Ref ID | Transaction Description | CHEQUE NO | CHANNEL |
 | com.example.Transaction@1d8e2eea | 10000.0 | 14/09/2020 | true | com.example.Transaction@551de37d |  | CASH DEPOSIT     CDM |  | CASH DEPOSIT     CDM |  |  | MAY-MATCH | 
&amp#27;[0m
com.example.Transaction@6ef81f31|CASH -- CASH -- TRF : PETTY CASH TO CASH
&amp#27;[36m ||||||||| PRINTING RECORDS ||||||||| :::Reconciled May-matches
 | Record Ref ID | Transaction Amount | Transaction Date | Reconciled? | Reconciled with Txn Ref ID | Transaction Description | CHEQUE NO | CHANNEL |
 | com.example.Transaction@240139e1 | 5850.0 | 14/09/2020 | true | com.example.Transaction@6ef81f31 |  | CASH DEPOSIT     CDM |  | CASH DEPOSIT     CDM |  |  | MAY-MATCH | 
&amp#27;[0m
com.example.Transaction@6075b2d3|IBANKING -- IBANKING -- FBG0756S-003 : 005~006 IN
&amp#27;[36m ||||||||| PRINTING RECORDS ||||||||| :::Reconciled May-matches
 | Record Ref ID | Transaction Amount | Transaction Date | Reconciled? | Reconciled with Txn Ref ID | Transaction Description | CHEQUE NO | CHANNEL |
 | com.example.Transaction@7ea4d397 | 360.0 | 14/09/2020 | true | com.example.Transaction@6075b2d3 | RAZALI BIN JOHARI | PAYMENT/TRANSFER OTHR RAZALI BIN JOHARI Transfer | OTHR | PAYMENT/TRANSFER |  |  | MAY-MATCH | 
&amp#27;[0m
com.example.Transaction@33abde31|IBANKING -- IBANKING -- FBP1782L-001 : 019~019 IN
&amp#27;[36m ||||||||| PRINTING RECORDS ||||||||| :::Reconciled May-matches
 | Record Ref ID | Transaction Amount | Transaction Date | Reconciled? | Reconciled with Txn Ref ID | Transaction Description | CHEQUE NO | CHANNEL |
 | com.example.Transaction@49298ce7 | 270.0 | 14/09/2020 | true | com.example.Transaction@33abde31 | from FBD7182L MUHAM | OTHR - FBP1782L FUND TRANSFER |  | FUND TRANSFER |  |  | MAY-MATCH | 
&amp#27;[0m
com.example.Transaction@997d532|IBANKING -- IBANKING -- FBG2736L-001 : 031~031 IN
&amp#27;[36m ||||||||| PRINTING RECORDS ||||||||| :::Reconciled May-matches
 | Record Ref ID | Transaction Amount | Transaction Date | Reconciled? | Reconciled with Txn Ref ID | Transaction Description | CHEQUE NO | CHANNEL |
 | com.example.Transaction@253c1256 | 202.0 | 14/09/2020 | true | com.example.Transaction@997d532 | NURHIDAYAH BTE MOLI | PAYMENT/TRANSFER OTHR S$ NURHIDAYAH BTE MOLI via PayNow: FBL6182G | OTHR S$ | PAYMENT/TRANSFER |  |  | MAY-MATCH | 
&amp#27;[0m
com.example.Transaction@273842a6|PAYNOW -- PAYNOW -- FBP1376B-001 : 019~019 IN
&amp#27;[36m ||||||||| PRINTING RECORDS ||||||||| :::Reconciled May-matches
 | Record Ref ID | Transaction Amount | Transaction Date | Reconciled? | Reconciled with Txn Ref ID | Transaction Description | CHEQUE NO | CHANNEL |
 | com.example.Transaction@8dfe921 | 267.0 | 14/09/2020 | true | com.example.Transaction@273842a6 | MUHAMMAD AFIQ BIN A | PAYMENT/TRANSFER OTHR S$ MUHAMMAD AFIQ BIN A via PayNow: FBP1376B | OTHR S$ | PAYMENT/TRANSFER |  |  | MAY-MATCH | 
&amp#27;[0m
com.example.Transaction@6a969fb8|IBANKING -- IBANKING -- FBP4314K-001 : 018~018 IN
&amp#27;[36m ||||||||| PRINTING RECORDS ||||||||| :::Reconciled May-matches
 | Record Ref ID | Transaction Amount | Transaction Date | Reconciled? | Reconciled with Txn Ref ID | Transaction Description | CHEQUE NO | CHANNEL |
 | com.example.Transaction@503fbbc6 | 216.0 | 14/09/2020 | true | com.example.Transaction@6a969fb8 | MUHAMMAD ANDIKA BIN | PAYMENT/TRANSFER OTHR MUHAMMAD ANDIKA BIN FBP4314K | OTHR | PAYMENT/TRANSFER |  |  | MAY-MATCH | 
&amp#27;[0m
com.example.Transaction@7a18e8d|PAYNOW -- PAYNOW -- FBQ4082Z-001 : 012~012 IN
&amp#27;[36m ||||||||| PRINTING RECORDS ||||||||| :::Reconciled May-matches
 | Record Ref ID | Transaction Amount | Transaction Date | Reconciled? | Reconciled with Txn Ref ID | Transaction Description | CHEQUE NO | CHANNEL |
 | com.example.Transaction@55f45b92 | 260.0 | 14/09/2020 | true | com.example.Transaction@7a18e8d | MUHAMMAD ZUHAIDI BI | PAYMENT/TRANSFER OTHR S$ MUHAMMAD ZUHAIDI BI via PayNow: 198903552W | OTHR S$ | PAYMENT/TRANSFER |  |  | MAY-MATCH | 
&amp#27;[0m
com.example.Transaction@3028e50e|IBANKING -- IBANKING -- FBL6182G-001 : 044~044 IN
&amp#27;[36m ||||||||| PRINTING RECORDS ||||||||| :::Reconciled May-matches
 | Record Ref ID | Transaction Amount | Transaction Date | Reconciled? | Reconciled with Txn Ref ID | Transaction Description | CHEQUE NO | CHANNEL |
 | com.example.Transaction@22d6cac2 | 202.0 | 14/09/2020 | true | com.example.Transaction@3028e50e | WAHAB BIN MOHD ISA | SI               FBP2238K IBG GIRO | OTHR | IBG GIRO |  |  | MAY-MATCH | 
&amp#27;[0m
com.example.Transaction@5560bcdf|PAYNOW -- PAYNOW -- FBL6793T-001 : 043~043 IN
&amp#27;[36m ||||||||| PRINTING RECORDS ||||||||| :::Reconciled May-matches
 | Record Ref ID | Transaction Amount | Transaction Date | Reconciled? | Reconciled with Txn Ref ID | Transaction Description | CHEQUE NO | CHANNEL |
 | com.example.Transaction@5e8a459 | 258.0 | 15/09/2020 | true | com.example.Transaction@5560bcdf | NUR MUHAMMAD FIRDAU | PAYMENT/TRANSFER OTHR S$ NUR MUHAMMAD FIRDAU via PayNow: Transfer - UEN | OTHR S$ | PAYMENT/TRANSFER |  |  | MAY-MATCH | 
&amp#27;[0m
com.example.Transaction@b558294|PAYNOW -- PAYNOW -- FBM8055Y-002 : 008~008 IN
&amp#27;[36m ||||||||| PRINTING RECORDS ||||||||| :::Reconciled May-matches
 | Record Ref ID | Transaction Amount | Transaction Date | Reconciled? | Reconciled with Txn Ref ID | Transaction Description | CHEQUE NO | CHANNEL |
 | com.example.Transaction@43d455c9 | 234.0 | 15/09/2020 | true | com.example.Transaction@b558294 | MOHAMMAD RIDZUAN BI | PAYMENT/TRANSFER OTHR S$ MOHAMMAD RIDZUAN BI via PayNow: FBM8055Y | OTHR S$ | PAYMENT/TRANSFER |  |  | MAY-MATCH | 
&amp#27;[0m
com.example.Transaction@bb095|IBANKING -- IBANKING -- FBQ3081H-001 : 012~012 IN
&amp#27;[36m ||||||||| PRINTING RECORDS ||||||||| :::Reconciled May-matches
 | Record Ref ID | Transaction Amount | Transaction Date | Reconciled? | Reconciled with Txn Ref ID | Transaction Description | CHEQUE NO | CHANNEL |
 | com.example.Transaction@55caeb35 | 203.0 | 15/09/2020 | true | com.example.Transaction@bb095 | SRI NUR ASMA-UL-HUS | PAYMENT/TRANSFER OTHR S$ SRI NUR ASMA-UL-HUS via PayNow: Fbq2362d | OTHR S$ | PAYMENT/TRANSFER |  |  | MAY-MATCH | 
&amp#27;[0m
com.example.Transaction@777c350f|IBANKING -- IBANKING -- FBA2060J-001 : 008~000 IN
&amp#27;[36m ||||||||| PRINTING RECORDS ||||||||| :::Reconciled May-matches
 | Record Ref ID | Transaction Amount | Transaction Date | Reconciled? | Reconciled with Txn Ref ID | Transaction Description | CHEQUE NO | CHANNEL |
 | com.example.Transaction@64a896b0 | 100.0 | 16/09/2020 | true | com.example.Transaction@777c350f | MOHAMED AJMEL BIN M | PAYMENT/TRANSFER OTHR MOHAMED AJMEL BIN M fba 2060j ajmel | OTHR | PAYMENT/TRANSFER |  |  | MAY-MATCH | 
&amp#27;[0m
com.example.Transaction@27aae97b|IBANKING -- IBANKING -- FBL8716D-001 : 041~041 IN
&amp#27;[36m ||||||||| PRINTING RECORDS ||||||||| :::Reconciled May-matches
 | Record Ref ID | Transaction Amount | Transaction Date | Reconciled? | Reconciled with Txn Ref ID | Transaction Description | CHEQUE NO | CHANNEL |
 | com.example.Transaction@e044b4a | 244.0 | 16/09/2020 | true | com.example.Transaction@27aae97b | THANIUS BIN MUSNI | PAYMENT/TRANSFER OTHR THANIUS BIN MUSNI INSTALLMENT NO 41 FOR BIKE FBL8716 | OTHR | PAYMENT/TRANSFER |  |  | MAY-MATCH | 
&amp#27;[0m
com.example.Transaction@4c9e38|GIRO -- GIRO -- FBB9394U MSIG 2ND, R/T 1Y
&amp#27;[36m ||||||||| PRINTING RECORDS ||||||||| :::Reconciled May-matches
 | Record Ref ID | Transaction Amount | Transaction Date | Reconciled? | Reconciled with Txn Ref ID | Transaction Description | CHEQUE NO | CHANNEL |
 | com.example.Transaction@4604b900 | 258.0 | 16/09/2020 | true | com.example.Transaction@4c9e38 | G200916 | GIRO COLLECTION |  | GIRO COLLECTION |  |  | MAY-MATCH | 
&amp#27;[0m
com.example.Transaction@5d1e09bc|IBANKING -- IBANKING -- BLK NO 23838
&amp#27;[36m ||||||||| PRINTING RECORDS ||||||||| :::Reconciled May-matches
 | Record Ref ID | Transaction Amount | Transaction Date | Reconciled? | Reconciled with Txn Ref ID | Transaction Description | CHEQUE NO | CHANNEL |
 | com.example.Transaction@13e9f2e2 | 25791.88 | 16/09/2020 | true | com.example.Transaction@5d1e09bc | B01 23838 | TRANSFER Fund Transfer from SINGAPURA FINANCE LTD SGD 25 791.88 B01 23838 | CT0019562633 | TRANSFER |  |  | MAY-MATCH | 
&amp#27;[0m
com.example.Transaction@4bdc8b5d|IBANKING -- IBANKING -- FBP3580P-001 : 018~018 IN
&amp#27;[36m ||||||||| PRINTING RECORDS ||||||||| :::Reconciled May-matches
 | Record Ref ID | Transaction Amount | Transaction Date | Reconciled? | Reconciled with Txn Ref ID | Transaction Description | CHEQUE NO | CHANNEL |
 | com.example.Transaction@6f815e7f | 264.0 | 21/09/2020 | true | com.example.Transaction@4bdc8b5d | MUHAMMAD IZZAN BIN | PAYMENT/TRANSFER OTHR MUHAMMAD IZZAN BIN Transfer | OTHR | PAYMENT/TRANSFER |  |  | MAY-MATCH | 
&amp#27;[0m
com.example.Transaction@3bcd426c|CASH -- CASH -- TRF : PETTY CASH TO CASH
&amp#27;[36m ||||||||| PRINTING RECORDS ||||||||| :::Reconciled May-matches
 | Record Ref ID | Transaction Amount | Transaction Date | Reconciled? | Reconciled with Txn Ref ID | Transaction Description | CHEQUE NO | CHANNEL |
 | com.example.Transaction@65e7f52a | 9950.0 | 21/09/2020 | true | com.example.Transaction@3bcd426c |  | CASH DEPOSIT     CDM |  | CASH DEPOSIT     CDM |  |  | MAY-MATCH | 
&amp#27;[0m
com.example.Transaction@5f14a673|CASH -- CASH -- TRF : PETTY CASH TO CASH
&amp#27;[36m ||||||||| PRINTING RECORDS ||||||||| :::Reconciled May-matches
 | Record Ref ID | Transaction Amount | Transaction Date | Reconciled? | Reconciled with Txn Ref ID | Transaction Description | CHEQUE NO | CHANNEL |
 | com.example.Transaction@304b9f1a | 12750.0 | 21/09/2020 | true | com.example.Transaction@5f14a673 |  | CASH DEPOSIT     CDM |  | CASH DEPOSIT     CDM |  |  | MAY-MATCH | 
&amp#27;[0m
com.example.Transaction@726a17c4|IBANKING -- IBANKING -- FBK2060G-004 : 011~011 IN
&amp#27;[36m ||||||||| PRINTING RECORDS ||||||||| :::Reconciled May-matches
 | Record Ref ID | Transaction Amount | Transaction Date | Reconciled? | Reconciled with Txn Ref ID | Transaction Description | CHEQUE NO | CHANNEL |
 | com.example.Transaction@75699e35 | 120.0 | 21/09/2020 | true | com.example.Transaction@726a17c4 | FADIL BIN ABD RAHIM | PAYMENT/TRANSFER OTHR FADIL BIN ABD RAHIM Transfer | OTHR | PAYMENT/TRANSFER |  |  | MAY-MATCH | 
&amp#27;[0m
com.example.Transaction@5dc3fcb7|IBANKING -- IBANKING -- FBM7628B-001 : 030~030 IN
&amp#27;[36m ||||||||| PRINTING RECORDS ||||||||| :::Reconciled May-matches
 | Record Ref ID | Transaction Amount | Transaction Date | Reconciled? | Reconciled with Txn Ref ID | Transaction Description | CHEQUE NO | CHANNEL |
 | com.example.Transaction@c96a4ea | 354.0 | 22/09/2020 | true | com.example.Transaction@5dc3fcb7 | MOHAMED HASHIM BIN | PAYMENT/TRANSFER IHRP MOHAMED HASHIM BIN Irfan - FBM7628B | IHRP | PAYMENT/TRANSFER |  |  | MAY-MATCH | 
&amp#27;[0m
com.example.Transaction@c4c0b41|IBANKING -- IBANKING -- FBQ8326U-001 : 006~006 IN
&amp#27;[36m ||||||||| PRINTING RECORDS ||||||||| :::Reconciled May-matches
 | Record Ref ID | Transaction Amount | Transaction Date | Reconciled? | Reconciled with Txn Ref ID | Transaction Description | CHEQUE NO | CHANNEL |
 | com.example.Transaction@28782602 | 189.0 | 22/09/2020 | true | com.example.Transaction@c4c0b41 | SAIFUL BAHRI BIN MD | PAYMENT/TRANSFER IHRP SAIFUL BAHRI BIN MD FBQ8326U | IHRP | PAYMENT/TRANSFER |  |  | MAY-MATCH | 
&amp#27;[0m
com.example.Transaction@76911385|JK:OCBC -- JK:OCBC -- TOILETRIES & REFRESHMENT
&amp#27;[36m ||||||||| PRINTING RECORDS ||||||||| :::Reconciled May-matches
 | Record Ref ID | Transaction Amount | Transaction Date | Reconciled? | Reconciled with Txn Ref ID | Transaction Description | CHEQUE NO | CHANNEL |
 | com.example.Transaction@64e92d61 | -85.99 | 24/09/2020 | true | com.example.Transaction@76911385 | 44096 | xx-8024 NTUC FAIRPRICE           S DEBIT PURCHASE |  | DEBIT PURCHASE |  |  | MAY-MATCH | 
&amp#27;[0m
com.example.Transaction@5467eea4|IBANKING -- IBANKING -- FBQ1405X-001 : 014~014 IN
&amp#27;[36m ||||||||| PRINTING RECORDS ||||||||| :::Reconciled May-matches
 | Record Ref ID | Transaction Amount | Transaction Date | Reconciled? | Reconciled with Txn Ref ID | Transaction Description | CHEQUE NO | CHANNEL |
 | com.example.Transaction@3e58d65e | 117.0 | 28/09/2020 | true | com.example.Transaction@5467eea4 | from S8422453G NORJ | OTHR - FBQ1405X FUND TRANSFER |  | FUND TRANSFER |  |  | MAY-MATCH | 
&amp#27;[0m
com.example.Transaction@160396db|IBANKING -- IBANKING -- FBQ2241U-001 : 013~013 IN
&amp#27;[36m ||||||||| PRINTING RECORDS ||||||||| :::Reconciled May-matches
 | Record Ref ID | Transaction Amount | Transaction Date | Reconciled? | Reconciled with Txn Ref ID | Transaction Description | CHEQUE NO | CHANNEL |
 | com.example.Transaction@3bd55d8 | 217.0 | 28/09/2020 | true | com.example.Transaction@160396db | from S8422453G NORJ | OTHR - FBQ2241U FUND TRANSFER |  | FUND TRANSFER |  |  | MAY-MATCH | 
&amp#27;[0m
com.example.Transaction@7a799159|IBANKING -- IBANKING -- FBM2040D-001 : 038~038 IN
&amp#27;[36m ||||||||| PRINTING RECORDS ||||||||| :::Reconciled May-matches
 | Record Ref ID | Transaction Amount | Transaction Date | Reconciled? | Reconciled with Txn Ref ID | Transaction Description | CHEQUE NO | CHANNEL |
 | com.example.Transaction@61942c1 | 281.0 | 28/09/2020 | true | com.example.Transaction@7a799159 | MOHAMED NOH BIN BAS | PAYMENT/TRANSFER IHRP MOHAMED NOH BIN BAS FBM2040D | IHRP | PAYMENT/TRANSFER |  |  | MAY-MATCH | 
&amp#27;[0m
com.example.Transaction@40ab8a8|PAYNOW -- PAYNOW -- FX0035C-001 : 014~014 INS
&amp#27;[36m ||||||||| PRINTING RECORDS ||||||||| :::Reconciled May-matches
 | Record Ref ID | Transaction Amount | Transaction Date | Reconciled? | Reconciled with Txn Ref ID | Transaction Description | CHEQUE NO | CHANNEL |
 | com.example.Transaction@6f63c44f | 210.0 | 28/09/2020 | true | com.example.Transaction@40ab8a8 | MUHAMMAD AL-HAFIZ B | PAYMENT/TRANSFER OTHR S$ MUHAMMAD AL-HAFIZ B via PayNow: Fx 35 c | OTHR S$ | PAYMENT/TRANSFER |  |  | MAY-MATCH | 
&amp#27;[0m
com.example.Transaction@6ff37443|PAYNOW -- PAYNOW -- FBQ8355K-001 : 008~008 IN
&amp#27;[36m ||||||||| PRINTING RECORDS ||||||||| :::Reconciled May-matches
 | Record Ref ID | Transaction Amount | Transaction Date | Reconciled? | Reconciled with Txn Ref ID | Transaction Description | CHEQUE NO | CHANNEL |
 | com.example.Transaction@408a247c | 391.0 | 28/09/2020 | true | com.example.Transaction@6ff37443 | RAJA ZULFIKAAR ABDU | PAYMENT/TRANSFER OTHR S$ RAJA ZULFIKAAR ABDU via PayNow: FBQ8355K | OTHR S$ | PAYMENT/TRANSFER |  |  | MAY-MATCH | 
&amp#27;[0m
com.example.Transaction@65cc8228|IBANKING -- IBANKING -- FBA2060J-001 : 008~009 IN
&amp#27;[36m ||||||||| PRINTING RECORDS ||||||||| :::Reconciled May-matches
 | Record Ref ID | Transaction Amount | Transaction Date | Reconciled? | Reconciled with Txn Ref ID | Transaction Description | CHEQUE NO | CHANNEL |
 | com.example.Transaction@62a8fd44 | 458.0 | 28/09/2020 | true | com.example.Transaction@65cc8228 | MOHAMED AJMEL BIN M | PAYMENT/TRANSFER OTHR MOHAMED AJMEL BIN M fba 2060j outstanding is cleared | OTHR | PAYMENT/TRANSFER |  |  | MAY-MATCH | 
&amp#27;[0m
com.example.Transaction@53093491|PAYNOW -- PAYNOW -- FBP3628L-001 : 019~019 IN
&amp#27;[36m ||||||||| PRINTING RECORDS ||||||||| :::Reconciled May-matches
 | Record Ref ID | Transaction Amount | Transaction Date | Reconciled? | Reconciled with Txn Ref ID | Transaction Description | CHEQUE NO | CHANNEL |
 | com.example.Transaction@2e6ba49a | 230.0 | 28/09/2020 | true | com.example.Transaction@53093491 | MUHAMMAD FAIZ TAJUD | PAYMENT/TRANSFER OTHR S$ MUHAMMAD FAIZ TAJUD via PayNow: FBP3638L | OTHR S$ | PAYMENT/TRANSFER |  |  | MAY-MATCH | 
&amp#27;[0m
com.example.Transaction@21719a0|IBANKING -- IBANKING -- FBK9330G-001 : 054~054 IN
&amp#27;[36m ||||||||| PRINTING RECORDS ||||||||| :::Reconciled May-matches
 | Record Ref ID | Transaction Amount | Transaction Date | Reconciled? | Reconciled with Txn Ref ID | Transaction Description | CHEQUE NO | CHANNEL |
 | com.example.Transaction@4ee33af7 | 355.0 | 28/09/2020 | true | com.example.Transaction@21719a0 | OW YONG HOA LEON | PAYMENT/TRANSFER OTHR OW YONG HOA LEON Transfer | OTHR | PAYMENT/TRANSFER |  |  | MAY-MATCH | 
&amp#27;[0m
com.example.Transaction@76b224cd|IBANKING -- IBANKING -- FBM0811J-001 : 039~039 IN
&amp#27;[36m ||||||||| PRINTING RECORDS ||||||||| :::Reconciled May-matches
 | Record Ref ID | Transaction Amount | Transaction Date | Reconciled? | Reconciled with Txn Ref ID | Transaction Description | CHEQUE NO | CHANNEL |
 | com.example.Transaction@4bd2f0dc | 265.0 | 28/09/2020 | true | com.example.Transaction@76b224cd | 665417770001 | 3RD PTY TRANSFER ATM |  | 3RD PTY TRANSFER ATM |  |  | MAY-MATCH | 
&amp#27;[0m
com.example.Transaction@77ee25f1|PAYNOW -- PAYNOW -- FBQ7407B-001 : 010~010 IN
&amp#27;[36m ||||||||| PRINTING RECORDS ||||||||| :::Reconciled May-matches
 | Record Ref ID | Transaction Amount | Transaction Date | Reconciled? | Reconciled with Txn Ref ID | Transaction Description | CHEQUE NO | CHANNEL |
 | com.example.Transaction@77bb0ab5 | 244.0 | 29/09/2020 | true | com.example.Transaction@77ee25f1 | MOHAMAD FAIZAL BIN | PAYMENT/TRANSFER OTHR S$ MOHAMAD FAIZAL BIN via PayNow: 7407b | OTHR S$ | PAYMENT/TRANSFER |  |  | MAY-MATCH | 
&amp#27;[0m
com.example.Transaction@6dd93a21|GIRO:OCBC -- GIRO:OCBC -- FBJ6039Z EXTN OF TEMP TT
&amp#27;[36m ||||||||| PRINTING RECORDS ||||||||| :::Reconciled May-matches
 | Record Ref ID | Transaction Amount | Transaction Date | Reconciled? | Reconciled with Txn Ref ID | Transaction Description | CHEQUE NO | CHANNEL |
 | com.example.Transaction@1a1ed4e5 | -30.0 | 29/09/2020 | true | com.example.Transaction@6dd93a21 | LTA | LTAFBJ6039Z IBG GIRO | PADD 051108800008 | IBG GIRO |  |  | MAY-MATCH | 
&amp#27;[0m
com.example.Transaction@57b9e423|PAYNOW -- PAYNOW -- FBE7176E-002 : 002~002 IN
&amp#27;[36m ||||||||| PRINTING RECORDS ||||||||| :::Reconciled May-matches
 | Record Ref ID | Transaction Amount | Transaction Date | Reconciled? | Reconciled with Txn Ref ID | Transaction Description | CHEQUE NO | CHANNEL |
 | com.example.Transaction@1623bbe5 | 94.0 | 30/09/2020 | true | com.example.Transaction@57b9e423 | from NG WENG LOON | LOAR - FBE7176E FUND TRANSFER | via PayNow-UEN | FUND TRANSFER |  |  | MAY-MATCH | 
&amp#27;[0m
com.example.Transaction@304a3655|IBANKING -- IBANKING -- FBL3296G-001 : 049~049 IN
&amp#27;[36m ||||||||| PRINTING RECORDS ||||||||| :::Reconciled May-matches
 | Record Ref ID | Transaction Amount | Transaction Date | Reconciled? | Reconciled with Txn Ref ID | Transaction Description | CHEQUE NO | CHANNEL |
 | com.example.Transaction@7af1cd63 | 251.0 | 30/09/2020 | true | com.example.Transaction@304a3655 | from FBL3296G FARID | OTHR - Other FUND TRANSFER |  | FUND TRANSFER |  |  | MAY-MATCH | 
&amp#27;[0m
]]></system-out>
  </testcase>
  <testcase name="expect_AfterReconRun_remove_CASH_REBATE_and_Sumup_forUser" classname="com.example.tests.TestReconciliationTool" time="0.017">
    <system-out><![CDATA[{19/09/2020=0.5}
CASH REBATETOTAL: 0.5
&amp#27;[36m ||||||||| PRINTING RECORDS ||||||||| :::RECONCILED CASH REBATE Record Count: (2)
 | CHANNEL | Record Ref ID | Transaction Amount | Transaction Date | Reconciled? | Reconciled with Txn Ref ID | Transaction Description |
 | CASH REBATE | com.example.Transaction@4fe875be | 0.43 | 19/09/2020 | true | Manual User Entry for CASH REBATE on 19/09/2020 |  | CASH REBATE CASH REBATE |  | CASH REBATE | 
 | CASH REBATE | com.example.Transaction@723ed581 | 0.07 | 19/09/2020 | true | Manual User Entry for CASH REBATE on 19/09/2020 |  | CASH REBATE CASH REBATE |  | CASH REBATE | 
&amp#27;[0m
]]></system-out>
  </testcase>
  <testcase name="expect_reconciled_records_transaction_dates_are_the_same_for_goodmatches" classname="com.example.tests.TestReconciliationTool" time="0.164"/>
  <testcase name="expect_NETS_bank_transaction_tallywith_the_sum_of_company_NETS_transaction_per_day" classname="com.example.tests.TestReconciliationTool" time="0.01">
    <system-out><![CDATA[&amp#27;[36m ||||||||| PRINTING RECORDS ||||||||| :::NETS reconciled list Record Count: (24)
 | CHANNEL | Record Ref ID | Transaction Amount | Transaction Date | Reconciled? | Reconciled with Txn Ref ID | Transaction Description |
 | NETS -- NETS | com.example.Transaction@21ac5eb4 | 340.0 | 02/09/2020 | true | DailyNETSSum-01/09/2020 | ATAN MOTOR | 11146097500 POS SETTLEMENT | 01/09/2020 | POS SETTLEMENT | 
 | NETS -- NETS | com.example.Transaction@52d6cd34 | 389.55 | 04/09/2020 | true | DailyNETSSum-03/09/2020 | ATAN MOTOR | 11146097500 POS SETTLEMENT | 03/09/2020 | POS SETTLEMENT | 
 | NETS -- NETS | com.example.Transaction@715d6168 | 3220.9 | 07/09/2020 | true | DailyNETSSum-04/09/2020 | ATAN MOTOR | 11146097500 POS SETTLEMENT | 04/09/2020 | POS SETTLEMENT | 
 | NETS -- NETS | com.example.Transaction@27b2faa6 | 90.85 | 07/09/2020 | true | DailyNETSSum-05/09/2020 | ATAN MOTOR | 11146097500 POS SETTLEMENT | 05/09/2020 | POS SETTLEMENT | 
 | NETS -- NETS | com.example.Transaction@6428591a | 397.0 | 08/09/2020 | true | DailyNETSSum-07/09/2020 | ATAN MOTOR | 11146097500 POS SETTLEMENT | 07/09/2020 | POS SETTLEMENT | 
 | NETS -- NETS | com.example.Transaction@7397c6 | 820.8 | 09/09/2020 | true | DailyNETSSum-08/09/2020 | ATAN MOTOR | 11146097500 POS SETTLEMENT | 08/09/2020 | POS SETTLEMENT | 
 | NETS -- NETS | com.example.Transaction@1abfe081 | 650.5 | 10/09/2020 | true | DailyNETSSum-09/09/2020 | ATAN MOTOR | 11146097500 POS SETTLEMENT | 09/09/2020 | POS SETTLEMENT | 
 | NETS -- NETS | com.example.Transaction@2a685eba | 3659.55 | 11/09/2020 | true | DailyNETSSum-10/09/2020 | ATAN MOTOR | 11146097500 POS SETTLEMENT | 10/09/2020 | POS SETTLEMENT | 
 | NETS -- NETS | com.example.Transaction@c2e3264 | 707.05 | 14/09/2020 | true | DailyNETSSum-11/09/2020 | ATAN MOTOR | 11146097500 POS SETTLEMENT | 11/09/2020 | POS SETTLEMENT | 
 | NETS -- NETS | com.example.Transaction@107f4980 | 2216.0 | 14/09/2020 | true | DailyNETSSum-12/09/2020 | ATAN MOTOR | 11146097500 POS SETTLEMENT | 12/09/2020 | POS SETTLEMENT | 
 | NETS -- NETS | com.example.Transaction@75a118e6 | 260.65 | 15/09/2020 | true | DailyNETSSum-14/09/2020 | ATAN MOTOR | 11146097500 POS SETTLEMENT | 14/09/2020 | POS SETTLEMENT | 
 | NETS -- NETS | com.example.Transaction@1d540566 | 1052.85 | 16/09/2020 | true | DailyNETSSum-15/09/2020 | ATAN MOTOR | 11146097500 POS SETTLEMENT | 15/09/2020 | POS SETTLEMENT | 
 | NETS -- NETS | com.example.Transaction@6014a9ba | 403.95 | 17/09/2020 | true | DailyNETSSum-16/09/2020 | ATAN MOTOR | 11146097500 POS SETTLEMENT | 16/09/2020 | POS SETTLEMENT | 
 | NETS -- NETS | com.example.Transaction@acdcf71 | 789.1 | 18/09/2020 | true | DailyNETSSum-17/09/2020 | ATAN MOTOR | 11146097500 POS SETTLEMENT | 17/09/2020 | POS SETTLEMENT | 
 | NETS -- NETS | com.example.Transaction@77d680e6 | 234.35 | 21/09/2020 | true | DailyNETSSum-18/09/2020 | ATAN MOTOR | 11146097500 POS SETTLEMENT | 18/09/2020 | POS SETTLEMENT | 
 | NETS -- NETS | com.example.Transaction@4a14c44f | 5471.85 | 21/09/2020 | true | DailyNETSSum-19/09/2020 | ATAN MOTOR | 11146097500 POS SETTLEMENT | 19/09/2020 | POS SETTLEMENT | 
 | NETS -- NETS | com.example.Transaction@f08fdce | 310.95 | 22/09/2020 | true | DailyNETSSum-21/09/2020 | ATAN MOTOR | 11146097500 POS SETTLEMENT | 21/09/2020 | POS SETTLEMENT | 
 | NETS -- NETS | com.example.Transaction@6bda1d19 | 48.2 | 23/09/2020 | true | DailyNETSSum-22/09/2020 | ATAN MOTOR | 11146097500 POS SETTLEMENT | 22/09/2020 | POS SETTLEMENT | 
 | NETS -- NETS | com.example.Transaction@28c86134 | 463.37 | 24/09/2020 | true | DailyNETSSum-23/09/2020 | ATAN MOTOR | 11146097500 POS SETTLEMENT | 23/09/2020 | POS SETTLEMENT | 
 | NETS -- NETS | com.example.Transaction@4492eede | 1014.5 | 25/09/2020 | true | DailyNETSSum-24/09/2020 | ATAN MOTOR | 11146097500 POS SETTLEMENT | 24/09/2020 | POS SETTLEMENT | 
 | NETS -- NETS | com.example.Transaction@cbc8d0f | 50.25 | 28/09/2020 | true | DailyNETSSum-25/09/2020 | ATAN MOTOR | 11146097500 POS SETTLEMENT | 25/09/2020 | POS SETTLEMENT | 
 | NETS -- NETS | com.example.Transaction@37b57b54 | 2832.85 | 28/09/2020 | true | DailyNETSSum-26/09/2020 | ATAN MOTOR | 11146097500 POS SETTLEMENT | 26/09/2020 | POS SETTLEMENT | 
 | NETS -- NETS | com.example.Transaction@5c1f6d57 | 1325.55 | 29/09/2020 | true | DailyNETSSum-28/09/2020 | ATAN MOTOR | 11146097500 POS SETTLEMENT | 28/09/2020 | POS SETTLEMENT | 
 | NETS -- NETS | com.example.Transaction@f288c14 | 1050.0 | 30/09/2020 | true | DailyNETSSum-29/09/2020 | ATAN MOTOR | 11146097500 POS SETTLEMENT | 29/09/2020 | POS SETTLEMENT | 
&amp#27;[0m
]]></system-out>
  </testcase>
  <testcase name="expect_able_to_compare_balance_of_two_set_of_records" classname="com.example.tests.TestReconciliationTool" time="0.003"/>
  <testcase name="expect_to_reconcile_LTA_transaction_by_user_reference_date" classname="com.example.tests.TestReconciliationTool" time="0.072">
    <system-out><![CDATA[&amp#27;[36m ||||||||| PRINTING RECORDS ||||||||| :::LTA List Record Count: (36)
 | CHANNEL | Record Ref ID | Transaction Amount | Transaction Date | Reconciled? | Reconciled with Txn Ref ID | Transaction Description |
 | LTA | com.example.Transaction@34f392be | -25.0 | 02/09/2020 | false |  | 29/08/2020 |xx-7992 LTA E-SERVICE VRLS     SIN DEBIT PURCHASE |  | DEBIT PURCHASE | 
 | LTA | com.example.Transaction@48eb9836 | -25.0 | 03/09/2020 | false |  | 31/08/2020 |xx-7992 LTA E-SERVICE VRLS     SIN DEBIT PURCHASE |  | DEBIT PURCHASE | 
 | LTA | com.example.Transaction@6c518474 | -25.0 | 03/09/2020 | false |  | 31/08/2020 |xx-7992 LTA E-SERVICE VRLS     SIN DEBIT PURCHASE |  | DEBIT PURCHASE | 
 | LTA | com.example.Transaction@e8ea697 | -25.0 | 04/09/2020 | true | com.example.Transaction@109a2025 | 01/09/2020 |xx-7992 LTA E-SERVICE VRLS     SIN DEBIT PURCHASE |  | DEBIT PURCHASE | 
 | LTA | com.example.Transaction@74dbb1ee | -25.0 | 04/09/2020 | true | com.example.Transaction@2241f05b | 01/09/2020 |xx-7992 LTA E-SERVICE VRLS     SIN DEBIT PURCHASE |  | DEBIT PURCHASE | 
 | LTA | com.example.Transaction@70f822e | -25.0 | 04/09/2020 | true | com.example.Transaction@761956ac | 01/09/2020 |xx-7992 LTA E-SERVICE VRLS     SIN DEBIT PURCHASE |  | DEBIT PURCHASE | 
 | LTA | com.example.Transaction@3efedc6f | -17.1 | 04/09/2020 | true | com.example.Transaction@71978f46 | 01/09/2020 |xx-8024 LTA E-SERVICE VRLS     SIN DEBIT PURCHASE |  | DEBIT PURCHASE | 
 | LTA | com.example.Transaction@216914 | -25.0 | 07/09/2020 | true | com.example.Transaction@304d0259 | 04/09/2020 |xx-7992 LTA E-SERVICE VRLS     SIN DEBIT PURCHASE |  | DEBIT PURCHASE | 
 | LTA | com.example.Transaction@6ba30587 | -25.0 | 07/09/2020 | true | com.example.Transaction@1d23ff23 | 04/09/2020 |xx-7992 LTA E-SERVICE VRLS     SIN DEBIT PURCHASE |  | DEBIT PURCHASE | 
 | LTA | com.example.Transaction@35764bef | -64.0 | 07/09/2020 | true | com.example.Transaction@2133661d | 04/09/2020 |xx-8024 LTA E-SERVICE VRLS     SIN DEBIT PURCHASE |  | DEBIT PURCHASE | 
 | LTA | com.example.Transaction@2dfe5525 | -25.0 | 10/09/2020 | true | com.example.Transaction@6c9320c2 | 07/09/2020 |xx-7992 LTA E-SERVICE VRLS     SIN DEBIT PURCHASE |  | DEBIT PURCHASE | 
 | LTA | com.example.Transaction@1290c49 | -25.0 | 10/09/2020 | true | com.example.Transaction@3414a8c3 | 07/09/2020 |xx-7992 LTA E-SERVICE VRLS     SIN DEBIT PURCHASE |  | DEBIT PURCHASE | 
 | LTA | com.example.Transaction@6a9b9909 | -64.0 | 10/09/2020 | true | com.example.Transaction@36cc9385 | 07/09/2020 |xx-8024 LTA E-SERVICE VRLS     SIN DEBIT PURCHASE |  | DEBIT PURCHASE | 
 | LTA | com.example.Transaction@55d9b8f0 | -32.0 | 10/09/2020 | true | com.example.Transaction@cf518cf | 07/09/2020 |xx-8024 LTA E-SERVICE VRLS     SIN DEBIT PURCHASE |  | DEBIT PURCHASE | 
 | LTA | com.example.Transaction@2ab0702e | -25.0 | 11/09/2020 | true | com.example.Transaction@7915bca3 | 08/09/2020 |xx-7992 LTA E-SERVICE VRLS     SIN DEBIT PURCHASE |  | DEBIT PURCHASE | 
 | LTA | com.example.Transaction@7158daf2 | -25.0 | 11/09/2020 | true | com.example.Transaction@68d651f2 | 08/09/2020 |xx-7992 LTA E-SERVICE VRLS     SIN DEBIT PURCHASE |  | DEBIT PURCHASE | 
 | LTA | com.example.Transaction@10f19647 | -32.0 | 11/09/2020 | true | com.example.Transaction@3ad4a7d6 | 08/09/2020 |xx-7992 LTA E-SERVICE VRLS     SIN DEBIT PURCHASE |  | DEBIT PURCHASE | 
 | LTA | com.example.Transaction@8f2098e | -25.0 | 12/09/2020 | true | com.example.Transaction@1e43e323 | 09/09/2020 |xx-7992 LTA E-SERVICE VRLS     SIN DEBIT PURCHASE |  | DEBIT PURCHASE | 
 | LTA | com.example.Transaction@383864d5 | -25.0 | 14/09/2020 | true | com.example.Transaction@4a67b4ec | 10/09/2020 |xx-7992 LTA E-SERVICE VRLS     SIN DEBIT PURCHASE |  | DEBIT PURCHASE | 
 | LTA | com.example.Transaction@3dd818e8 | -82.0 | 14/09/2020 | true | com.example.Transaction@10643593 | 10/09/2020 |xx-8024 LTA E-SERVICE VRLS     SIN DEBIT PURCHASE |  | DEBIT PURCHASE | 
 | LTA | com.example.Transaction@16c587de | -25.0 | 17/09/2020 | true | com.example.Transaction@f91da5e | 14/09/2020 |xx-7992 LTA E-SERVICE VRLS     SIN DEBIT PURCHASE |  | DEBIT PURCHASE | 
 | LTA | com.example.Transaction@4cdb8504 | -25.0 | 17/09/2020 | true | com.example.Transaction@eca6a74 | 14/09/2020 |xx-7992 LTA E-SERVICE VRLS     SIN DEBIT PURCHASE |  | DEBIT PURCHASE | 
 | LTA | com.example.Transaction@2af46afd | -64.0 | 18/09/2020 | true | com.example.Transaction@79fd6f95 | 15/09/2020 |xx-8024 LTA E-SERVICE VRLS     SIN DEBIT PURCHASE |  | DEBIT PURCHASE | 
 | LTA | com.example.Transaction@3a08078c | -57.0 | 21/09/2020 | true | com.example.Transaction@48840594 | 17/09/2020 |xx-7992 LTA E-SERVICE VRLS     SIN DEBIT PURCHASE |  | DEBIT PURCHASE | 
 | LTA | com.example.Transaction@53830483 | -25.0 | 21/09/2020 | true | com.example.Transaction@49c675f0 | 17/09/2020 |xx-7992 LTA E-SERVICE VRLS     SIN DEBIT PURCHASE |  | DEBIT PURCHASE | 
 | LTA | com.example.Transaction@4cfa8227 | -64.0 | 21/09/2020 | true | com.example.Transaction@14823f76 | 18/09/2020 |xx-8024 LTA E-SERVICE VRLS     SIN DEBIT PURCHASE |  | DEBIT PURCHASE | 
 | LTA | com.example.Transaction@5aaaa446 | -25.0 | 23/09/2020 | true | com.example.Transaction@6917bb4 | 19/09/2020 |xx-7992 LTA E-SERVICE VRLS     SIN DEBIT PURCHASE |  | DEBIT PURCHASE | 
 | LTA | com.example.Transaction@6c6333cd | -25.0 | 23/09/2020 | true | com.example.Transaction@6ed16657 | 19/09/2020 |xx-7992 LTA E-SERVICE VRLS     SIN DEBIT PURCHASE |  | DEBIT PURCHASE | 
 | LTA | com.example.Transaction@3e47a03 | -25.0 | 23/09/2020 | true | com.example.Transaction@1442f788 | 19/09/2020 |xx-7992 LTA E-SERVICE VRLS     SIN DEBIT PURCHASE |  | DEBIT PURCHASE | 
 | LTA | com.example.Transaction@7fd26ad8 | -25.0 | 24/09/2020 | true | com.example.Transaction@113e13f9 | 21/09/2020 |xx-7992 LTA E-SERVICE VRLS     SIN DEBIT PURCHASE |  | DEBIT PURCHASE | 
 | LTA | com.example.Transaction@d0865a3 | -64.0 | 25/09/2020 | true | com.example.Transaction@1c7f96b1 | 22/09/2020 |xx-8024 LTA E-SERVICE VRLS     SIN DEBIT PURCHASE |  | DEBIT PURCHASE | 
 | LTA | com.example.Transaction@2016f509 | -25.0 | 28/09/2020 | true | com.example.Transaction@7979b8b7 | 24/09/2020 |xx-7992 LTA E-SERVICE VRLS     SIN DEBIT PURCHASE |  | DEBIT PURCHASE | 
 | LTA | com.example.Transaction@6f1a80fb | -64.0 | 28/09/2020 | true | com.example.Transaction@7a04fea7 | 24/09/2020 |xx-8024 LTA E-SERVICE VRLS     SIN DEBIT PURCHASE |  | DEBIT PURCHASE | 
 | LTA | com.example.Transaction@78c1372d | -64.0 | 28/09/2020 | true | com.example.Transaction@1bc49bc5 | 25/09/2020 |xx-8024 LTA E-SERVICE VRLS     SIN DEBIT PURCHASE |  | DEBIT PURCHASE | 
 | LTA | com.example.Transaction@3b4d50b | -25.0 | 30/09/2020 | true | com.example.Transaction@7b6e5c12 | 26/09/2020 |xx-8024 LTA E-SERVICE VRLS     SIN DEBIT PURCHASE |  | DEBIT PURCHASE | 
 | LTA | com.example.Transaction@5b22d8a1 | -25.0 | 30/09/2020 | true | com.example.Transaction@4f66ffc8 | 26/09/2020 |xx-8024 LTA E-SERVICE VRLS     SIN DEBIT PURCHASE |  | DEBIT PURCHASE | 
&amp#27;[0m
]]></system-out>
  </testcase>
  <testcase name="expect_able_to_tell_which_records_on_array1_unable_to_reconcile" classname="com.example.tests.TestReconciliationTool" time="0.097">
    <system-out><![CDATA[{25/09/2020=-0.2, 24/09/2020=-0.4, 21/09/2020=-0.2, 07/09/2020=-0.6000000000000001, 22/09/2020=-0.2, 16/09/2020=-0.4, 15/09/2020=-0.2, 09/09/2020=-0.2, 08/09/2020=-0.2, 28/09/2020=-2.2, 14/09/2020=-0.2}
GIRO CHARGESTOTAL: -5.0
{19/09/2020=0.5}
CASH REBATETOTAL: 0.5

&amp#27;[46m ||||||||| SUMMARY OF RECORDS ||||||||| :::Bank Statement Pending Recon Count:21 of 570 | Reconciled: 96%&amp#27;[0m
&amp#27;[36m ||||||||| PRINTING RECORDS ||||||||| :::BANK STATEMENT records not found in COMPANY BOOKS Record Count: (21)
 | CHANNEL | Record Ref ID | Transaction Amount | Transaction Date | Reconciled? | Reconciled with Txn Ref ID | Transaction Description |
 | NETS -- NETS | com.example.Transaction@56dfab87 | 814.45 | 01/09/2020 | false |  | ATAN MOTOR | 11146097500 POS SETTLEMENT | 31/08/2020 | POS SETTLEMENT | 
 |  | com.example.Transaction@242b6e1a | 500.0 | 01/09/2020 | false |  | CHAN CHEE HONG | PAYMENT/TRANSFER LOAN CHAN CHEE HONG FBR2603D | LOAN | PAYMENT/TRANSFER | 
 | CHEQUE | com.example.Transaction@4052c8c2 | -7753.0 | 01/09/2020 | false |  | 186290 | CHQ186290 CHEQUE |  | CHEQUE | 
 | CHEQUE | com.example.Transaction@181b8c4b | -7753.0 | 01/09/2020 | false |  | 186291 | CHQ186291 CHEQUE |  | CHEQUE | 
 | LTA | com.example.Transaction@1dc3502b | -25.0 | 02/09/2020 | false |  | 29/08/2020 |xx-7992 LTA E-SERVICE VRLS     SIN DEBIT PURCHASE |  | DEBIT PURCHASE | 
 | CHEQUE | com.example.Transaction@38eb0f4d | -10683.0 | 02/09/2020 | false |  | 186289 | CHQ186289 CHEQUE |  | CHEQUE | 
 | NETS -- NETS | com.example.Transaction@25aeb5ac | 611.71 | 03/09/2020 | false |  | ATAN MOTOR | 11146097500 POS SETTLEMENT | 02/09/2020 | POS SETTLEMENT | 
 | LTA | com.example.Transaction@c755b2 | -25.0 | 03/09/2020 | false |  | 31/08/2020 |xx-7992 LTA E-SERVICE VRLS     SIN DEBIT PURCHASE |  | DEBIT PURCHASE | 
 | LTA | com.example.Transaction@3bd2af5b | -25.0 | 03/09/2020 | false |  | 31/08/2020 |xx-7992 LTA E-SERVICE VRLS     SIN DEBIT PURCHASE |  | DEBIT PURCHASE | 
 |  | com.example.Transaction@32130e61 | 273.7 | 05/09/2020 | false |  | MUHD HADI BIN HALI | PAYMENT/TRANSFER OTHR S$ MUHD HADI BIN HALI via PayNow: FBL193P | OTHR S$ | PAYMENT/TRANSFER | 
 |  | com.example.Transaction@66b59b7d | 700.0 | 10/09/2020 | false |  | MUHAMMAD RAQIB BIN | PAYMENT/TRANSFER OTHR MUHAMMAD RAQIB BIN FBP1371P | OTHR | PAYMENT/TRANSFER | 
 |  | com.example.Transaction@53311681 | 2.4 | 10/09/2020 | false |  | MUHAMMAD RAQIB BIN | PAYMENT/TRANSFER OTHR MUHAMMAD RAQIB BIN fbp1371p | OTHR | PAYMENT/TRANSFER | 
 | CHEQUE | com.example.Transaction@984169e | -994.55 | 11/09/2020 | false |  | 186371 | CHQ186371 CHEQUE |  | CHEQUE | 
 | CHEQUE | com.example.Transaction@4b0f2299 | -170.0 | 21/09/2020 | false |  | 186370 | CHQ186370 CHEQUE |  | CHEQUE | 
 |  | com.example.Transaction@69923ac3 | -72.4 | 25/09/2020 | false |  | SP SERVICES LTD | GIRO Collection 8903495888 IBG GIRO | COLL 8903495888 | IBG GIRO | 
 |  | com.example.Transaction@1f1ff879 | -36.88 | 25/09/2020 | false |  | SP SERVICES LTD | GIRO Collection 8902370199 IBG GIRO | COLL 8902370199 | IBG GIRO | 
 |  | com.example.Transaction@63d4f0a2 | 260.0 | 28/09/2020 | false |  | NORIDAH BINTE OTHMA | SI               FBP1819R IBG GIRO | OTHR | IBG GIRO | 
 | CHEQUE | com.example.Transaction@33956d1a | -110.28 | 28/09/2020 | false |  | 186362 | CHQ186362 CHEQUE |  | CHEQUE | 
 |  | com.example.Transaction@4784efd9 | 340.0 | 29/09/2020 | false |  |  | CASH DEPOSIT     CDM |  | CASH DEPOSIT     CDM | 
 |  | com.example.Transaction@79c5460e | -57.99 | 30/09/2020 | false |  | Singapore Telecommu | 68472174 IBG GIRO | COLL 68472174 | IBG GIRO | 
 |  | com.example.Transaction@7d904ff1 | -421.27 | 30/09/2020 | false |  | Singapore Telecommu | 11538363 IBG GIRO | COLL 11538363 | IBG GIRO | 
&amp#27;[0m

&amp#27;[46m ||||||||| SUMMARY OF RECORDS ||||||||| :::Company unrecorded pending  Count:32 of 634 | Reconciled: 94%&amp#27;[0m
&amp#27;[36m ||||||||| PRINTING RECORDS ||||||||| :::COMPANY BOOKS records not found in BANK STATEMENT Record Count: (32)
 | CHANNEL | Record Ref ID | Transaction Amount | Transaction Date | Reconciled? | Reconciled with Txn Ref ID | Transaction Description |
 |  | com.example.Transaction@176555c | 250.0 | 01/09/2020 | false |  | IBANKING -- IBANKING -- FBR1497A-001 : 006~006 IN | 
 |  | com.example.Transaction@7c781c42 | 250.0 | 01/09/2020 | false |  | PAYNOW -- PAYNOW -- FBJ6122R-002 : 009~009 IN | 
 | NETS -- NETS | com.example.Transaction@795f8317 | 172.2 | 02/09/2020 | false |  | NETS -- NETS -- FBH7669J : JO202009-0001 | 
 | NETS -- NETS | com.example.Transaction@633fd91 | 50.0 | 02/09/2020 | false |  | NETS -- NETS -- FBQ0586M : JO201908-0019 | 
 | NETS -- NETS | com.example.Transaction@355c94be | 236.5 | 02/09/2020 | false |  | NETS -- NETS -- FBF2978K : JO202008-0001 | 
 | NETS -- NETS | com.example.Transaction@97a145b | 143.38 | 02/09/2020 | false |  | NETS -- NETS -- FBK4188J : JO202009-0002 | 
 |  | com.example.Transaction@c386958 | 10.7 | 05/09/2020 | false |  | PAYNOW -- PAYNOW -- FBL0193P : JO201611-0027 | 
 |  | com.example.Transaction@157ec23b | 263.0 | 05/09/2020 | false |  | PAYNOW -- PAYNOW -- FBL0193P-001 : 052~052 IN | 
 |  | com.example.Transaction@44d64d4e | -6468.23 | 07/09/2020 | false |  | P201001:OCBC -- P201001:OCBC -- JULY 2020 | 
 |  | com.example.Transaction@1dd74143 | 702.4 | 10/09/2020 | false |  | IBANKING -- IBANKING -- FBP1371P-001 : 020~022 IN | 
 |  | com.example.Transaction@526a9908 | -3970.17 | 14/09/2020 | false |  | P201007:OCBC -- P201007:OCBC -- AUGUST 2020 | 
 |  | com.example.Transaction@3166f664 | -2916.69 | 23/09/2020 | false |  | 186302:OCBC -- 186302:OCBC -- FBM3142L FBG5928E FW7324C | 
 |  | com.example.Transaction@47ac613b | -109.28 | 25/09/2020 | false |  | GIRO:OCBC -- GIRO:OCBC -- SEP 2020 UTILITIES | 
 |  | com.example.Transaction@60d6fdd4 | -25.0 | 28/09/2020 | false |  | AS:OCBC -- AS:OCBC -- FBE9214R OWNER TO ATAN | 
 |  | com.example.Transaction@66f28a1f | -25.0 | 28/09/2020 | false |  | AS:OCBC -- AS:OCBC -- FBB7712Z OWNER TO ATAN | 
 |  | com.example.Transaction@60a19573 | -25.0 | 28/09/2020 | false |  | AS:OCBC -- AS:OCBC -- FBR7428K ATAN TO OWNER | 
 |  | com.example.Transaction@44a085e5 | -25.0 | 29/09/2020 | false |  | AS:OCBC -- AS:OCBC -- FBQ203T ATAN TO OWNER | 
 |  | com.example.Transaction@134ff8f8 | 240.0 | 29/09/2020 | false |  | IBANKING -- IBANKING -- FY9021C-002 : 030~030 INS | 
 |  | com.example.Transaction@619f2afc | 100.0 | 29/09/2020 | false |  | IBANKING -- IBANKING -- FBL0679E-002 : 026~000 IN | 
 |  | com.example.Transaction@df921b1 | -64.0 | 30/09/2020 | false |  | JK:OCBC -- JK:OCBC -- FBK5363M R/T 1 YR | 
 |  | com.example.Transaction@4db60246 | -2931.98 | 30/09/2020 | false |  | 186304:OCBC -- 186304:OCBC -- FBK5878U FBF6924P FBG650 | 
 |  | com.example.Transaction@2152ab30 | -800.0 | 30/09/2020 | false |  | 186164:OCBC -- 186164:OCBC -- FBK5878U COMMISSION | 
 |  | com.example.Transaction@3902bd2c | -4.5 | 30/09/2020 | false |  | GIRO:OCBC -- GIRO:OCBC -- SEP 2020 BANK CHARGES | 
 |  | com.example.Transaction@7d32e714 | -479.26 | 30/09/2020 | false |  | GIRO:OCBC -- GIRO:OCBC -- SEP 2020 TEL CHARGES | 
 | NETS -- NETS | com.example.Transaction@eb6ec6 | 23.55 | 30/09/2020 | false |  | NETS -- NETS -- FBA7731Z : JO202007-0028 | 
 | NETS -- NETS | com.example.Transaction@34d45ec0 | 16.0 | 30/09/2020 | false |  | NETS -- NETS -- FBQ0203T : JO201907-0028 | 
 | NETS -- NETS | com.example.Transaction@18137eab | 30.0 | 30/09/2020 | false |  | NETS -- NETS -- FBM9426D : JO202006-0007 | 
 | NETS -- NETS | com.example.Transaction@727320fa | 24.6 | 30/09/2020 | false |  | NETS -- NETS -- FBH0172X : JO201504-0038 | 
 | NETS -- NETS | com.example.Transaction@2935fd2c | 62.1 | 30/09/2020 | false |  | NETS -- NETS -- FBH2745E : JO201801-0020 | 
 | NETS -- NETS | com.example.Transaction@3f018494 | 345.7 | 30/09/2020 | false |  | NETS -- NETS -- FBH1782D : JO202006-0013 | 
 |  | com.example.Transaction@3ce443f9 | 250.0 | 30/09/2020 | false |  | PAYNOW -- PAYNOW -- FBJ6122R-002 : 010~010 IN | 
 |  | com.example.Transaction@57fbc06f | 286.0 | 30/09/2020 | false |  | PAYNOW -- PAYNOW -- FBP2680R-001 : 019~019 IN | 
&amp#27;[0m
]]></system-out>
  </testcase>
  <testcase name="expect_reconciliation_is_for_two_set_of_records" classname="com.example.tests.TestReconciliationTool" time="0.001"/>
  <testcase name="expect_able_to_pass_in_bankrecords_and_companyrecords" classname="com.example.tests.TestReconciliationTool" time="0.001"/>
</testsuite>